[2015.09.12-13.57.52:959][  0]Log file open, 09/12/15 09:57:52
[2015.09.12-13.57.52:959][  0]LogInit:Display: Running engine for game: UnrealProject
[2015.09.12-13.57.52:963][  0]LogInit:Display: RandInit(-918430838) SRandInit(-918430837).
[2015.09.12-13.57.52:963][  0]LogTaskGraph: Started task graph with 4 named threads and 7 total threads.
[2015.09.12-13.57.52:963][  0]LogStats: Stats thread started at 0.150445
[2015.09.12-13.57.52:963][  0]LogInit: Version: 4.9.0-0+++depot+UE4-Releases+4.9
[2015.09.12-13.57.52:963][  0]LogInit: API Version: 0
[2015.09.12-13.57.52:963][  0]LogInit: Compiled (64-bit): Sep 11 2015 20:07:13
[2015.09.12-13.57.52:963][  0]LogInit: Compiled with Visual C++: 18.00.21005.01
[2015.09.12-13.57.52:963][  0]LogInit: Build Configuration: Development
[2015.09.12-13.57.52:963][  0]LogInit: Branch Name: ++depot+UE4-Releases+4.9
[2015.09.12-13.57.52:963][  0]LogInit: Command line: 
[2015.09.12-13.57.52:963][  0]LogInit: Base directory: C:/Program Files/Epic Games/UnrealEngine/Engine/Binaries/Win64/
[2015.09.12-13.57.52:963][  0]LogInit: Rocket: 0
[2015.09.12-13.57.52:991][  0]LogInit: Using libcurl 7.41.0
[2015.09.12-13.57.52:991][  0]LogInit:  - built for x86_64-pc-win32
[2015.09.12-13.57.52:991][  0]LogInit:  - supports SSL with WinSSL
[2015.09.12-13.57.52:995][  0]LogInit:  - other features:
[2015.09.12-13.57.52:995][  0]LogInit:      CURL_VERSION_SSL
[2015.09.12-13.57.52:995][  0]LogInit:      CURL_VERSION_IPV6
[2015.09.12-13.57.52:995][  0]LogInit:      CURL_VERSION_ASYNCHDNS
[2015.09.12-13.57.52:995][  0]LogInit:      CURL_VERSION_LARGEFILE
[2015.09.12-13.57.52:995][  0]LogInit:      CURL_VERSION_IDN
[2015.09.12-13.57.52:995][  0]LogInit:  CurlRequestOptions (configurable via config and command line):
[2015.09.12-13.57.52:995][  0]LogInit:  - bVerifyPeer = true  - Libcurl will verify peer certificate
[2015.09.12-13.57.52:995][  0]LogInit:  - bUseHttpProxy = false  - Libcurl will NOT use HTTP proxy
[2015.09.12-13.57.52:995][  0]LogInit:  - bDontReuseConnections = false  - Libcurl will reuse connections
[2015.09.12-13.57.52:995][  0]LogInit:  - CertBundlePath = nullptr  - Libcurl will use whatever was configured at build time.
[2015.09.12-13.57.53:023][  0]LogInit: Presizing for 0 objects not considered by GC, pre-allocating 0 bytes.
[2015.09.12-13.57.53:031][  0]LogInit: Object subsystem initialized
[2015.09.12-13.57.53:035][  0]LogInit: Selected Device Profile: [Windows]
[2015.09.12-13.57.53:035][  0]LogInit: Applying CVar settings loaded from the selected device profile: [Windows]
[2015.09.12-13.57.53:047][  0]LogInit: Computer: EXAYDX
[2015.09.12-13.57.53:047][  0]LogInit: User: Myriam
[2015.09.12-13.57.53:047][  0]LogInit: CPU Page size=4096, Cores=4
[2015.09.12-13.57.53:048][  0]LogInit: High frequency timer resolution =2.143486 MHz
[2015.09.12-13.57.53:048][  0]LogMemory: Memory total: Physical=15.9GB (16GB approx)
[2015.09.12-13.57.53:048][  0]LogMemory: Platform Memory Stats for Windows
[2015.09.12-13.57.53:049][  0]LogMemory: Process Physical Memory: 52.32 MB used, 52.32 MB peak
[2015.09.12-13.57.53:049][  0]LogMemory: Process Virtual Memory: 58.20 MB used, 58.20 MB peak
[2015.09.12-13.57.53:049][  0]LogMemory: Physical Memory: 8036.44 MB used, 16287.06 MB total
[2015.09.12-13.57.53:049][  0]LogMemory: Virtual Memory: 358.51 MB used, 134217728.00 MB total
[2015.09.12-13.57.53:901][  0]LogTextLocalizationManager: No specific translations for ('en-CA') exist, so ('en') translations will be used.
[2015.09.12-13.57.54:597][  0]LogD3D11RHI: Found D3D11 adapter 0: NVIDIA GeForce GT 750M      (Feature Level 11_0)
[2015.09.12-13.57.54:597][  0]LogD3D11RHI: Adapter has 1988MB of dedicated video memory, 0MB of dedicated system memory, and 2048MB of shared system memory, 1 output[s]
[2015.09.12-13.57.54:615][  0]LogD3D11RHI: Found D3D11 adapter 1: Intel(R) HD Graphics 4600 (Feature Level 11_0)
[2015.09.12-13.57.54:616][  0]LogD3D11RHI: Adapter has 0MB of dedicated video memory, 0MB of dedicated system memory, and 1792MB of shared system memory, 0 output[s]
[2015.09.12-13.57.54:621][  0]LogD3D11RHI: Found D3D11 adapter 2: Microsoft Basic Render Driver (Feature Level 11_0)
[2015.09.12-13.57.54:621][  0]LogD3D11RHI: Adapter has 0MB of dedicated video memory, 0MB of dedicated system memory, and 256MB of shared system memory, 0 output[s]
[2015.09.12-13.57.54:622][  0]LogD3D11RHI: Chosen D3D11 Adapter Id = 0
[2015.09.12-13.57.54:630][  0]LogD3D11RHI: !Direct3DDevice
[2015.09.12-13.57.54:630][  0]LogRHI: Texture pool is 1361 MB (70% of 1945 MB)
[2015.09.12-13.57.54:695][  0]LogD3D11RHI: Async texture creation enabled
[2015.09.12-13.57.54:714][  0]LogShaderCompilers: Guid format shader working directory is 14 characters bigger than the processId version (../../../../../../Users/Myriam/Documents/Unreal Projects/UnrealProject/Intermediate/Shaders/WorkingDirectory/11328/).
[2015.09.12-13.57.54:715][  0]LogShaderCompilers: Cleaned the shader compiler working directory '../../../../../../Users/Myriam/Documents/Unreal Projects/UnrealProject/Intermediate/Shaders/tmp/8608B3AA467A3C7418AE9E9AE3FC4249/'.
[2015.09.12-13.57.54:715][  0]LogShaderCompilers:Display: Using Local Shader Compiler.
[2015.09.12-13.57.55:901][  0]LogTemp:Display: Loaded TP AllDesktopTargetPlatform
[2015.09.12-13.57.55:916][  0]LogTemp:Display: Loaded TP WindowsClientTargetPlatform
[2015.09.12-13.57.55:931][  0]LogTemp:Display: Loaded TP WindowsNoEditorTargetPlatform
[2015.09.12-13.57.55:946][  0]LogTemp:Display: Loaded TP WindowsServerTargetPlatform
[2015.09.12-13.57.55:962][  0]LogTemp:Display: Loaded TP WindowsTargetPlatform
[2015.09.12-13.57.55:976][  0]LogTemp:Display: Loaded TP AndroidTargetPlatform
[2015.09.12-13.57.55:990][  0]LogTemp:Display: Loaded TP Android_ASTCTargetPlatform
[2015.09.12-13.57.56:004][  0]LogTemp:Display: Loaded TP Android_ATCTargetPlatform
[2015.09.12-13.57.56:018][  0]LogTemp:Display: Loaded TP Android_DXTTargetPlatform
[2015.09.12-13.57.56:034][  0]LogTemp:Display: Loaded TP Android_ETC1TargetPlatform
[2015.09.12-13.57.56:047][  0]LogTemp:Display: Loaded TP Android_ETC2TargetPlatform
[2015.09.12-13.57.56:061][  0]LogTemp:Display: Loaded TP Android_PVRTCTargetPlatform
[2015.09.12-13.57.56:072][  0]LogTemp:Display: Loaded TP HTML5TargetPlatform
[2015.09.12-13.57.56:112][  0]LogTemp:Display: Loaded TP IOSTargetPlatform
[2015.09.12-13.57.56:112][  0]LogTargetPlatformManager:Display: Building Assets For Windows
[2015.09.12-13.57.56:311][  0]LogDerivedDataCache:Display: Max Cache Size: 512 MB
[2015.09.12-13.57.56:356][  0]LogDerivedDataCache: Loaded boot cache 0.04s 41MB ../../../../../../Users/Myriam/Documents/Unreal Projects/UnrealProject/DerivedDataCache/Boot.ddc.
[2015.09.12-13.57.56:356][  0]LogDerivedDataCache:Display: Loaded Boot cache: ../../../../../../Users/Myriam/Documents/Unreal Projects/UnrealProject/DerivedDataCache/Boot.ddc
[2015.09.12-13.57.56:357][  0]LogDerivedDataCache: FDerivedDataBackendGraph:  Pak pak cache file ../../../../../../Users/Myriam/Documents/Unreal Projects/UnrealProject/DerivedDataCache/DDC.ddp not found, will not use a pak cache.
[2015.09.12-13.57.56:357][  0]LogDerivedDataCache: Unable to find inner node Pak for hierarchical cache Hierarchy.
[2015.09.12-13.57.56:357][  0]LogDerivedDataCache: FDerivedDataBackendGraph:  EnginePak pak cache file ../../../Engine/DerivedDataCache/DDC.ddp not found, will not use a pak cache.
[2015.09.12-13.57.56:357][  0]LogDerivedDataCache: Unable to find inner node EnginePak for hierarchical cache Hierarchy.
[2015.09.12-13.57.56:371][  0]LogDerivedDataCache: Using Local data cache path ../../../Engine/DerivedDataCache: Writable
[2015.09.12-13.57.56:371][  0]LogDerivedDataCache: Shared data cache path not found in *engine.ini, will not use an Shared cache.
[2015.09.12-13.57.56:371][  0]LogDerivedDataCache: Unable to find inner node Shared for hierarchical cache Hierarchy.
[2015.09.12-13.57.56:569][  0]LogInit: Selected Device Profile: [Windows]
[2015.09.12-13.57.56:573][  0]LogContentStreaming: Texture pool size is 0.000000MB
[2015.09.12-13.57.56:721][  0]LogMeshUtilities: No automatic mesh reduction module available
[2015.09.12-13.57.56:721][  0]LogMeshUtilities: No automatic mesh merging module available
[2015.09.12-13.57.57:031][  0]LogInit: WinSock: version 1.1 (2.2), MaxSocks=32767, MaxUdp=65467
[2015.09.12-13.57.58:162][  0]UdpMessaging: Initializing bridge on interface 0.0.0.0:0 to multicast group 230.0.0.1:6666.
[2015.09.12-13.57.58:355][  0]LogAssetRegistry: FAssetRegistry took 0.0117 seconds to start up
[2015.09.12-13.57.58:697][  0]SourceControl: Info Source control is disabled
[2015.09.12-13.57.58:710][  0]SourceControl: Info Source control is disabled
[2015.09.12-13.57.58:735][  0]SourceControl: Info Source control is disabled
[2015.09.12-13.57.58:766][  0]SourceControl: Info Source control is disabled
[2015.09.12-13.57.59:282][  0]LogObj: 28439 objects as part of root set at end of initial load.
[2015.09.12-13.57.59:283][  0]LogUObjectAllocator: 6059376 out of 0 bytes used by permanent object pool.
[2015.09.12-13.57.59:367][  0]LogEngine: Initializing Engine...
[2015.09.12-13.57.59:371][  0]LogHMD: Can't find Oculus library dev build: is proper Runtime installed? Version: 0.6.0.0
[2015.09.12-13.57.59:378][  0]LogHMD: SteamVR failed to initialize.  Err: 110
[2015.09.12-13.57.59:524][  0]LogAIModule: Creating AISystem for world NewWorld
[2015.09.12-13.57.59:533][  0]LogInit: XAudio2 using 'Speakers (Realtek High Definition Audio)' : 2 channels at 48 kHz using 16 bits per sample (channel mask 0x3)
[2015.09.12-13.57.59:923][  0]LogInit: FAudioDevice initialized.
[2015.09.12-13.57.59:948][  0]LogDerivedDataCache: Saved boot cache 0.02s 41MB ../../../../../../Users/Myriam/Documents/Unreal Projects/UnrealProject/DerivedDataCache/Boot.ddc.
[2015.09.12-13.57.59:957][  0]LogInit: Texture streaming: Enabled
[2015.09.12-13.57.59:973][  0]LogAnalytics: Creating configured Analytics provider AnalyticsET
[2015.09.12-13.57.59:974][  0]LogAnalytics: [UEEditor.UnrealEngine.Release] APIServer = http://etsource.epicgames.com/ET2/. AppVersion = 4.9.0-0+++depot+UE4-Releases+4.9
[2015.09.12-13.57.59:974][  0]LogAnalytics: [UEEditor.UnrealEngine.Release] SetUserId b937c8bb44ffd6bca5db4cb087d12289|ae6541680da5494ea73e1894fa969d0a|ef05c746-df3b-4785-b67c-17687807354f
[2015.09.12-13.57.59:975][  0]LogAnalytics: [UEEditor.UnrealEngine.Release] AnalyticsET::StartSession
[2015.09.12-13.57.59:994][  0]LogInit: Transaction tracking system initialized
[2015.09.12-13.58.00:079][  0]BlueprintLog: New page: Editor Load
[2015.09.12-13.58.00:404][  0]LocalizationService: Info Localization service is disabled
[2015.09.12-13.58.00:621][  0]LogConsoleResponse:Display: 
[2015.09.12-13.58.00:762][  0]LogCook:Display: Done creating registry. It took  0.00s.
[2015.09.12-13.58.00:941][  0]LogFileCache: Scanning file cache for directory 'C:/Users/Myriam/Documents/Unreal Projects/UnrealProject/Content/' took 0.02s
[2015.09.12-13.58.00:942][  0]SourceControl: Info Source control is disabled
[2015.09.12-13.58.00:942][  0]Cmd: MAP LOAD FILE="../../../../../../Users/Myriam/Documents/Unreal Projects/UnrealProject/Content/StarterContent/Maps/Minimal_Default.umap" TEMPLATE=0 SHOWPROGRESS=1 FEATURELEVEL=3
[2015.09.12-13.58.00:943][  0]LightingResults: New page: Lighting Build
[2015.09.12-13.58.00:946][  0]MapCheck: New page: Map Check
[2015.09.12-13.58.00:947][  0]LightingResults: New page: Lighting Build
[2015.09.12-13.58.00:962][  0]LogParticles: Destroying 0 GPU particle simulations for FXSystem 0x000000E5A8251620
[2015.09.12-13.58.01:236][  0]LogAIModule: Creating AISystem for world Minimal_Default
[2015.09.12-13.58.01:242][  0]LogEditorServer: Finished looking for orphan Actors (0.000 secs)
[2015.09.12-13.58.01:243][  0]Cmd: MAP CHECKDEP NOCLEARLOG
[2015.09.12-13.58.01:375][  0]MapCheck: Info Map check complete: 0 Error(s), 0 Warning(s), took 131.997ms to complete.
[2015.09.12-13.58.01:376][  0]LogFileHelpers: Loading map 'Minimal_Default' took 0.434
[2015.09.12-13.58.01:523][  0]LogCollectionManager: Loaded 0 collections in 0.002589 seconds
[2015.09.12-13.58.01:577][  0]LogFileCache: Scanning file cache for directory 'C:/Users/Myriam/Documents/Unreal Projects/UnrealProject/Saved/Collections/' took 0.01s
[2015.09.12-13.58.01:578][  0]LogFileCache: Scanning file cache for directory 'C:/Users/Myriam/Documents/Unreal Projects/UnrealProject/Content/Developers/Myriam/Collections/' took 0.01s
[2015.09.12-13.58.01:578][  0]LogFileCache: Scanning file cache for directory 'C:/Users/Myriam/Documents/Unreal Projects/UnrealProject/Content/Collections/' took 0.01s
[2015.09.12-13.58.01:579][  0]LogContentBrowser: Native class hierarchy populated in 0.0111 seconds. Added 1871 classes and 336 folders.
[2015.09.12-13.58.01:585][  0]LogCollectionManager: Rebuilt the GUID cache for 0 collections in 0.000003 seconds
[2015.09.12-13.58.01:597][  0]LogContentBrowser: Native class hierarchy updated for 'WidgetCarousel' in 0.0047 seconds. Added 0 classes and 0 folders.
[2015.09.12-13.58.01:717][  0]LogContentBrowser: Native class hierarchy updated for 'AddContentDialog' in 0.0026 seconds. Added 0 classes and 0 folders.
[2015.09.12-13.58.01:738][  0]LogContentBrowser: Native class hierarchy updated for 'SceneOutliner' in 0.0029 seconds. Added 1 classes and 2 folders.
[2015.09.12-13.58.01:775][  0]LogCrashTracker: Crashtracker disabled due to settings.
[2015.09.12-13.58.01:785][  0]LogUObjectGlobals:Warning: Failed to find object 'Class None.'
[2015.09.12-13.58.01:811][  0]LogLoad: Full Startup: 10.43 seconds (BP compile: 0.04 seconds)
[2015.09.12-13.58.01:822][  0]LogWindowsTextInputMethodSystem:Display: IME system now deactivated.
[2015.09.12-13.58.01:823][  0]LogWindowsTextInputMethodSystem:Display: IME system now deactivated.
[2015.09.12-13.58.01:873][  0]LogContentStreaming: Texture pool size now 1000 MB
[2015.09.12-13.58.02:037][  0]LogRenderer: Reallocating scene render targets to support 1004x460 (Frame:2).
[2015.09.12-13.58.02:594][  3]LogAssetRegistry: Asset discovery search completed in 4.2510 seconds
[2015.09.12-13.58.02:596][  3]LogCollectionManager: Rebuilt the object cache for 0 collections in 0.000001 seconds (found 0 objects)
[2015.09.12-13.58.02:597][  3]LogCollectionManager: Fixed up redirectors for 0 collections in 0.000923 seconds (updated 0 objects)
[2015.09.12-13.58.25:948][285]LogEditorViewport: Clicking on Actor (LMB): StaticMeshActor (Sphere)
[2015.09.12-13.59.53:828][191]LogSavePackage: Save=561.500732ms
[2015.09.12-13.59.53:829][191]LogSavePackage: Moving '../../../../../../Users/Myriam/Documents/Unreal Projects/UnrealProject/Saved/Minimal_Default05A030474FB8D8F505321295C36105A2.tmp' to '../../../../../../Users/Myriam/Documents/Unreal Projects/UnrealProject/Content/StarterContent/Maps/Minimal_Default.umap'
[2015.09.12-13.59.53:837][191]LogSavePackage: Total save time: 577.201810ms
[2015.09.12-13.59.53:838][191]LogSavePackage:Warning: Finished SavePackage ../../../../../../Users/Myriam/Documents/Unreal Projects/UnrealProject/Content/StarterContent/Maps/Minimal_Default.umap
[2015.09.12-13.59.57:939][502]Running C:/Program Files/Epic Games/UnrealEngine/Engine/Binaries/DotNET/UnrealBuildTool.exe  -projectfiles -project="C:/Users/Myriam/Documents/Unreal Projects/UnrealProject/UnrealProject.uproject" -game -engine -progress
[2015.09.12-13.59.58:344][502]Discovering modules, targets and source code for game...
[2015.09.12-14.01.14:134][101]LogEditorViewport: Clicking on Component (LMB): StaticMeshComponent (StaticMeshComponent0)
[2015.09.12-14.12.32:066][116]LogWindows: LaunchURL http://docs.unrealengine.com/latest/INT/Engine/Rendering/Materials/Functions/index.html?utm_source=editor&utm_medium=docs&utm_campaign=doc_anchors
[2015.09.12-14.20.33:228][734]Running C:/Program Files/Epic Games/UnrealEngine/Engine/Binaries/DotNET/UnrealBuildTool.exe UnrealProject Win64 Development -editorrecompile "C:/Users/Myriam/Documents/Unreal Projects/UnrealProject/UnrealProject.uproject" -invalidatemakefilesonly
[2015.09.12-14.20.33:632][734]Invalidating makefiles only in this run.
[2015.09.12-14.20.33:792][734]Recompiling UnrealProject...
[2015.09.12-14.20.33:793][734]Building UnrealBuildTool...
[2015.09.12-14.20.33:793][734]Building UnrealBuildTool in C:/Program Files/Epic Games/UnrealEngine/...
[2015.09.12-14.20.33:798][734]Running: C:\Windows\system32\cmd.exe /c "C:\Program Files\Epic Games\UnrealEngine\Engine\Intermediate\Build\UnrealBuildTool\BuildUBT.bat"
[2015.09.12-14.20.35:228][734]Launching UnrealBuildTool... [C:/Program Files/Epic Games/UnrealEngine/Engine/Binaries/DotNET/UnrealBuildTool.exe UnrealProject -ModuleWithSuffix UnrealProject 3647 Win64 Development -editorrecompile -canskiplink "C:/Users/Myriam/Documents/Unreal Projects/UnrealProject/UnrealProject.uproject" ]
[2015.09.12-14.21.36:980][734]CompilerResultsLog: New page: Compilation - Sep 12, 2015, 6:21:36 AM
[2015.09.12-14.21.36:984][734]CompilerResultsLog: Info Creating makefile for hot reloading UnrealProject (no existing makefile)
[2015.09.12-14.21.36:984][734]CompilerResultsLog: Info Compiling game modules for hot reload
[2015.09.12-14.21.36:984][734]CompilerResultsLog: Info Building UnrealHeaderTool...
[2015.09.12-14.21.36:984][734]CompilerResultsLog: Info Creating makefile for UnrealHeaderTool (project files are newer)
[2015.09.12-14.21.36:985][734]CompilerResultsLog: Info Target is up to date.
[2015.09.12-14.21.36:985][734]CompilerResultsLog: Info Parsing headers for UnrealProjectEditor
[2015.09.12-14.21.36:985][734]CompilerResultsLog: Info   Running UnrealHeaderTool "C:/Users/Myriam/Documents/Unreal Projects/UnrealProject/UnrealProject.uproject" "C:\Users\Myriam\Documents\Unreal Projects\UnrealProject\Intermediate\Build\Win64\UnrealProjectEditor\Development\UnrealHeaderTool.manifest" -LogCmds="loginit warning, logexit warning, logdatabase error"
[2015.09.12-14.21.36:985][734]CompilerResultsLog: Info Reflection code generated for UnrealProjectEditor in 9.1590586 seconds
[2015.09.12-14.21.36:986][734]CompilerResultsLog: Info Performing 8 actions (4 in parallel)
[2015.09.12-14.21.36:986][734]CompilerResultsLog: Info [2/8] Resource PCLaunch.rc
[2015.09.12-14.21.36:986][734]CompilerResultsLog: Info [3/8] Resource ModuleVersionResource.rc.inl
[2015.09.12-14.21.36:987][734]CompilerResultsLog: Info PCH.UnrealProject.h.cpp
[2015.09.12-14.21.36:987][734]CompilerResultsLog: Info UnrealProjectGameMode.cpp
[2015.09.12-14.21.36:987][734]CompilerResultsLog: Info PhongShading.cpp
[2015.09.12-14.21.36:987][734]CompilerResultsLog: Info UnrealProject.cpp
[2015.09.12-14.21.36:987][734]CompilerResultsLog: Info UnrealProject.generated.cpp
[2015.09.12-14.21.36:988][734]CompilerResultsLog: Info [8/8] Link UE4Editor-UnrealProject-3647.dll
[2015.09.12-14.21.36:988][734]CompilerResultsLog: Info    Creating library C:\Users\Myriam\Documents\Unreal Projects\UnrealProject\Intermediate/Build/Win64\UE4Editor\Development\UE4Editor-UnrealProject-3647.lib and object C:\Users\Myriam\Documents\Unreal Projects\UnrealProject\Intermediate/Build/Win64\UE4Editor\Development\UE4Editor-UnrealProject-3647.exp
[2015.09.12-14.21.36:988][734]CompilerResultsLog:Error: Error PhongShading.cpp.obj : error LNK2001: unresolved external symbol "public: virtual void __cdecl UMaterialFunction::PostEditChangeProperty(struct FPropertyChangedEvent &)" (?PostEditChangeProperty@UMaterialFunction@@UEAAXAEAUFPropertyChangedEvent@@@Z)
[2015.09.12-14.21.36:988][734]CompilerResultsLog:Error: Error UnrealProject.generated.cpp.obj : error LNK2001: unresolved external symbol "public: virtual void __cdecl UMaterialFunction::PostEditChangeProperty(struct FPropertyChangedEvent &)" (?PostEditChangeProperty@UMaterialFunction@@UEAAXAEAUFPropertyChangedEvent@@@Z)
[2015.09.12-14.21.36:989][734]CompilerResultsLog:Error: Error PhongShading.cpp.obj : error LNK2001: unresolved external symbol "public: virtual void __cdecl UMaterialFunction::Serialize(class FArchive &)" (?Serialize@UMaterialFunction@@UEAAXAEAVFArchive@@@Z)
[2015.09.12-14.21.36:989][734]CompilerResultsLog:Error: Error UnrealProject.generated.cpp.obj : error LNK2001: unresolved external symbol "public: virtual void __cdecl UMaterialFunction::Serialize(class FArchive &)" (?Serialize@UMaterialFunction@@UEAAXAEAVFArchive@@@Z)
[2015.09.12-14.21.36:989][734]CompilerResultsLog:Error: Error PhongShading.cpp.obj : error LNK2001: unresolved external symbol "public: virtual void __cdecl UMaterialFunction::PostLoad(void)" (?PostLoad@UMaterialFunction@@UEAAXXZ)
[2015.09.12-14.21.36:990][734]CompilerResultsLog:Error: Error UnrealProject.generated.cpp.obj : error LNK2001: unresolved external symbol "public: virtual void __cdecl UMaterialFunction::PostLoad(void)" (?PostLoad@UMaterialFunction@@UEAAXXZ)
[2015.09.12-14.21.36:990][734]CompilerResultsLog:Error: Error PhongShading.cpp.obj : error LNK2001: unresolved external symbol "public: virtual void __cdecl UMaterialFunction::GetAssetRegistryTags(class TArray<struct UObject::FAssetRegistryTag,class FDefaultAllocator> &)const " (?GetAssetRegistryTags@UMaterialFunction@@UEBAXAEAV?$TArray@UFAssetRegistryTag@UObject@@VFDefaultAllocator@@@@@Z)
[2015.09.12-14.21.36:990][734]CompilerResultsLog:Error: Error UnrealProject.generated.cpp.obj : error LNK2001: unresolved external symbol "public: virtual void __cdecl UMaterialFunction::GetAssetRegistryTags(class TArray<struct UObject::FAssetRegistryTag,class FDefaultAllocator> &)const " (?GetAssetRegistryTags@UMaterialFunction@@UEBAXAEAV?$TArray@UFAssetRegistryTag@UObject@@VFDefaultAllocator@@@@@Z)
[2015.09.12-14.21.36:990][734]CompilerResultsLog:Error: Error C:\Users\Myriam\Documents\Unreal Projects\UnrealProject\Binaries\Win64\UE4Editor-UnrealProject-3647.dll : fatal error LNK1120: 4 unresolved externals
[2015.09.12-14.21.36:991][734]CompilerResultsLog: Info -------- End Detailed Actions Stats -----------------------------------------------------------
[2015.09.12-14.21.36:991][734]CompilerResultsLog: Info ERROR: UBT ERROR: Failed to produce item: C:\Users\Myriam\Documents\Unreal Projects\UnrealProject\Binaries\Win64\UE4Editor-UnrealProject-3647.dll
[2015.09.12-14.21.36:991][734]CompilerResultsLog: Info Total build time: 61.69 seconds
[2015.09.12-14.21.36:992][734]LogMainFrame: MainFrame: Module compiling took 63.205 seconds
[2015.09.12-14.21.36:992][734]Warning: HotReload failed, recompile failed
[2015.09.12-14.21.36:999][734]Warning: RebindPackages failed because the compiler could not be started.
[2015.09.12-14.22.15:587][734]LogHotReload: New module detected: UE4Editor-UnrealProject-3647.dll
[2015.09.12-14.22.15:613][735]LogHotReload: Starting Hot-Reload from IDE
[2015.09.12-14.22.15:683][735]LogModuleManager:Warning: ModuleManager: Unable to load module 'UnrealProject' because the file 'C:/Users/Myriam/Documents/Unreal Projects/UnrealProject/Binaries/Win64/UE4Editor-UnrealProject-3647.dll' was not found.
[2015.09.12-14.22.15:684][735]Warning: HotReload failed, reload failed /Script/UnrealProject.
[2015.09.12-14.22.15:706][735]LogContentBrowser: Native class hierarchy populated in 0.0146 seconds. Added 1872 classes and 338 folders.
[2015.09.12-14.22.19:044][908]MapCheck: New page: Map Check
[2015.09.12-14.22.19:098][908]Cmd: MAP REBUILD ALLVISIBLE
[2015.09.12-14.22.19:098][908]LogEditorServer: Rebuildmap Clear paths rebuilt
[2015.09.12-14.22.19:252][908]MapCheck:Warning: Warning WorldSettings_1 Hierarchical LOD System is disabled or no HLOD level settings available, unable to build LOD actors. 
[2015.09.12-14.22.19:253][908]LogStats:          STAT_HLOD_BuildClusters - 29.671 ms
[2015.09.12-14.22.19:256][908]LightingResults: New page: Lighting Build - Sep 12, 2015, 6:22:19 AM
[2015.09.12-14.22.23:487][908]LogStaticLightingSystem:Warning: No importance volume found, so the scene bounding box was used.  You can optimize your scene's quality and lighting build times by adding importance volumes.
[2015.09.12-14.22.23:488][908]LogStaticLightingSystem: Running Lightmass w/ ImmediateImport mode ENABLED
[2015.09.12-14.22.23:489][908]LogStaticLightingSystem: Running Lightmass w/ ImmediateProcess mode ENABLED
[2015.09.12-14.22.23:489][908]LogStaticLightingSystem: Running Lightmass w/ Sorting mode ENABLED
[2015.09.12-14.22.23:489][908]LogStaticLightingSystem: Running Lightmass w/ Mapping paddings ENABLED
[2015.09.12-14.22.23:490][908]LogStaticLightingSystem: Running Lightmass w/ Mapping debug paddings DISABLED
[2015.09.12-14.22.24:098][908]LogEditorBuildUtils: Build time 0:00:05
[2015.09.12-14.22.26:925][979]Job is a success!
