[2015.09.13-20.58.04:391][  0]Log file open, 09/13/15 16:58:04
[2015.09.13-20.58.04:391][  0]LogInit:Display: Running engine for game: UnrealProject
[2015.09.13-20.58.04:391][  0]LogInit:Display: RandInit(-254703721) SRandInit(-254703719).
[2015.09.13-20.58.04:392][  0]LogTaskGraph: Started task graph with 4 named threads and 7 total threads.
[2015.09.13-20.58.04:392][  0]LogStats: Stats thread started at 0.179157
[2015.09.13-20.58.04:392][  0]ShaderCopyHelper: Shader Copy Helper Plugin loaded!
[2015.09.13-20.58.04:393][  0]ShaderCopyHelper: Copying project shader files to Engine/Shaders/
[2015.09.13-20.58.04:393][  0]LogInit: Version: 4.9.0-0+++depot+UE4-Releases+4.9
[2015.09.13-20.58.04:393][  0]LogInit: API Version: 0
[2015.09.13-20.58.04:394][  0]LogInit: Compiled (64-bit): Sep 12 2015 22:12:37
[2015.09.13-20.58.04:394][  0]LogInit: Compiled with Visual C++: 18.00.21005.01
[2015.09.13-20.58.04:394][  0]LogInit: Build Configuration: Development
[2015.09.13-20.58.04:394][  0]LogInit: Branch Name: ++depot+UE4-Releases+4.9
[2015.09.13-20.58.04:394][  0]LogInit: Command line: 
[2015.09.13-20.58.04:395][  0]LogInit: Base directory: C:/Program Files/Epic Games/UnrealEngine/Engine/Binaries/Win64/
[2015.09.13-20.58.04:395][  0]LogInit: Rocket: 0
[2015.09.13-20.58.04:419][  0]LogInit: Using libcurl 7.41.0
[2015.09.13-20.58.04:420][  0]LogInit:  - built for x86_64-pc-win32
[2015.09.13-20.58.04:420][  0]LogInit:  - supports SSL with WinSSL
[2015.09.13-20.58.04:420][  0]LogInit:  - other features:
[2015.09.13-20.58.04:421][  0]LogInit:      CURL_VERSION_SSL
[2015.09.13-20.58.04:421][  0]LogInit:      CURL_VERSION_IPV6
[2015.09.13-20.58.04:421][  0]LogInit:      CURL_VERSION_ASYNCHDNS
[2015.09.13-20.58.04:421][  0]LogInit:      CURL_VERSION_LARGEFILE
[2015.09.13-20.58.04:422][  0]LogInit:      CURL_VERSION_IDN
[2015.09.13-20.58.04:422][  0]LogInit:  CurlRequestOptions (configurable via config and command line):
[2015.09.13-20.58.04:423][  0]LogInit:  - bVerifyPeer = true  - Libcurl will verify peer certificate
[2015.09.13-20.58.04:423][  0]LogInit:  - bUseHttpProxy = false  - Libcurl will NOT use HTTP proxy
[2015.09.13-20.58.04:423][  0]LogInit:  - bDontReuseConnections = false  - Libcurl will reuse connections
[2015.09.13-20.58.04:423][  0]LogInit:  - CertBundlePath = nullptr  - Libcurl will use whatever was configured at build time.
[2015.09.13-20.58.04:453][  0]LogInit: Presizing for 0 objects not considered by GC, pre-allocating 0 bytes.
[2015.09.13-20.58.04:464][  0]LogInit: Object subsystem initialized
[2015.09.13-20.58.04:467][  0]LogInit: Selected Device Profile: [Windows]
[2015.09.13-20.58.04:467][  0]LogInit: Applying CVar settings loaded from the selected device profile: [Windows]
[2015.09.13-20.58.04:484][  0]LogInit: Computer: EXAYDX
[2015.09.13-20.58.04:485][  0]LogInit: User: Myriam
[2015.09.13-20.58.04:485][  0]LogInit: CPU Page size=4096, Cores=4
[2015.09.13-20.58.04:485][  0]LogInit: High frequency timer resolution =2.143479 MHz
[2015.09.13-20.58.04:485][  0]LogMemory: Memory total: Physical=15.9GB (16GB approx)
[2015.09.13-20.58.04:486][  0]LogMemory: Platform Memory Stats for Windows
[2015.09.13-20.58.04:486][  0]LogMemory: Process Physical Memory: 52.22 MB used, 52.22 MB peak
[2015.09.13-20.58.04:486][  0]LogMemory: Process Virtual Memory: 57.11 MB used, 57.11 MB peak
[2015.09.13-20.58.04:487][  0]LogMemory: Physical Memory: 7365.68 MB used, 16287.06 MB total
[2015.09.13-20.58.04:487][  0]LogMemory: Virtual Memory: 353.53 MB used, 134217728.00 MB total
[2015.09.13-20.58.05:351][  0]LogTextLocalizationManager: No specific translations for ('en-CA') exist, so ('en') translations will be used.
[2015.09.13-20.58.06:201][  0]LogD3D11RHI: Found D3D11 adapter 0: NVIDIA GeForce GT 750M      (Feature Level 11_0)
[2015.09.13-20.58.06:202][  0]LogD3D11RHI: Adapter has 1988MB of dedicated video memory, 0MB of dedicated system memory, and 2048MB of shared system memory, 1 output[s]
[2015.09.13-20.58.06:222][  0]LogD3D11RHI: Found D3D11 adapter 1: Intel(R) HD Graphics 4600 (Feature Level 11_0)
[2015.09.13-20.58.06:223][  0]LogD3D11RHI: Adapter has 0MB of dedicated video memory, 0MB of dedicated system memory, and 1792MB of shared system memory, 0 output[s]
[2015.09.13-20.58.06:228][  0]LogD3D11RHI: Found D3D11 adapter 2: Microsoft Basic Render Driver (Feature Level 11_0)
[2015.09.13-20.58.06:228][  0]LogD3D11RHI: Adapter has 0MB of dedicated video memory, 0MB of dedicated system memory, and 256MB of shared system memory, 0 output[s]
[2015.09.13-20.58.06:228][  0]LogD3D11RHI: Chosen D3D11 Adapter Id = 0
[2015.09.13-20.58.06:236][  0]LogD3D11RHI: !Direct3DDevice
[2015.09.13-20.58.06:237][  0]LogRHI: Texture pool is 1361 MB (70% of 1945 MB)
[2015.09.13-20.58.06:308][  0]LogD3D11RHI: Async texture creation enabled
[2015.09.13-20.58.06:326][  0]LogShaderCompilers: Guid format shader working directory is 14 characters bigger than the processId version (../../../../../../Users/Myriam/Documents/Universite/S-A15/FinalProject-master/UnrealProject/Intermediate/Shaders/WorkingDirectory/11988/).
[2015.09.13-20.58.06:327][  0]LogShaderCompilers: Cleaned the shader compiler working directory '../../../../../../Users/Myriam/Documents/Universite/S-A15/FinalProject-master/UnrealProject/Intermediate/Shaders/tmp/CA0A9E1B497AAE2C67E232904BF5A00E/'.
[2015.09.13-20.58.06:327][  0]LogShaderCompilers:Display: Using Local Shader Compiler.
[2015.09.13-20.58.07:853][  0]LogTemp:Display: Loaded TP AllDesktopTargetPlatform
[2015.09.13-20.58.07:869][  0]LogTemp:Display: Loaded TP WindowsClientTargetPlatform
[2015.09.13-20.58.07:885][  0]LogTemp:Display: Loaded TP WindowsNoEditorTargetPlatform
[2015.09.13-20.58.07:900][  0]LogTemp:Display: Loaded TP WindowsServerTargetPlatform
[2015.09.13-20.58.07:918][  0]LogTemp:Display: Loaded TP WindowsTargetPlatform
[2015.09.13-20.58.07:936][  0]LogTemp:Display: Loaded TP AndroidTargetPlatform
[2015.09.13-20.58.07:952][  0]LogTemp:Display: Loaded TP Android_ASTCTargetPlatform
[2015.09.13-20.58.07:969][  0]LogTemp:Display: Loaded TP Android_ATCTargetPlatform
[2015.09.13-20.58.07:986][  0]LogTemp:Display: Loaded TP Android_DXTTargetPlatform
[2015.09.13-20.58.08:003][  0]LogTemp:Display: Loaded TP Android_ETC1TargetPlatform
[2015.09.13-20.58.08:021][  0]LogTemp:Display: Loaded TP Android_ETC2TargetPlatform
[2015.09.13-20.58.08:036][  0]LogTemp:Display: Loaded TP Android_PVRTCTargetPlatform
[2015.09.13-20.58.08:047][  0]LogTemp:Display: Loaded TP HTML5TargetPlatform
[2015.09.13-20.58.08:093][  0]LogTemp:Display: Loaded TP IOSTargetPlatform
[2015.09.13-20.58.08:093][  0]LogTargetPlatformManager:Display: Building Assets For Windows
[2015.09.13-20.58.08:311][  0]LogDerivedDataCache:Display: Max Cache Size: 512 MB
[2015.09.13-20.58.08:362][  0]LogDerivedDataCache: Loaded boot cache 0.05s 41MB ../../../../../../Users/Myriam/Documents/Universite/S-A15/FinalProject-master/UnrealProject/DerivedDataCache/Boot.ddc.
[2015.09.13-20.58.08:363][  0]LogDerivedDataCache:Display: Loaded Boot cache: ../../../../../../Users/Myriam/Documents/Universite/S-A15/FinalProject-master/UnrealProject/DerivedDataCache/Boot.ddc
[2015.09.13-20.58.08:363][  0]LogDerivedDataCache: FDerivedDataBackendGraph:  Pak pak cache file ../../../../../../Users/Myriam/Documents/Universite/S-A15/FinalProject-master/UnrealProject/DerivedDataCache/DDC.ddp not found, will not use a pak cache.
[2015.09.13-20.58.08:364][  0]LogDerivedDataCache: Unable to find inner node Pak for hierarchical cache Hierarchy.
[2015.09.13-20.58.08:364][  0]LogDerivedDataCache: FDerivedDataBackendGraph:  EnginePak pak cache file ../../../Engine/DerivedDataCache/DDC.ddp not found, will not use a pak cache.
[2015.09.13-20.58.08:364][  0]LogDerivedDataCache: Unable to find inner node EnginePak for hierarchical cache Hierarchy.
[2015.09.13-20.58.08:378][  0]LogDerivedDataCache: Using Local data cache path ../../../Engine/DerivedDataCache: Writable
[2015.09.13-20.58.08:378][  0]LogDerivedDataCache: Shared data cache path not found in *engine.ini, will not use an Shared cache.
[2015.09.13-20.58.08:379][  0]LogDerivedDataCache: Unable to find inner node Shared for hierarchical cache Hierarchy.
[2015.09.13-20.58.08:389][  0]LogShaders: Verifying Global Shaders for PCD3D_SM5
[2015.09.13-20.58.08:390][  0]LogShaders:Warning: 	Empty global shader map, recompiling all global shaders
[2015.09.13-20.58.09:443][  0]LogInit: Selected Device Profile: [Windows]
[2015.09.13-20.58.09:448][  0]LogContentStreaming: Texture pool size is 0.000000MB
[2015.09.13-20.58.09:734][  0]LogMeshUtilities: No automatic mesh reduction module available
[2015.09.13-20.58.09:735][  0]LogMeshUtilities: No automatic mesh merging module available
[2015.09.13-20.58.10:208][  0]LogInit: WinSock: version 1.1 (2.2), MaxSocks=32767, MaxUdp=65467
[2015.09.13-20.58.25:218][  0]UdpMessaging: Initializing bridge on interface 0.0.0.0:0 to multicast group 230.0.0.1:6666.
[2015.09.13-20.58.25:479][  0]LogAssetRegistry: FAssetRegistry took 0.0117 seconds to start up
[2015.09.13-20.58.25:985][  0]SourceControl: Info Source control is disabled
[2015.09.13-20.58.26:005][  0]SourceControl: Info Source control is disabled
[2015.09.13-20.58.26:051][  0]SourceControl: Info Source control is disabled
[2015.09.13-20.58.26:104][  0]SourceControl: Info Source control is disabled
[2015.09.13-20.58.26:923][  0]LogObj: 28358 objects as part of root set at end of initial load.
[2015.09.13-20.58.26:924][  0]LogUObjectAllocator: 6039608 out of 0 bytes used by permanent object pool.
[2015.09.13-20.58.27:044][  0]LogEngine: Initializing Engine...
[2015.09.13-20.58.27:049][  0]LogHMD: Can't find Oculus library dev build: is proper Runtime installed? Version: 0.6.0.0
[2015.09.13-20.58.27:058][  0]LogHMD: SteamVR failed to initialize.  Err: 110
[2015.09.13-20.58.27:291][  0]LogAIModule: Creating AISystem for world NewWorld
[2015.09.13-20.58.27:303][  0]LogInit: XAudio2 using 'Speakers (Realtek High Definition Audio)' : 2 channels at 48 kHz using 16 bits per sample (channel mask 0x3)
[2015.09.13-20.58.27:690][  0]LogInit: FAudioDevice initialized.
[2015.09.13-20.58.27:719][  0]LogDerivedDataCache: Saved boot cache 0.03s 38MB ../../../../../../Users/Myriam/Documents/Universite/S-A15/FinalProject-master/UnrealProject/DerivedDataCache/Boot.ddc.
[2015.09.13-20.58.27:726][  0]LogInit: Texture streaming: Enabled
[2015.09.13-20.58.27:749][  0]LogAnalytics: Creating configured Analytics provider AnalyticsET
[2015.09.13-20.58.27:750][  0]LogAnalytics: [UEEditor.UnrealEngine.Release] APIServer = http://etsource.epicgames.com/ET2/. AppVersion = 4.9.0-0+++depot+UE4-Releases+4.9
[2015.09.13-20.58.27:750][  0]LogAnalytics: [UEEditor.UnrealEngine.Release] SetUserId b937c8bb44ffd6bca5db4cb087d12289|ae6541680da5494ea73e1894fa969d0a|ef05c746-df3b-4785-b67c-17687807354f
[2015.09.13-20.58.27:751][  0]LogAnalytics: [UEEditor.UnrealEngine.Release] AnalyticsET::StartSession
[2015.09.13-20.58.27:778][  0]LogInit: Transaction tracking system initialized
[2015.09.13-20.58.27:907][  0]BlueprintLog: New page: Editor Load
[2015.09.13-20.58.28:387][  0]LocalizationService: Info Localization service is disabled
[2015.09.13-20.58.28:738][  0]LogConsoleResponse:Display: 
[2015.09.13-20.58.28:985][  0]LogCook:Display: Done creating registry. It took  0.00s.
[2015.09.13-20.58.29:276][  0]LogFileCache: Scanning file cache for directory 'C:/Users/Myriam/Documents/Universite/S-A15/FinalProject-master/UnrealProject/Content/' took 0.02s
[2015.09.13-20.58.29:277][  0]SourceControl: Info Source control is disabled
[2015.09.13-20.58.29:278][  0]Cmd: MAP LOAD FILE="../../../../../../Users/Myriam/Documents/Universite/S-A15/FinalProject-master/UnrealProject/Content/StarterContent/Maps/Minimal_Default.umap" TEMPLATE=0 SHOWPROGRESS=1 FEATURELEVEL=3
[2015.09.13-20.58.29:279][  0]LightingResults: New page: Lighting Build
[2015.09.13-20.58.29:284][  0]MapCheck: New page: Map Check
[2015.09.13-20.58.29:284][  0]LightingResults: New page: Lighting Build
[2015.09.13-20.58.29:303][  0]LogParticles: Destroying 0 GPU particle simulations for FXSystem 0x00000071BD09E160
[2015.09.13-20.58.29:739][  0]LogAIModule: Creating AISystem for world Minimal_Default
[2015.09.13-21.01.19:802][  0]LogShaders:Display: Finished batch of 1 jobs in 54.024s, FRadixSortDownsweepCS Instructions = 1072, 
[2015.09.13-21.01.19:803][  0]LogShaders:Display: Finished batch of 1 jobs in 35.085s, FPostProcessVelocityFlattenCS Instructions = 160, 
[2015.09.13-21.01.19:803][  0]LogShaders:Display: Finished batch of 1 jobs in 34.330s, TReflectionEnvironmentTiledDeferredCS1011 Instructions = 404, 
[2015.09.13-21.01.19:804][  0]LogShaders:Display: Finished batch of 1 jobs in 32.406s, TReflectionEnvironmentTiledDeferredCS1010 Instructions = 388, 
[2015.09.13-21.01.19:804][  0]LogShaders:Display: Finished batch of 1 jobs in 63.153s, TReflectionEnvironmentTiledDeferredCS1110 Instructions = 549, 
[2015.09.13-21.01.19:804][  0]LogShaders:Display: Finished batch of 1 jobs in 65.670s, TReflectionEnvironmentTiledDeferredCS1111 Instructions = 581, 
[2015.09.13-21.01.19:805][  0]LogShaders:Display: Finished batch of 1 jobs in 46.557s, TReflectionEnvironmentTiledDeferredCS0111 Instructions = 523, 
[2015.09.13-21.01.19:805][  0]LogShaders:Display: Finished batch of 1 jobs in 45.911s, TReflectionEnvironmentTiledDeferredCS0110 Instructions = 491, 
[2015.09.13-21.01.19:805][  0]LogShaders:Warning: Compiled 747 global shaders
[2015.09.13-21.01.20:028][  0]LogShaders:Warning: Blocking ProcessAsyncResults for 170.3s, processed 1 shader maps, 0 being compiled
[2015.09.13-21.01.20:094][  0]LogEditorServer: Finished looking for orphan Actors (0.001 secs)
[2015.09.13-21.01.20:117][  0]Cmd: MAP CHECKDEP NOCLEARLOG
[2015.09.13-21.01.20:220][  0]MapCheck: Info Map check complete: 0 Error(s), 0 Warning(s), took 94.74ms to complete.
[2015.09.13-21.01.20:242][  0]LogFileHelpers: Loading map 'Minimal_Default' took 170.944
[2015.09.13-21.01.21:355][  0]LogCollectionManager: Loaded 0 collections in 0.049241 seconds
[2015.09.13-21.01.21:872][  0]LogFileCache: Scanning file cache for directory 'C:/Users/Myriam/Documents/Universite/S-A15/FinalProject-master/UnrealProject/Saved/Collections/' took 0.01s
[2015.09.13-21.01.21:873][  0]LogFileCache: Scanning file cache for directory 'C:/Users/Myriam/Documents/Universite/S-A15/FinalProject-master/UnrealProject/Content/Developers/Myriam/Collections/' took 0.01s
[2015.09.13-21.01.21:873][  0]LogFileCache: Scanning file cache for directory 'C:/Users/Myriam/Documents/Universite/S-A15/FinalProject-master/UnrealProject/Content/Collections/' took 0.01s
[2015.09.13-21.01.21:873][  0]LogContentBrowser: Native class hierarchy populated in 0.1698 seconds. Added 1867 classes and 333 folders.
[2015.09.13-21.01.22:097][  0]LogCollectionManager: Rebuilt the GUID cache for 0 collections in 0.000003 seconds
[2015.09.13-21.01.22:182][  0]LogContentBrowser: Native class hierarchy updated for 'WidgetCarousel' in 0.0166 seconds. Added 0 classes and 0 folders.
[2015.09.13-21.01.24:551][  0]LogContentBrowser: Native class hierarchy updated for 'AddContentDialog' in 0.0091 seconds. Added 0 classes and 0 folders.
[2015.09.13-21.01.24:931][  0]LogContentBrowser: Native class hierarchy updated for 'SceneOutliner' in 0.0111 seconds. Added 1 classes and 2 folders.
[2015.09.13-21.01.27:674][  0]LogCrashTracker: Crashtracker disabled due to settings.
[2015.09.13-21.01.28:099][  0]LogUObjectGlobals:Warning: Failed to find object 'Class None.'
[2015.09.13-21.01.28:193][  0]LogLoad: Full Startup: 205.66 seconds (BP compile: 0.07 seconds)
[2015.09.13-21.01.28:326][  0]LogWindowsTextInputMethodSystem:Display: IME system now deactivated.
[2015.09.13-21.01.28:328][  0]LogWindowsTextInputMethodSystem:Display: IME system now deactivated.
[2015.09.13-21.01.28:705][  0]LogContentStreaming: Texture pool size now 1000 MB
[2015.09.13-21.01.29:163][  0]LogRenderer: Reallocating scene render targets to support 1004x460 (Frame:2).
[2015.09.13-21.01.29:988][  4]LogAssetRegistry: Asset discovery search completed in 184.5211 seconds
[2015.09.13-21.01.29:991][  4]LogCollectionManager: Rebuilt the object cache for 0 collections in 0.000001 seconds (found 0 objects)
[2015.09.13-21.01.29:992][  4]LogCollectionManager: Fixed up redirectors for 0 collections in 0.000535 seconds (updated 0 objects)
[2015.09.13-21.01.41:716][628]LogEditorViewport: Clicking on Actor (LMB): StaticMeshActor (Sphere)
[2015.09.13-21.01.55:208][396]LogWindowsTextInputMethodSystem:Display: IME system now deactivated.
[2015.09.13-21.01.55:209][396]LogWindowsTextInputMethodSystem:Display: IME system now deactivated.
[2015.09.13-21.01.55:641][397]Cmd: QUIT_EDITOR
[2015.09.13-21.01.56:047][397]LogExit: Preparing to exit.
[2015.09.13-21.01.57:058][397]LogExit: Editor shut down
[2015.09.13-21.01.57:059][397]LogExit: Transaction tracking system shut down
[2015.09.13-21.01.57:083][397]LogParticles: Destroying 0 GPU particle simulations for FXSystem 0x00000071B6B68360
[2015.09.13-21.01.57:084][397]LogParticles: Destroying 0 GPU particle simulations for FXSystem 0x00000071D01B5440
[2015.09.13-21.01.57:084][397]LogParticles: Destroying 0 GPU particle simulations for FXSystem 0x00000071DB37BCE0
[2015.09.13-21.01.57:085][397]LogParticles: Destroying 0 GPU particle simulations for FXSystem 0x00000071DA963EC0
[2015.09.13-21.01.57:345][397]LogExit: Object subsystem successfully closed.
[2015.09.13-21.01.57:377][397]LogD3D11RHI: Shutdown
[2015.09.13-21.01.57:378][397]LogD3D11RHI: CleanupD3DDevice
[2015.09.13-21.01.57:566][397]LogD3D11RHI: ~FD3D11DynamicRHI
[2015.09.13-21.01.57:652][397]LogModuleManager: Shutting down and abandoning module CrashTracker (195)
[2015.09.13-21.01.57:653][397]LogModuleManager: Shutting down and abandoning module SceneOutliner (194)
[2015.09.13-21.01.57:653][397]LogModuleManager: Shutting down and abandoning module SuperSearch (193)
[2015.09.13-21.01.57:653][397]LogModuleManager: Shutting down and abandoning module WidgetCarousel (192)
[2015.09.13-21.01.57:654][397]LogModuleManager: Shutting down and abandoning module AddContentDialog (191)
[2015.09.13-21.01.57:655][397]LogModuleManager: Shutting down and abandoning module EditorWidgets (190)
[2015.09.13-21.01.57:655][397]LogModuleManager: Shutting down and abandoning module CollectionManager (189)
[2015.09.13-21.01.57:656][397]LogModuleManager: Shutting down and abandoning module StatsViewer (188)
[2015.09.13-21.01.57:657][397]LogModuleManager: Shutting down and abandoning module FoliageEdit (187)
[2015.09.13-21.01.57:657][397]LogModuleManager: Shutting down and abandoning module LandscapeEditor (186)
[2015.09.13-21.01.57:658][397]LogModuleManager: Shutting down and abandoning module ActorPickerMode (185)
[2015.09.13-21.01.57:659][397]LogModuleManager: Shutting down and abandoning module GeometryMode (184)
[2015.09.13-21.01.57:659][397]LogModuleManager: Shutting down and abandoning module TextureAlignMode (183)
[2015.09.13-21.01.57:659][397]LogModuleManager: Shutting down and abandoning module BspMode (182)
[2015.09.13-21.01.57:659][397]LogModuleManager: Shutting down and abandoning module PlacementMode (181)
[2015.09.13-21.01.57:660][397]LogModuleManager: Shutting down and abandoning module AutomationWorker (180)
[2015.09.13-21.01.57:660][397]LogModuleManager: Shutting down and abandoning module CharacterAI (179)
[2015.09.13-21.01.57:661][397]LogModuleManager: Shutting down and abandoning module SmartSnapping (178)
[2015.09.13-21.01.57:661][397]LogModuleManager: Shutting down and abandoning module ViewportSnapping (177)
[2015.09.13-21.01.57:661][397]LogModuleManager: Shutting down and abandoning module LogVisualizer (176)
[2015.09.13-21.01.57:662][397]LogModuleManager: Shutting down and abandoning module GameProjectGeneration (175)
[2015.09.13-21.01.57:663][397]LogModuleManager: Shutting down and abandoning module IntroTutorials (174)
[2015.09.13-21.01.57:675][397]LogModuleManager: Shutting down and abandoning module EditorLiveStreaming (173)
[2015.09.13-21.01.57:676][397]LogModuleManager: Shutting down and abandoning module IOSPlatformEditor (172)
[2015.09.13-21.01.57:679][397]LogModuleManager: Shutting down and abandoning module HTML5PlatformEditor (171)
[2015.09.13-21.01.57:679][397]LogModuleManager: Shutting down and abandoning module AndroidDeviceDetection (170)
[2015.09.13-21.01.57:887][397]LogModuleManager: Shutting down and abandoning module AndroidPlatformEditor (169)
[2015.09.13-21.01.57:887][397]LogModuleManager: Shutting down and abandoning module IOSRuntimeSettings (168)
[2015.09.13-21.01.57:887][397]LogModuleManager: Shutting down and abandoning module AndroidRuntimeSettings (167)
[2015.09.13-21.01.57:888][397]LogModuleManager: Shutting down and abandoning module MergeActors (166)
[2015.09.13-21.01.57:892][397]LogModuleManager: Shutting down and abandoning module SizeMap (165)
[2015.09.13-21.01.57:893][397]LogModuleManager: Shutting down and abandoning module TreeMap (164)
[2015.09.13-21.01.57:894][397]LogModuleManager: Shutting down and abandoning module ReferenceViewer (163)
[2015.09.13-21.01.57:894][397]LogModuleManager: Shutting down and abandoning module LocalizationService (162)
[2015.09.13-21.01.57:895][397]LogModuleManager: Shutting down and abandoning module LocalizationDashboard (161)
[2015.09.13-21.01.57:907][397]LogModuleManager: Shutting down and abandoning module HardwareTargeting (160)
[2015.09.13-21.01.57:908][397]LogModuleManager: Shutting down and abandoning module DeviceProfileEditor (159)
[2015.09.13-21.01.57:908][397]LogModuleManager: Shutting down and abandoning module UndoHistory (158)
[2015.09.13-21.01.57:909][397]LogModuleManager: Shutting down and abandoning module GameplayTagsEditor (157)
[2015.09.13-21.01.57:909][397]LogModuleManager: Shutting down and abandoning module UserFeedback (156)
[2015.09.13-21.01.57:909][397]LogModuleManager: Shutting down and abandoning module XmlParser (155)
[2015.09.13-21.01.57:909][397]LogModuleManager: Shutting down and abandoning module Blutility (154)
[2015.09.13-21.01.57:910][397]LogModuleManager: Shutting down and abandoning module ProjectTargetPlatformEditor (153)
[2015.09.13-21.01.57:910][397]LogModuleManager: Shutting down and abandoning module ProjectSettingsViewer (152)
[2015.09.13-21.01.57:910][397]LogModuleManager: Shutting down and abandoning module InputBindingEditor (151)
[2015.09.13-21.01.57:911][397]LogModuleManager: Shutting down and abandoning module EditorSettingsViewer (150)
[2015.09.13-21.01.57:911][397]LogModuleManager: Shutting down and abandoning module SettingsEditor (149)
[2015.09.13-21.01.57:912][397]LogModuleManager: Shutting down and abandoning module ProjectLauncher (148)
[2015.09.13-21.01.57:913][397]LogModuleManager: Shutting down and abandoning module SessionFrontend (147)
[2015.09.13-21.01.57:917][397]LogModuleManager: Shutting down and abandoning module ProfilerClient (146)
[2015.09.13-21.01.57:918][397]LogModuleManager: Shutting down and abandoning module TargetDeviceServices (145)
[2015.09.13-21.01.57:919][397]LogModuleManager: Shutting down and abandoning module DeviceManager (144)
[2015.09.13-21.01.57:920][397]LogModuleManager: Shutting down and abandoning module AutomationController (143)
[2015.09.13-21.01.57:921][397]LogModuleManager: Shutting down and abandoning module AutomationWindow (142)
[2015.09.13-21.01.57:922][397]LogModuleManager: Shutting down and abandoning module Layers (141)
[2015.09.13-21.01.57:925][397]LogModuleManager: Shutting down and abandoning module ComponentVisualizers (140)
[2015.09.13-21.01.57:925][397]LogModuleManager: Shutting down and abandoning module DetailCustomizations (139)
[2015.09.13-21.01.57:926][397]LogModuleManager: Shutting down and abandoning module PackagesDialog (138)
[2015.09.13-21.01.57:927][397]LogModuleManager: Shutting down and abandoning module Persona (137)
[2015.09.13-21.01.57:928][397]LogModuleManager: Shutting down and abandoning module Kismet (136)
[2015.09.13-21.01.57:929][397]LogModuleManager: Shutting down and abandoning module GraphEditor (135)
[2015.09.13-21.01.57:931][397]LogModuleManager: Shutting down and abandoning module ClassViewer (134)
[2015.09.13-21.01.57:934][397]LogModuleManager: Shutting down and abandoning module Toolbox (133)
[2015.09.13-21.01.57:935][397]LogModuleManager: Shutting down and abandoning module ModuleUI (132)
[2015.09.13-21.01.57:935][397]LogModuleManager: Shutting down and abandoning module MovieSceneTools (131)
[2015.09.13-21.01.57:936][397]LogModuleManager: Shutting down and abandoning module OutputLog (130)
[2015.09.13-21.01.57:936][397]LogModuleManager: Shutting down and abandoning module GammaUI (129)
[2015.09.13-21.01.57:937][397]LogModuleManager: Shutting down and abandoning module Documentation (128)
[2015.09.13-21.01.57:937][397]LogModuleManager: Shutting down and abandoning module GameLiveStreaming (127)
[2015.09.13-21.01.57:938][397]LogModuleManager: Shutting down and abandoning module StreamingPauseRendering (126)
[2015.09.13-21.01.57:938][397]LogModuleManager: Shutting down and abandoning module AnalyticsET (125)
[2015.09.13-21.01.57:938][397]LogModuleManager: Shutting down and abandoning module Analytics (124)
[2015.09.13-21.01.57:939][397]LogModuleManager: Shutting down and abandoning module AITestSuite (123)
[2015.09.13-21.01.57:939][397]LogModuleManager: Shutting down and abandoning module GameplayDebugger (122)
[2015.09.13-21.01.57:940][397]LogModuleManager: Shutting down and abandoning module AIModule (121)
[2015.09.13-21.01.57:940][397]LogModuleManager: Shutting down and abandoning module ProfilerService (120)
[2015.09.13-21.01.58:187][397]LogModuleManager: Shutting down and abandoning module TaskGraph (119)
[2015.09.13-21.01.58:190][397]LogModuleManager: Shutting down and abandoning module SlateRemote (118)
[2015.09.13-21.01.58:190][397]LogModuleManager: Shutting down and abandoning module SteamVRController (117)
[2015.09.13-21.01.58:191][397]LogModuleManager: Shutting down and abandoning module SteamVR (116)
[2015.09.13-21.01.58:192][397]LogModuleManager: Shutting down and abandoning module ProceduralMeshComponent (115)
[2015.09.13-21.01.58:193][397]LogModuleManager: Shutting down and abandoning module OculusRift (114)
[2015.09.13-21.01.58:193][397]LogModuleManager: Shutting down and abandoning module OculusLibrary (113)
[2015.09.13-21.01.58:193][397]LogModuleManager: Shutting down and abandoning module LeapMotionController (112)
[2015.09.13-21.01.58:231][397]LogModuleManager: Shutting down and abandoning module CustomMeshComponent (111)
[2015.09.13-21.01.58:232][397]LogModuleManager: Shutting down and abandoning module CableComponent (110)
[2015.09.13-21.01.58:233][397]LogModuleManager: Shutting down and abandoning module ArchVisCharacter (109)
[2015.09.13-21.01.58:233][397]LogModuleManager: Shutting down and abandoning module MessagingDebugger (108)
[2015.09.13-21.01.58:351][397]LogModuleManager: Shutting down and abandoning module MediaPlayerEditor (107)
[2015.09.13-21.01.58:353][397]LogModuleManager: Shutting down and abandoning module HTML5Networking (106)
[2015.09.13-21.01.58:354][397]LogModuleManager: Shutting down and abandoning module SpeedTreeImporter (105)
[2015.09.13-21.01.58:354][397]LogModuleManager: Shutting down and abandoning module PluginBrowser (104)
[2015.09.13-21.01.58:355][397]LogModuleManager: Shutting down and abandoning module EpicSurvey (103)
[2015.09.13-21.01.58:355][397]LogModuleManager: Shutting down and abandoning module DesktopPlatform (102)
[2015.09.13-21.01.58:357][397]LogModuleManager: Shutting down and abandoning module VisualStudioSourceCodeAccess (101)
[2015.09.13-21.01.58:357][397]LogModuleManager: Shutting down and abandoning module UObjectPlugin (100)
[2015.09.13-21.01.58:357][397]LogModuleManager: Shutting down and abandoning module SubversionSourceControl (99)
[2015.09.13-21.01.58:358][397]LogModuleManager: Shutting down and abandoning module PerforceSourceControl (98)
[2015.09.13-21.01.58:370][397]LogModuleManager: Shutting down and abandoning module SourceControl (97)
[2015.09.13-21.01.58:370][397]LogModuleManager: Shutting down and abandoning module GitSourceControl (96)
[2015.09.13-21.01.58:371][397]LogModuleManager: Shutting down and abandoning module LightPropagationVolumeEditor (95)
[2015.09.13-21.01.58:371][397]LogModuleManager: Shutting down and abandoning module PaperTiledImporter (94)
[2015.09.13-21.01.58:371][397]LogModuleManager: Shutting down and abandoning module PaperSpriteSheetImporter (93)
[2015.09.13-21.01.58:372][397]LogModuleManager: Shutting down and abandoning module MeshPaint (92)
[2015.09.13-21.01.58:372][397]LogModuleManager: Shutting down and abandoning module SlateReflector (91)
[2015.09.13-21.01.58:373][397]LogModuleManager: Shutting down and abandoning module HotReload (90)
[2015.09.13-21.01.58:374][397]LogModuleManager: Shutting down and abandoning module MainFrame (89)
[2015.09.13-21.01.58:374][397]LogModuleManager: Shutting down and abandoning module LevelEditor (88)
[2015.09.13-21.01.58:375][397]LogModuleManager: Shutting down and abandoning module DirectoryWatcher (87)
[2015.09.13-21.01.58:376][397]LogModuleManager: Shutting down and abandoning module AssetRegistry (86)
[2015.09.13-21.01.58:523][397]LogModuleManager: Shutting down and abandoning module ContentBrowser (85)
[2015.09.13-21.01.58:524][397]LogModuleManager: Shutting down and abandoning module Paper2DEditor (84)
[2015.09.13-21.01.58:531][397]LogModuleManager: Shutting down and abandoning module UnrealProject (83)
[2015.09.13-21.01.58:531][397]LogModuleManager: Shutting down and abandoning module UdpMessaging (82)
[2015.09.13-21.01.58:633][397]LogModuleManager: Shutting down and abandoning module LightPropagationVolumeRuntime (81)
[2015.09.13-21.01.58:633][397]LogModuleManager: Shutting down and abandoning module Paper2D (80)
[2015.09.13-21.01.58:635][397]LogModuleManager: Shutting down and abandoning module WindowsMoviePlayer (79)
[2015.09.13-21.01.58:639][397]LogModuleManager: Shutting down and abandoning module Media (78)
[2015.09.13-21.01.58:639][397]LogModuleManager: Shutting down and abandoning module WmfMedia (77)
[2015.09.13-21.01.58:641][397]LogModuleManager: Shutting down and abandoning module OnlineBlueprintSupport (76)
[2015.09.13-21.01.58:641][397]LogModuleManager: Shutting down and abandoning module GameplayTasksEditor (75)
[2015.09.13-21.01.58:642][397]LogModuleManager: Shutting down and abandoning module PropertyEditor (74)
[2015.09.13-21.01.58:642][397]LogModuleManager: Shutting down and abandoning module BehaviorTreeEditor (73)
[2015.09.13-21.01.58:658][397]LogModuleManager: Shutting down and abandoning module FunctionalTesting (72)
[2015.09.13-21.01.58:658][397]LogModuleManager: Shutting down and abandoning module CollisionAnalyzer (71)
[2015.09.13-21.01.58:659][397]LogModuleManager: Shutting down and abandoning module WorkspaceMenuStructure (70)
[2015.09.13-21.01.58:660][397]LogModuleManager: Shutting down and abandoning module MessageLog (69)
[2015.09.13-21.01.58:660][397]LogModuleManager: Shutting down and abandoning module Sequencer (68)
[2015.09.13-21.01.58:673][397]LogModuleManager: Shutting down and abandoning module AssetTools (67)
[2015.09.13-21.01.58:688][397]LogModuleManager: Shutting down and abandoning module UMGEditor (66)
[2015.09.13-21.01.58:690][397]LogModuleManager: Shutting down and abandoning module UMG (65)
[2015.09.13-21.01.58:690][397]LogModuleManager: Shutting down and abandoning module Slate (64)
[2015.09.13-21.01.58:691][397]LogModuleManager: Shutting down and abandoning module EditorStyle (63)
[2015.09.13-21.01.58:693][397]LogModuleManager: Shutting down and abandoning module SessionServices (62)
[2015.09.13-21.01.58:694][397]LogModuleManager: Shutting down and abandoning module SourceCodeAccess (61)
[2015.09.13-21.01.58:694][397]LogModuleManager: Shutting down and abandoning module HeadMountedDisplay (60)
[2015.09.13-21.01.58:694][397]LogModuleManager: Shutting down and abandoning module XAudio2 (59)
[2015.09.13-21.01.58:694][397]LogModuleManager: Shutting down and abandoning module Networking (57)
[2015.09.13-21.01.58:695][397]LogModuleManager: Shutting down and abandoning module Core (56)
[2015.09.13-21.01.58:695][397]LogModuleManager: Shutting down and abandoning module KismetCompiler (55)
[2015.09.13-21.01.58:695][397]LogModuleManager: Shutting down and abandoning module PhysXFormats (54)
[2015.09.13-21.01.58:695][397]LogModuleManager: Shutting down and abandoning module MeshUtilities (53)
[2015.09.13-21.01.58:698][397]LogModuleManager: Shutting down and abandoning module CookingStats (52)
[2015.09.13-21.01.58:700][397]LogModuleManager: Shutting down and abandoning module DerivedDataCache (51)
[2015.09.13-21.01.58:785][397]LogDerivedDataCache: Shutdown
[2015.09.13-21.01.58:786][397]LogModuleManager: Shutting down and abandoning module ShaderFormatOpenGL (50)
[2015.09.13-21.01.58:787][397]LogModuleManager: Shutting down and abandoning module ShaderFormatD3D (49)
[2015.09.13-21.01.58:788][397]LogModuleManager: Shutting down and abandoning module MetalShaderFormat (48)
[2015.09.13-21.01.58:788][397]LogModuleManager: Shutting down and abandoning module TextureFormatUncompressed (47)
[2015.09.13-21.01.58:789][397]LogModuleManager: Shutting down and abandoning module TextureFormatPVR (46)
[2015.09.13-21.01.58:789][397]LogModuleManager: Shutting down and abandoning module TextureFormatIntelISPCTexComp (45)
[2015.09.13-21.01.58:789][397]LogModuleManager: Shutting down and abandoning module TextureFormatDXT (44)
[2015.09.13-21.01.58:790][397]LogModuleManager: Shutting down and abandoning module ImageWrapper (43)
[2015.09.13-21.01.58:790][397]LogModuleManager: Shutting down and abandoning module TextureFormatASTC (42)
[2015.09.13-21.01.58:790][397]LogModuleManager: Shutting down and abandoning module AudioFormatOpus (41)
[2015.09.13-21.01.58:791][397]LogModuleManager: Shutting down and abandoning module AudioFormatOgg (40)
[2015.09.13-21.01.58:791][397]LogModuleManager: Shutting down and abandoning module AudioFormatADPCM (39)
[2015.09.13-21.01.58:792][397]LogModuleManager: Shutting down and abandoning module Messaging (38)
[2015.09.13-21.01.58:792][397]LogModuleManager: Shutting down and abandoning module IOSTargetPlatform (37)
[2015.09.13-21.01.58:792][397]LogModuleManager: Shutting down and abandoning module HTML5TargetPlatform (36)
[2015.09.13-21.01.58:792][397]LogModuleManager: Shutting down and abandoning module Android_PVRTCTargetPlatform (35)
[2015.09.13-21.01.58:793][397]LogModuleManager: Shutting down and abandoning module Android_ETC2TargetPlatform (34)
[2015.09.13-21.01.58:793][397]LogModuleManager: Shutting down and abandoning module Android_ETC1TargetPlatform (33)
[2015.09.13-21.01.58:794][397]LogModuleManager: Shutting down and abandoning module Android_DXTTargetPlatform (32)
[2015.09.13-21.01.58:794][397]LogModuleManager: Shutting down and abandoning module Android_ATCTargetPlatform (31)
[2015.09.13-21.01.58:795][397]LogModuleManager: Shutting down and abandoning module Android_ASTCTargetPlatform (30)
[2015.09.13-21.01.58:795][397]LogModuleManager: Shutting down and abandoning module AndroidTargetPlatform (29)
[2015.09.13-21.01.58:796][397]LogModuleManager: Shutting down and abandoning module WindowsTargetPlatform (28)
[2015.09.13-21.01.58:796][397]LogModuleManager: Shutting down and abandoning module WindowsServerTargetPlatform (27)
[2015.09.13-21.01.58:797][397]LogModuleManager: Shutting down and abandoning module WindowsNoEditorTargetPlatform (26)
[2015.09.13-21.01.58:797][397]LogModuleManager: Shutting down and abandoning module WindowsClientTargetPlatform (25)
[2015.09.13-21.01.58:798][397]LogModuleManager: Shutting down and abandoning module AllDesktopTargetPlatform (24)
[2015.09.13-21.01.58:798][397]LogModuleManager: Shutting down and abandoning module TargetPlatform (23)
[2015.09.13-21.01.58:799][397]LogModuleManager: Shutting down and abandoning module InputCore (22)
[2015.09.13-21.01.58:799][397]LogModuleManager: Shutting down and abandoning module Settings (21)
[2015.09.13-21.01.58:799][397]LogModuleManager: Shutting down and abandoning module OnlineSubsystem (19)
[2015.09.13-21.01.58:799][397]LogModuleManager: Shutting down and abandoning module HTTP (18)
[2015.09.13-21.02.00:807][397]LogModuleManager: Shutting down and abandoning module ShaderCopyHelper (17)
[2015.09.13-21.02.00:808][397]ShaderCopyHelper: Deleting project shaders from Engine/Shaders/
[2015.09.13-21.02.00:809][397]ShaderCopyHelper: Shader Copy Helper Plugin unloaded!
[2015.09.13-21.02.00:810][397]LogModuleManager: Shutting down and abandoning module PixelShader (16)
[2015.09.13-21.02.00:810][397]LogModuleManager: Shutting down and abandoning module ExampleDeviceProfileSelector (15)
[2015.09.13-21.02.00:810][397]LogModuleManager: Shutting down and abandoning module TextureCompressor (14)
[2015.09.13-21.02.00:812][397]LogModuleManager: Shutting down and abandoning module ShaderCore (13)
[2015.09.13-21.02.00:812][397]LogModuleManager: Shutting down and abandoning module Landscape (12)
[2015.09.13-21.02.00:812][397]LogModuleManager: Shutting down and abandoning module SlateRHIRenderer (11)
[2015.09.13-21.02.00:813][397]LogModuleManager: Shutting down and abandoning module OpenGLDrv (10)
[2015.09.13-21.02.00:814][397]LogModuleManager: Shutting down and abandoning module D3D11RHI (9)
[2015.09.13-21.02.00:815][397]LogModuleManager: Shutting down and abandoning module AnimGraphRuntime (8)
[2015.09.13-21.02.00:816][397]LogModuleManager: Shutting down and abandoning module Renderer (7)
[2015.09.13-21.02.00:816][397]LogModuleManager: Shutting down and abandoning module Engine (6)
[2015.09.13-21.02.00:816][397]LogModuleManager: Shutting down and abandoning module CoreUObject (5)
[2015.09.13-21.02.00:817][397]LogModuleManager: Shutting down and abandoning module NetworkFile (4)
[2015.09.13-21.02.00:817][397]LogModuleManager: Shutting down and abandoning module StreamingFile (3)
[2015.09.13-21.02.00:817][397]LogModuleManager: Shutting down and abandoning module SandboxFile (2)
[2015.09.13-21.02.00:818][397]LogModuleManager: Shutting down and abandoning module PakFile (1)
[2015.09.13-21.02.00:826][397]LogExit: Exiting.
[2015.09.13-21.02.00:846][397]Log file closed, 09/13/15 17:02:00
