[2015.09.12-01.57.46:128][  0]Log file open, 09/11/15 21:57:46
[2015.09.12-01.57.46:128][  0]LogInit:Display: Running engine for game: UnrealProject
[2015.09.12-01.57.46:130][  0]LogInit:Display: RandInit(957408475) SRandInit(957408476).
[2015.09.12-01.57.46:131][  0]LogTaskGraph: Started task graph with 4 named threads and 7 total threads.
[2015.09.12-01.57.46:131][  0]LogStats: Stats thread started at 0.176830
[2015.09.12-01.57.46:132][  0]LogInit: Version: 4.9.0-0+++depot+UE4-Releases+4.9
[2015.09.12-01.57.46:133][  0]LogInit: API Version: 0
[2015.09.12-01.57.46:134][  0]LogInit: Compiled (64-bit): Sep 11 2015 20:07:13
[2015.09.12-01.57.46:135][  0]LogInit: Compiled with Visual C++: 18.00.21005.01
[2015.09.12-01.57.46:136][  0]LogInit: Build Configuration: Development
[2015.09.12-01.57.46:137][  0]LogInit: Branch Name: ++depot+UE4-Releases+4.9
[2015.09.12-01.57.46:138][  0]LogInit: Command line: 
[2015.09.12-01.57.46:138][  0]LogInit: Base directory: C:/Program Files/Epic Games/UnrealEngine/Engine/Binaries/Win64/
[2015.09.12-01.57.46:139][  0]LogInit: Rocket: 0
[2015.09.12-01.57.46:187][  0]LogInit: Using libcurl 7.41.0
[2015.09.12-01.57.46:187][  0]LogInit:  - built for x86_64-pc-win32
[2015.09.12-01.57.46:188][  0]LogInit:  - supports SSL with WinSSL
[2015.09.12-01.57.46:188][  0]LogInit:  - other features:
[2015.09.12-01.57.46:189][  0]LogInit:      CURL_VERSION_SSL
[2015.09.12-01.57.46:190][  0]LogInit:      CURL_VERSION_IPV6
[2015.09.12-01.57.46:190][  0]LogInit:      CURL_VERSION_ASYNCHDNS
[2015.09.12-01.57.46:191][  0]LogInit:      CURL_VERSION_LARGEFILE
[2015.09.12-01.57.46:191][  0]LogInit:      CURL_VERSION_IDN
[2015.09.12-01.57.46:192][  0]LogInit:  CurlRequestOptions (configurable via config and command line):
[2015.09.12-01.57.46:192][  0]LogInit:  - bVerifyPeer = true  - Libcurl will verify peer certificate
[2015.09.12-01.57.46:193][  0]LogInit:  - bUseHttpProxy = false  - Libcurl will NOT use HTTP proxy
[2015.09.12-01.57.46:193][  0]LogInit:  - bDontReuseConnections = false  - Libcurl will reuse connections
[2015.09.12-01.57.46:194][  0]LogInit:  - CertBundlePath = nullptr  - Libcurl will use whatever was configured at build time.
[2015.09.12-01.57.46:239][  0]LogInit: Presizing for 0 objects not considered by GC, pre-allocating 0 bytes.
[2015.09.12-01.57.46:251][  0]LogInit: Object subsystem initialized
[2015.09.12-01.57.46:255][  0]LogInit: Selected Device Profile: [Windows]
[2015.09.12-01.57.46:255][  0]LogInit: Applying CVar settings loaded from the selected device profile: [Windows]
[2015.09.12-01.57.46:272][  0]LogInit: Computer: EXAYDX
[2015.09.12-01.57.46:273][  0]LogInit: User: Myriam
[2015.09.12-01.57.46:273][  0]LogInit: CPU Page size=4096, Cores=4
[2015.09.12-01.57.46:274][  0]LogInit: High frequency timer resolution =2.143486 MHz
[2015.09.12-01.57.46:274][  0]LogMemory: Memory total: Physical=15.9GB (16GB approx)
[2015.09.12-01.57.46:275][  0]LogMemory: Platform Memory Stats for Windows
[2015.09.12-01.57.46:275][  0]LogMemory: Process Physical Memory: 52.06 MB used, 52.06 MB peak
[2015.09.12-01.57.46:275][  0]LogMemory: Process Virtual Memory: 54.16 MB used, 54.16 MB peak
[2015.09.12-01.57.46:276][  0]LogMemory: Physical Memory: 6962.89 MB used, 16287.06 MB total
[2015.09.12-01.57.46:276][  0]LogMemory: Virtual Memory: 354.51 MB used, 134217728.00 MB total
[2015.09.12-01.57.47:128][  0]LogTextLocalizationManager: No specific translations for ('en-CA') exist, so ('en') translations will be used.
[2015.09.12-01.57.47:787][  0]LogD3D11RHI: Found D3D11 adapter 0: NVIDIA GeForce GT 750M      (Feature Level 11_0)
[2015.09.12-01.57.47:787][  0]LogD3D11RHI: Adapter has 1988MB of dedicated video memory, 0MB of dedicated system memory, and 2048MB of shared system memory, 1 output[s]
[2015.09.12-01.57.47:804][  0]LogD3D11RHI: Found D3D11 adapter 1: Intel(R) HD Graphics 4600 (Feature Level 11_0)
[2015.09.12-01.57.47:804][  0]LogD3D11RHI: Adapter has 0MB of dedicated video memory, 0MB of dedicated system memory, and 1792MB of shared system memory, 0 output[s]
[2015.09.12-01.57.47:808][  0]LogD3D11RHI: Found D3D11 adapter 2: Microsoft Basic Render Driver (Feature Level 11_0)
[2015.09.12-01.57.47:808][  0]LogD3D11RHI: Adapter has 0MB of dedicated video memory, 0MB of dedicated system memory, and 256MB of shared system memory, 0 output[s]
[2015.09.12-01.57.47:808][  0]LogD3D11RHI: Chosen D3D11 Adapter Id = 0
[2015.09.12-01.57.47:815][  0]LogD3D11RHI: !Direct3DDevice
[2015.09.12-01.57.47:816][  0]LogRHI: Texture pool is 1361 MB (70% of 1945 MB)
[2015.09.12-01.57.47:865][  0]LogD3D11RHI: Async texture creation enabled
[2015.09.12-01.57.47:883][  0]LogShaderCompilers: Guid format shader working directory is 14 characters bigger than the processId version (../../../../../../Users/Myriam/Documents/Unreal Projects/UnrealProject/Intermediate/Shaders/WorkingDirectory/10768/).
[2015.09.12-01.57.47:884][  0]LogShaderCompilers: Cleaned the shader compiler working directory '../../../../../../Users/Myriam/Documents/Unreal Projects/UnrealProject/Intermediate/Shaders/tmp/1023AD5F4B7871EEAE97B99516835D41/'.
[2015.09.12-01.57.47:884][  0]LogShaderCompilers:Display: Using Local Shader Compiler.
[2015.09.12-01.57.49:280][  0]LogTemp:Display: Loaded TP AllDesktopTargetPlatform
[2015.09.12-01.57.49:296][  0]LogTemp:Display: Loaded TP WindowsClientTargetPlatform
[2015.09.12-01.57.49:311][  0]LogTemp:Display: Loaded TP WindowsNoEditorTargetPlatform
[2015.09.12-01.57.49:328][  0]LogTemp:Display: Loaded TP WindowsServerTargetPlatform
[2015.09.12-01.57.49:345][  0]LogTemp:Display: Loaded TP WindowsTargetPlatform
[2015.09.12-01.57.49:362][  0]LogTemp:Display: Loaded TP AndroidTargetPlatform
[2015.09.12-01.57.49:376][  0]LogTemp:Display: Loaded TP Android_ASTCTargetPlatform
[2015.09.12-01.57.49:390][  0]LogTemp:Display: Loaded TP Android_ATCTargetPlatform
[2015.09.12-01.57.49:405][  0]LogTemp:Display: Loaded TP Android_DXTTargetPlatform
[2015.09.12-01.57.49:420][  0]LogTemp:Display: Loaded TP Android_ETC1TargetPlatform
[2015.09.12-01.57.49:433][  0]LogTemp:Display: Loaded TP Android_ETC2TargetPlatform
[2015.09.12-01.57.49:448][  0]LogTemp:Display: Loaded TP Android_PVRTCTargetPlatform
[2015.09.12-01.57.49:459][  0]LogTemp:Display: Loaded TP HTML5TargetPlatform
[2015.09.12-01.57.49:499][  0]LogTemp:Display: Loaded TP IOSTargetPlatform
[2015.09.12-01.57.49:499][  0]LogTargetPlatformManager:Display: Building Assets For Windows
[2015.09.12-01.57.49:701][  0]LogDerivedDataCache:Display: Max Cache Size: 512 MB
[2015.09.12-01.57.49:752][  0]LogDerivedDataCache: Loaded boot cache 0.05s 41MB ../../../../../../Users/Myriam/Documents/Unreal Projects/UnrealProject/DerivedDataCache/Boot.ddc.
[2015.09.12-01.57.49:753][  0]LogDerivedDataCache:Display: Loaded Boot cache: ../../../../../../Users/Myriam/Documents/Unreal Projects/UnrealProject/DerivedDataCache/Boot.ddc
[2015.09.12-01.57.49:753][  0]LogDerivedDataCache: FDerivedDataBackendGraph:  Pak pak cache file ../../../../../../Users/Myriam/Documents/Unreal Projects/UnrealProject/DerivedDataCache/DDC.ddp not found, will not use a pak cache.
[2015.09.12-01.57.49:753][  0]LogDerivedDataCache: Unable to find inner node Pak for hierarchical cache Hierarchy.
[2015.09.12-01.57.49:754][  0]LogDerivedDataCache: FDerivedDataBackendGraph:  EnginePak pak cache file ../../../Engine/DerivedDataCache/DDC.ddp not found, will not use a pak cache.
[2015.09.12-01.57.49:754][  0]LogDerivedDataCache: Unable to find inner node EnginePak for hierarchical cache Hierarchy.
[2015.09.12-01.57.49:767][  0]LogDerivedDataCache: Using Local data cache path ../../../Engine/DerivedDataCache: Writable
[2015.09.12-01.57.49:767][  0]LogDerivedDataCache: Shared data cache path not found in *engine.ini, will not use an Shared cache.
[2015.09.12-01.57.49:767][  0]LogDerivedDataCache: Unable to find inner node Shared for hierarchical cache Hierarchy.
[2015.09.12-01.57.50:579][  0]LogInit: Selected Device Profile: [Windows]
[2015.09.12-01.57.50:582][  0]LogContentStreaming: Texture pool size is 0.000000MB
[2015.09.12-01.57.50:782][  0]LogMeshUtilities: No automatic mesh reduction module available
[2015.09.12-01.57.50:783][  0]LogMeshUtilities: No automatic mesh merging module available
[2015.09.12-01.57.51:185][  0]LogInit: WinSock: version 1.1 (2.2), MaxSocks=32767, MaxUdp=65467
[2015.09.12-01.57.52:840][  0]UdpMessaging: Initializing bridge on interface 0.0.0.0:0 to multicast group 230.0.0.1:6666.
[2015.09.12-01.57.55:176][  0]LogAssetRegistry: FAssetRegistry took 0.0118 seconds to start up
[2015.09.12-01.57.55:654][  0]SourceControl: Info Source control is disabled
[2015.09.12-01.57.55:674][  0]SourceControl: Info Source control is disabled
[2015.09.12-01.57.55:708][  0]SourceControl: Info Source control is disabled
[2015.09.12-01.57.55:744][  0]SourceControl: Info Source control is disabled
[2015.09.12-01.57.58:284][  0]LogObj: 28439 objects as part of root set at end of initial load.
[2015.09.12-01.57.58:284][  0]LogUObjectAllocator: 6059376 out of 0 bytes used by permanent object pool.
[2015.09.12-01.57.58:401][  0]LogEngine: Initializing Engine...
[2015.09.12-01.57.58:406][  0]LogHMD: Can't find Oculus library dev build: is proper Runtime installed? Version: 0.6.0.0
[2015.09.12-01.57.58:415][  0]LogHMD: SteamVR failed to initialize.  Err: 110
[2015.09.12-01.57.58:608][  0]LogAIModule: Creating AISystem for world NewWorld
[2015.09.12-01.57.58:620][  0]LogInit: XAudio2 using 'Speakers (Realtek High Definition Audio)' : 2 channels at 48 kHz using 16 bits per sample (channel mask 0x3)
[2015.09.12-01.57.58:992][  0]LogInit: FAudioDevice initialized.
[2015.09.12-01.57.59:081][  0]LogDerivedDataCache: Saved boot cache 0.09s 41MB ../../../../../../Users/Myriam/Documents/Unreal Projects/UnrealProject/DerivedDataCache/Boot.ddc.
[2015.09.12-01.57.59:087][  0]LogInit: Texture streaming: Enabled
[2015.09.12-01.57.59:106][  0]LogAnalytics: Creating configured Analytics provider AnalyticsET
[2015.09.12-01.57.59:107][  0]LogAnalytics: [UEEditor.UnrealEngine.Release] APIServer = http://etsource.epicgames.com/ET2/. AppVersion = 4.9.0-0+++depot+UE4-Releases+4.9
[2015.09.12-01.57.59:107][  0]LogAnalytics: [UEEditor.UnrealEngine.Release] SetUserId b937c8bb44ffd6bca5db4cb087d12289|ae6541680da5494ea73e1894fa969d0a|ef05c746-df3b-4785-b67c-17687807354f
[2015.09.12-01.57.59:108][  0]LogAnalytics: [UEEditor.UnrealEngine.Release] AnalyticsET::StartSession
[2015.09.12-01.58.00:199][  0]LogInit: Transaction tracking system initialized
[2015.09.12-01.58.00:291][  0]BlueprintLog: New page: Editor Load
[2015.09.12-01.58.01:444][  0]LocalizationService: Info Localization service is disabled
[2015.09.12-01.58.02:724][  0]LogConsoleResponse:Display: 
[2015.09.12-01.58.06:040][  0]LogCook:Display: Done creating registry. It took  0.00s.
[2015.09.12-01.58.07:467][  0]LogFileCache: Scanning file cache for directory 'C:/Users/Myriam/Documents/Unreal Projects/UnrealProject/Content/' took 0.02s
[2015.09.12-01.58.07:548][  0]SourceControl: Info Source control is disabled
[2015.09.12-01.58.07:549][  0]Cmd: MAP LOAD FILE="../../../../../../Users/Myriam/Documents/Unreal Projects/UnrealProject/Content/StarterContent/Maps/Minimal_Default.umap" TEMPLATE=0 SHOWPROGRESS=1 FEATURELEVEL=3
[2015.09.12-01.58.07:550][  0]LightingResults: New page: Lighting Build
[2015.09.12-01.58.07:554][  0]MapCheck: New page: Map Check
[2015.09.12-01.58.07:554][  0]LightingResults: New page: Lighting Build
[2015.09.12-01.58.07:572][  0]LogParticles: Destroying 0 GPU particle simulations for FXSystem 0x0000005E2F8E5BC0
[2015.09.12-01.58.07:902][  0]LogTexture:Display: Building textures: HQ_Lightmap1_2 (AutoDXT)
[2015.09.12-01.58.07:915][  0]LogTexture:Display: Building textures: LQ_Lightmap_1_1 (DXT1)
[2015.09.12-01.58.07:974][  0]LogTexture:Display: Building textures: LQ_Lightmap_1_2 (DXT1)
[2015.09.12-01.58.08:141][  0]LogAIModule: Creating AISystem for world Minimal_Default
[2015.09.12-02.00.37:188][  0]LogEditorServer: Finished looking for orphan Actors (0.000 secs)
[2015.09.12-02.00.37:189][  0]Cmd: MAP CHECKDEP NOCLEARLOG
[2015.09.12-02.00.37:406][  0]MapCheck: Info Map check complete: 0 Error(s), 0 Warning(s), took 216.322ms to complete.
[2015.09.12-02.00.37:407][  0]LogFileHelpers: Loading map 'Minimal_Default' took 149.858
[2015.09.12-02.00.37:581][  0]LogCollectionManager: Loaded 0 collections in 0.002293 seconds
[2015.09.12-02.00.37:629][  0]LogFileCache: Scanning file cache for directory 'C:/Users/Myriam/Documents/Unreal Projects/UnrealProject/Saved/Collections/' took 0.01s
[2015.09.12-02.00.37:630][  0]LogFileCache: Scanning file cache for directory 'C:/Users/Myriam/Documents/Unreal Projects/UnrealProject/Content/Developers/Myriam/Collections/' took 0.01s
[2015.09.12-02.00.37:630][  0]LogFileCache: Scanning file cache for directory 'C:/Users/Myriam/Documents/Unreal Projects/UnrealProject/Content/Collections/' took 0.01s
[2015.09.12-02.00.37:631][  0]LogContentBrowser: Native class hierarchy populated in 0.0091 seconds. Added 1871 classes and 336 folders.
[2015.09.12-02.00.37:637][  0]LogCollectionManager: Rebuilt the GUID cache for 0 collections in 0.000002 seconds
[2015.09.12-02.00.37:645][  0]LogContentBrowser: Native class hierarchy updated for 'WidgetCarousel' in 0.0020 seconds. Added 0 classes and 0 folders.
[2015.09.12-02.00.37:826][  0]LogContentBrowser: Native class hierarchy updated for 'AddContentDialog' in 0.0025 seconds. Added 0 classes and 0 folders.
[2015.09.12-02.00.37:849][  0]LogContentBrowser: Native class hierarchy updated for 'SceneOutliner' in 0.0019 seconds. Added 1 classes and 2 folders.
[2015.09.12-02.00.37:888][  0]LogCrashTracker: Crashtracker disabled due to settings.
[2015.09.12-02.00.37:908][  0]LogUObjectGlobals:Warning: Failed to find object 'Class None.'
[2015.09.12-02.00.37:932][  0]LogLoad: Full Startup: 173.47 seconds (BP compile: 0.06 seconds)
[2015.09.12-02.00.37:941][  0]LogWindowsTextInputMethodSystem:Display: IME system now deactivated.
[2015.09.12-02.00.37:942][  0]LogWindowsTextInputMethodSystem:Display: IME system now deactivated.
[2015.09.12-02.00.38:009][  0]LogContentStreaming: Texture pool size now 1000 MB
[2015.09.12-02.00.38:168][  0]LogRenderer: Reallocating scene render targets to support 1004x460 (Frame:2).
[2015.09.12-02.00.38:668][  3]LogAssetRegistry: Asset discovery search completed in 163.5037 seconds
[2015.09.12-02.00.38:673][  3]LogCollectionManager: Rebuilt the object cache for 0 collections in 0.000000 seconds (found 0 objects)
[2015.09.12-02.00.38:673][  3]LogCollectionManager: Fixed up redirectors for 0 collections in 0.000325 seconds (updated 0 objects)
[2015.09.12-02.00.45:748][510]LogEditorViewport: Clicking on Actor (LMB): StaticMeshActor (Chair)
[2015.09.12-02.00.46:682][569]Cmd: DELETE
[2015.09.12-02.00.46:683][569]Cmd: ACTOR DELETE
[2015.09.12-02.00.46:751][569]LogEditorActor: Deleted Actor: StaticMeshActor
[2015.09.12-02.00.46:778][569]LogEditorActor: Deleted 1 Actors (0.094 secs)
[2015.09.12-02.00.47:751][641]LogEditorViewport: Clicking on Actor (LMB): StaticMeshActor (Table)
[2015.09.12-02.00.48:542][693]Cmd: DELETE
[2015.09.12-02.00.48:543][693]Cmd: ACTOR DELETE
[2015.09.12-02.00.48:544][693]LogEditorActor: Deleted Actor: StaticMeshActor
[2015.09.12-02.00.48:575][693]LogEditorActor: Deleted 1 Actors (0.031 secs)
[2015.09.12-02.00.49:671][774]LogEditorViewport: Clicking on Actor (LMB): BP_Sky_Sphere_C (BP_Sky_Sphere)
[2015.09.12-02.00.50:390][823]LogEditorViewport: Clicking on Actor (LMB): StaticMeshActor (Statue)
[2015.09.12-02.00.51:560][895]Cmd: DELETE
[2015.09.12-02.00.51:561][895]Cmd: ACTOR DELETE
[2015.09.12-02.00.51:562][895]LogEditorActor: Deleted Actor: StaticMeshActor
[2015.09.12-02.00.51:593][895]LogEditorActor: Deleted 1 Actors (0.031 secs)
[2015.09.12-02.00.52:760][983]LogEditorViewport: Clicking on Actor (LMB): StaticMeshActor (Chair)
[2015.09.12-02.00.53:280][ 15]Cmd: DELETE
[2015.09.12-02.00.53:281][ 15]Cmd: ACTOR DELETE
[2015.09.12-02.00.53:282][ 15]LogEditorActor: Deleted Actor: StaticMeshActor
[2015.09.12-02.00.53:316][ 15]LogEditorActor: Deleted 1 Actors (0.034 secs)
[2015.09.12-02.00.56:006][208]LogEditorViewport: Clicking on Actor (LMB): PlayerStart (Player Start)
[2015.09.1