[2015.09.12-15.07.14:118][  0]Log file open, 09/12/15 11:07:14
[2015.09.12-15.07.14:118][  0]LogInit:Display: Running engine for game: UnrealProject
[2015.09.12-15.07.14:119][  0]LogInit:Display: RandInit(-588932909) SRandInit(-588932909).
[2015.09.12-15.07.14:119][  0]LogTaskGraph: Started task graph with 4 named threads and 7 total threads.
[2015.09.12-15.07.14:119][  0]LogStats: Stats thread started at 0.172659
[2015.09.12-15.07.14:120][  0]LogInit: Version: 4.9.0-0+++depot+UE4-Releases+4.9
[2015.09.12-15.07.14:120][  0]LogInit: API Version: 0
[2015.09.12-15.07.14:120][  0]LogInit: Compiled (64-bit): Sep 11 2015 20:07:13
[2015.09.12-15.07.14:120][  0]LogInit: Compiled with Visual C++: 18.00.21005.01
[2015.09.12-15.07.14:120][  0]LogInit: Build Configuration: Development
[2015.09.12-15.07.14:121][  0]LogInit: Branch Name: ++depot+UE4-Releases+4.9
[2015.09.12-15.07.14:121][  0]LogInit: Command line: 
[2015.09.12-15.07.14:121][  0]LogInit: Base directory: C:/Program Files/Epic Games/UnrealEngine/Engine/Binaries/Win64/
[2015.09.12-15.07.14:121][  0]LogInit: Rocket: 0
[2015.09.12-15.07.14:152][  0]LogInit: Using libcurl 7.41.0
[2015.09.12-15.07.14:152][  0]LogInit:  - built for x86_64-pc-win32
[2015.09.12-15.07.14:152][  0]LogInit:  - supports SSL with WinSSL
[2015.09.12-15.07.14:153][  0]LogInit:  - other features:
[2015.09.12-15.07.14:153][  0]LogInit:      CURL_VERSION_SSL
[2015.09.12-15.07.14:153][  0]LogInit:      CURL_VERSION_IPV6
[2015.09.12-15.07.14:154][  0]LogInit:      CURL_VERSION_ASYNCHDNS
[2015.09.12-15.07.14:154][  0]LogInit:      CURL_VERSION_LARGEFILE
[2015.09.12-15.07.14:154][  0]LogInit:      CURL_VERSION_IDN
[2015.09.12-15.07.14:154][  0]LogInit:  CurlRequestOptions (configurable via config and command line):
[2015.09.12-15.07.14:155][  0]LogInit:  - bVerifyPeer = true  - Libcurl will verify peer certificate
[2015.09.12-15.07.14:155][  0]LogInit:  - bUseHttpProxy = false  - Libcurl will NOT use HTTP proxy
[2015.09.12-15.07.14:155][  0]LogInit:  - bDontReuseConnections = false  - Libcurl will reuse connections
[2015.09.12-15.07.14:156][  0]LogInit:  - CertBundlePath = nullptr  - Libcurl will use whatever was configured at build time.
[2015.09.12-15.07.14:181][  0]LogInit: Presizing for 0 objects not considered by GC, pre-allocating 0 bytes.
[2015.09.12-15.07.14:188][  0]LogInit: Object subsystem initialized
[2015.09.12-15.07.14:191][  0]LogInit: Selected Device Profile: [Windows]
[2015.09.12-15.07.14:191][  0]LogInit: Applying CVar settings loaded from the selected device profile: [Windows]
[2015.09.12-15.07.14:202][  0]LogInit: Computer: EXAYDX
[2015.09.12-15.07.14:203][  0]LogInit: User: Myriam
[2015.09.12-15.07.14:203][  0]LogInit: CPU Page size=4096, Cores=4
[2015.09.12-15.07.14:204][  0]LogInit: High frequency timer resolution =2.143486 MHz
[2015.09.12-15.07.14:204][  0]LogMemory: Memory total: Physical=15.9GB (16GB approx)
[2015.09.12-15.07.14:204][  0]LogMemory: Platform Memory Stats for Windows
[2015.09.12-15.07.14:205][  0]LogMemory: Process Physical Memory: 52.32 MB used, 52.32 MB peak
[2015.09.12-15.07.14:205][  0]LogMemory: Process Virtual Memory: 58.16 MB used, 58.16 MB peak
[2015.09.12-15.07.14:205][  0]LogMemory: Physical Memory: 9304.02 MB used, 16287.06 MB total
[2015.09.12-15.07.14:205][  0]LogMemory: Virtual Memory: 358.51 MB used, 134217728.00 MB total
[2015.09.12-15.07.15:054][  0]LogTextLocalizationManager: No specific translations for ('en-CA') exist, so ('en') translations will be used.
[2015.09.12-15.07.15:696][  0]LogD3D11RHI: Found D3D11 adapter 0: NVIDIA GeForce GT 750M      (Feature Level 11_0)
[2015.09.12-15.07.15:696][  0]LogD3D11RHI: Adapter has 1988MB of dedicated video memory, 0MB of dedicated system memory, and 2048MB of shared system memory, 1 output[s]
[2015.09.12-15.07.15:712][  0]LogD3D11RHI: Found D3D11 adapter 1: Intel(R) HD Graphics 4600 (Feature Level 11_0)
[2015.09.12-15.07.15:712][  0]LogD3D11RHI: Adapter has 0MB of dedicated video memory, 0MB of dedicated system memory, and 1792MB of shared system memory, 0 output[s]
[2015.09.12-15.07.15:719][  0]LogD3D11RHI: Found D3D11 adapter 2: Microsoft Basic Render Driver (Feature Level 11_0)
[2015.09.12-15.07.15:719][  0]LogD3D11RHI: Adapter has 0MB of dedicated video memory, 0MB of dedicated system memory, and 256MB of shared system memory, 0 output[s]
[2015.09.12-15.07.15:719][  0]LogD3D11RHI: Chosen D3D11 Adapter Id = 0
[2015.09.12-15.07.15:727][  0]LogD3D11RHI: !Direct3DDevice
[2015.09.12-15.07.15:727][  0]LogRHI: Texture pool is 1361 MB (70% of 1945 MB)
[2015.09.12-15.07.15:778][  0]LogD3D11RHI: Async texture creation enabled
[2015.09.12-15.07.15:796][  0]LogShaderCompilers: Guid format shader working directory is 15 characters bigger than the processId version (../../../../../../Users/Myriam/Documents/Unreal Projects/UnrealProject/Intermediate/Shaders/WorkingDirectory/9496/).
[2015.09.12-15.07.15:797][  0]LogShaderCompilers: Cleaned the shader compiler working directory '../../../../../../Users/Myriam/Documents/Unreal Projects/UnrealProject/Intermediate/Shaders/tmp/01F7F40E422CDBEC25272896358AADA9/'.
[2015.09.12-15.07.15:798][  0]LogShaderCompilers:Display: Using Local Shader Compiler.
[2015.09.12-15.07.16:912][  0]LogTemp:Display: Loaded TP AllDesktopTargetPlatform
[2015.09.12-15.07.16:927][  0]LogTemp:Display: Loaded TP WindowsClientTargetPlatform
[2015.09.12-15.07.16:942][  0]LogTemp:Display: Loaded TP WindowsNoEditorTargetPlatform
[2015.09.12-15.07.16:957][  0]LogTemp:Display: Loaded TP WindowsServerTargetPlatform
[2015.09.12-15.07.16:972][  0]LogTemp:Display: Loaded TP WindowsTargetPlatform
[2015.09.12-15.07.16:987][  0]LogTemp:Display: Loaded TP AndroidTargetPlatform
[2015.09.12-15.07.17:001][  0]LogTemp:Display: Loaded TP Android_ASTCTargetPlatform
[2015.09.12-15.07.17:014][  0]LogTemp:Display: Loaded TP Android_ATCTargetPlatform
[2015.09.12-15.07.17:027][  0]LogTemp:Display: Loaded TP Android_DXTTargetPlatform
[2015.09.12-15.07.17:041][  0]LogTemp:Display: Loaded TP Android_ETC1TargetPlatform
[2015.09.12-15.07.17:054][  0]LogTemp:Display: Loaded TP Android_ETC2TargetPlatform
[2015.09.12-15.07.17:068][  0]LogTemp:Display: Loaded TP Android_PVRTCTargetPlatform
[2015.09.12-15.07.17:078][  0]LogTemp:Display: Loaded TP HTML5TargetPlatform
[2015.09.12-15.07.17:117][  0]LogTemp:Display: Loaded TP IOSTargetPlatform
[2015.09.12-15.07.17:117][  0]LogTargetPlatformManager:Display: Building Assets For Windows
[2015.09.12-15.07.17:316][  0]LogDerivedDataCache:Display: Max Cache Size: 512 MB
[2015.09.12-15.07.17:361][  0]LogDerivedDataCache: Loaded boot cache 0.04s 41MB ../../../../../../Users/Myriam/Documents/Unreal Projects/UnrealProject/DerivedDataCache/Boot.ddc.
[2015.09.12-15.07.17:361][  0]LogDerivedDataCache:Display: Loaded Boot cache: ../../../../../../Users/Myriam/Documents/Unreal Projects/UnrealProject/DerivedDataCache/Boot.ddc
[2015.09.12-15.07.17:362][  0]LogDerivedDataCache: FDerivedDataBackendGraph:  Pak pak cache file ../../../../../../Users/Myriam/Documents/Unreal Projects/UnrealProject/DerivedDataCache/DDC.ddp not found, will not use a pak cache.
[2015.09.12-15.07.17:362][  0]LogDerivedDataCache: Unable to find inner node Pak for hierarchical cache Hierarchy.
[2015.09.12-15.07.17:363][  0]LogDerivedDataCache: FDerivedDataBackendGraph:  EnginePak pak cache file ../../../Engine/DerivedDataCache/DDC.ddp not found, will not use a pak cache.
[2015.09.12-15.07.17:363][  0]LogDerivedDataCache: Unable to find inner node EnginePak for hierarchical cache Hierarchy.
[2015.09.12-15.07.17:376][  0]LogDerivedDataCache: Using Local data cache path ../../../Engine/DerivedDataCache: Writable
[2015.09.12-15.07.17:376][  0]LogDerivedDataCache: Shared data cache path not found in *engine.ini, will not use an Shared cache.
[2015.09.12-15.07.17:377][  0]LogDerivedDataCache: Unable to find inner node Shared for hierarchical cache Hierarchy.
[2015.09.12-15.07.17:569][  0]LogInit: Selected Device Profile: [Windows]
[2015.09.12-15.07.17:573][  0]LogContentStreaming: Texture pool size is 0.000000MB
[2015.09.12-15.07.17:714][  0]LogMeshUtilities: No automatic mesh reduction module available
[2015.09.12-15.07.17:714][  0]LogMeshUtilities: No automatic mesh merging module available
[2015.09.12-15.07.18:010][  0]LogInit: WinSock: version 1.1 (2.2), MaxSocks=32767, MaxUdp=65467
[2015.09.12-15.07.19:136][  0]UdpMessaging: Initializing bridge on interface 0.0.0.0:0 to multicast group 230.0.0.1:6666.
[2015.09.12-15.07.19:366][  0]LogAssetRegistry: FAssetRegistry took 0.0118 seconds to start up
[2015.09.12-15.07.19:697][  0]SourceControl: Info Source control is disabled
[2015.09.12-15.07.19:713][  0]SourceControl: Info Source control is disabled
[2015.09.12-15.07.19:736][  0]SourceControl: Info Source control is disabled
[2015.09.12-15.07.19:763][  0]SourceControl: Info Source control is disabled
[2015.09.12-15.07.20:243][  0]LogObj: 28441 objects as part of root set at end of initial load.
[2015.09.12-15.07.20:243][  0]LogUObjectAllocator: 6060000 out of 0 bytes used by permanent object pool.
[2015.09.12-15.07.20:326][  0]LogEngine: Initializing Engine...
[2015.09.12-15.07.20:329][  0]LogHMD: Can't find Oculus library dev build: is proper Runtime installed? Version: 0.6.0.0
[2015.09.12-15.07.20:336][  0]LogHMD: SteamVR failed to initialize.  Err: 110
[2015.09.12-15.07.20:476][  0]LogAIModule: Creating AISystem for world NewWorld
[2015.09.12-15.07.20:484][  0]LogInit: XAudio2 using 'Speakers (Realtek High Definition Audio)' : 2 channels at 48 kHz using 16 bits per sample (channel mask 0x3)
[2015.09.12-15.07.20:980][  0]LogInit: FAudioDevice initialized.
[2015.09.12-15.07.21:007][  0]LogDerivedDataCache: Saved boot cache 0.03s 41MB ../../../../../../Users/Myriam/Documents/Unreal Projects/UnrealProject/DerivedDataCache/Boot.ddc.
[2015.09.12-15.07.21:016][  0]LogInit: Texture streaming: Enabled
[2015.09.12-15.07.21:032][  0]LogAnalytics: Creating configured Analytics provider AnalyticsET
[2015.09.12-15.07.21:033][  0]LogAnalytics: [UEEditor.UnrealEngine.Release] APIServer = http://etsource.epicgames.com/ET2/. AppVersion = 4.9.0-0+++depot+UE4-Releases+4.9
[2015.09.12-15.07.21:033][  0]LogAnalytics: [UEEditor.UnrealEngine.Release] SetUserId b937c8bb44ffd6bca5db4cb087d12289|ae6541680da5494ea73e1894fa969d0a|ef05c746-df3b-4785-b67c-17687807354f
[2015.09.12-15.07.21:034][  0]LogAnalytics: [UEEditor.UnrealEngine.Release] AnalyticsET::StartSession
[2015.09.12-15.07.21:052][  0]LogInit: Transaction tracking system initialized
[2015.09.12-15.07.21:138][  0]BlueprintLog: New page: Editor Load
[2015.09.12-15.07.21:450][  0]LocalizationService: Info Localization service is disabled
[2015.09.12-15.07.21:663][  0]LogConsoleResponse:Display: 
[2015.09.12-15.07.21:809][  0]LogCook:Display: Done creating registry. It took  0.00s.
[2015.09.12-15.07.21:977][  0]LogFileCache: Scanning file cache for directory 'C:/Users/Myriam/Documents/Unreal Projects/UnrealProject/Content/' took 0.02s
[2015.09.12-15.07.21:977][  0]SourceControl: Info Source control is disabled
[2015.09.12-15.07.21:978][  0]Cmd: MAP LOAD FILE="../../../../../../Users/Myriam/Documents/Unreal Projects/UnrealProject/Content/StarterContent/Maps/Minimal_Default.umap" TEMPLATE=0 SHOWPROGRESS=1 FEATURELEVEL=3
[2015.09.12-15.07.21:979][  0]LightingResults: New page: Lighting Build
[2015.09.12-15.07.21:982][  0]MapCheck: New page: Map Check
[2015.09.12-15.07.21:983][  0]LightingResults: New page: Lighting Build
[2015.09.12-15.07.21:994][  0]LogParticles: Destroying 0 GPU particle simulations for FXSystem 0x0000000345F05620
[2015.09.12-15.07.22:243][  0]LogTexture:Display: Building textures: HQ_Lightmap0_1 (AutoDXT)
[2015.09.12-15.07.22:257][  0]LogTexture:Display: Building textures: HQ_Lightmap0_2 (AutoDXT)
[2015.09.12-15.07.22:265][  0]LogTexture:Display: Building textures: LQ_Lightmap_0_1 (DXT1)
[2015.09.12-15.07.22:273][  0]LogTexture:Display: Building textures: LQ_Lightmap_0_2 (DXT1)
[2015.09.12-15.07.22:279][  0]LogTexture:Display: Building textures: SkyOcclusion0_1 (AutoDXT)
[2015.09.12-15.07.22:287][  0]LogTexture:Display: Building textures: SkyOcclusion0_2 (AutoDXT)
[2015.09.12-15.07.22:303][  0]LogAIModule: Creating AISystem for world Minimal_Default
[2015.09.12-15.07.22:319][  0]LogEditorServer: Finished looking for orphan Actors (0.000 secs)
[2015.09.12-15.07.22:322][  0]Cmd: MAP CHECKDEP NOCLEARLOG
[2015.09.12-15.07.22:459][  0]MapCheck: Info Map check complete: 0 Error(s), 0 Warning(s), took 136.052ms to complete.
[2015.09.12-15.07.22:459][  0]LogFileHelpers: Loading map 'Minimal_Default' took 0.481
[2015.09.12-15.07.22:590][  0]LogCollectionManager: Loaded 0 collections in 0.002589 seconds
[2015.09.12-15.07.22:648][  0]LogFileCache: Scanning file cache for directory 'C:/Users/Myriam/Documents/Unreal Projects/UnrealProject/Saved/Collections/' took 0.01s
[2015.09.12-15.07.22:648][  0]LogFileCache: Scanning file cache for directory 'C:/Users/Myriam/Documents/Unreal Projects/UnrealProject/Content/Developers/Myriam/Collections/' took 0.01s
[2015.09.12-15.07.22:649][  0]LogFileCache: Scanning file cache for directory 'C:/Users/Myriam/Documents/Unreal Projects/UnrealProject/Content/Collections/' took 0.01s
[2015.09.12-15.07.22:649][  0]LogContentBrowser: Native class hierarchy populated in 0.0131 seconds. Added 1872 classes and 337 folders.
[2015.09.12-15.07.22:655][  0]LogCollectionManager: Rebuilt the GUID cache for 0 collections in 0.000002 seconds
[2015.09.12-15.07.22:669][  0]LogContentBrowser: Native class hierarchy updated for 'WidgetCarousel' in 0.0072 seconds. Added 0 classes and 0 folders.
[2015.09.12-15.07.22:781][  0]LogContentBrowser: Native class hierarchy updated for 'AddContentDialog' in 0.0042 seconds. Added 0 classes and 0 folders.
[2015.09.12-15.07.22:805][  0]LogContentBrowser: Native class hierarchy updated for 'SceneOutliner' in 0.0047 seconds. Added 1 classes and 2 folders.
[2015.09.12-15.07.22:848][  0]LogCrashTracker: Crashtracker disabled due to settings.
[2015.09.12-15.07.22:854][  0]LogUObjectGlobals:Warning: Failed to find object 'Class None.'
[2015.09.12-15.07.22:879][  0]LogLoad: Full Startup: 10.34 seconds (BP compile: 0.04 seconds)
[2015.09.12-15.07.22:896][  0]LogWindowsTextInputMethodSystem:Display: IME system now deactivated.
[2015.09.12-15.07.22:897][  0]LogWindowsTextInputMethodSystem:Display: IME system now deactivated.
[2015.09.12-15.07.22:963][  0]LogContentStreaming: Texture pool size now 1000 MB
[2015.09.12-15.07.23:134][  0]LogRenderer: Reallocating scene render targets to support 1004x460 (Frame:2).
[2015.09.12-15.07.23:443][  2]LogAssetRegistry: Asset discovery search completed in 4.0896 seconds
[2015.09.12-15.07.23:443][  2]LogCollectionManager: Rebuilt the object cache for 0 collections in 0.000000 seconds (found 0 objects)
[2015.09.12-15.07.23:444][  2]LogCollectionManager: Fixed up redirectors for 0 collections in 0.000528 seconds (updated 0 objects)
[2015.09.12-15.22.44:325][406]LogTexture:Display: Building textures: CameraActor_64x (BGRA8)
[2015.09.12-15.22.44:404][406]LogTexture:Display: Building textures: BlueprintInterface_64x (BGRA8)
[2015.09.12-15.22.44:439][406]LogTexture:Display: Building textures: BlueprintMacroLibrary_64x (BGRA8)
[2015.09.12-15.22.44:745][406]LogTexture:Display: Building textures: IOS (BGRA8)
[2015.09.12-15.22.44:773][406]LogTexture:Display: Building textures: Paper2DFlipbook_TutorialIcon (BGRA8)
[2015.09.12-15.25.06:490][878]LogUObjectGlobals:Warning: Failed to find object 'Object None.EditorViewports'
[2015.09.12-15.26.09:468][642]LogMaterial: Missing cached shader map for material TutorialMaterial, compiling. 
[2015.09.12-15.26.09:606][642]LogMaterial: Missing cached shader map for material TutorialMaterial, compiling. 
[2015.09.12-15.26.10:304][642]LogMaterial: Missing cached shader map for material TutorialMaterial, compiling. 
[2015.09.12-15.26.10:315][642]LogMaterial: 0.000052 seconds spent updating 1 materials, 1 interfaces, 0 instances, 0 with static permutations.
[2015.09.12-15.26.14:936][838]MaterialEditorStats: Info Base pass shader with only dynamic lighting: 31 instructions
[2015.09.12-15.26.14:936][838]MaterialEditorStats: Info Vertex shader: 31 instructions
[2015.09.12-15.26.14:937][838]MaterialEditorStats: Info Texture samplers: 0/16
[2015.09.12-15.26.41:287][209]LogUObjectGlobals:Warning: Failed to find object 'Object None.MaterialEditor_MaterialProperties'
[2015.09.12-15.26.41:289][209]LogUObjectGlobals:Warning: Failed to find object 'Object None.MaterialEditor_MaterialProperties'
[2015.09.12-15.26.51:045][710]LogUObjectGlobals:Warning: Failed to find object 'Object None.GraphEditorPanel'
[2015.09.12-15.26.51:048][710]LogUObjectGlobals:Warning: Failed to find object 'Object None.GraphEditorPanel'
[2015.09.12-15.26.52:509][786]LogUObjectGlobals:Warning: Failed to find object 'Object None.GraphEditorPanel'
[2015.09.12-15.26.52:511][786]LogUObjectGlobals:Warning: Failed to find object 'Object None.GraphEditorPanel'
[2015.09.12-15.26.53:535][840]LogUObjectGlobals:Warning: Failed to find object 'Object None.MaterialPalette'
[2015.09.12-15.26.53:537][840]LogUObjectGlobals:Warning: Failed to find object 'Object None.MaterialPalette'
[2015.09.12-15.26.55:350][932]LogUObjectGlobals:Warning: Failed to find object 'Object None.GraphEditorPanel'
[2015.09.12-15.26.55:353][932]LogUObjectGlobals:Warning: Failed to find object 'Object None.GraphEditorPanel'
[2015.09.12-15.29.11:659][186]LogMaterial: Missing cached shader map for material TutorialMaterial, compiling. 
[2015.09.12-15.29.11:673][186]LogMaterial: 0.000190 seconds spent updating 1 materials, 1 interfaces, 0 instances, 0 with static permutations.
[2015.09.12-15.29.11:676][186]LogMaterial: Missing cached shader map for material FMatExpressionPreview MaterialExpressionConstant3Vector_0, compiling. 
[2015.09.12-15.29.14:725][293]MaterialEditorStats: Info Base pass shader with only dynamic lighting: 31 instructions
[2015.09.12-15.29.14:726][293]MaterialEditorStats: Info Vertex shader: 31 instructions
[2015.09.12-15.29.14:727][293]MaterialEditorStats: Info Texture samplers: 0/16
[2015.09.12-15.29.51:708][958]LogMaterial: Missing cached shader map for material TutorialMaterial, compiling. 
[2015.09.12-15.29.51:721][958]LogMaterial: 0.000169 seconds spent updating 1 materials, 1 interfaces, 0 instances, 0 with static permutations.
[2015.09.12-15.29.51:863][958]LogMaterial: Missing cached shader map for material FMatExpressionPreview MaterialExpressionConstant3Vector_0, compiling. 
[2015.09.12-15.29.54:501][ 61]MaterialEditorStats: Info Base pass shader with only dynamic lighting: 31 instructions
[2015.09.12-15.29.54:502][ 61]MaterialEditorStats: Info Vertex shader: 31 instructions
[2015.09.12-15.29.54:503][ 61]MaterialEditorStats: Info Texture samplers: 0/16
[2015.09.12-15.30.28:326][572]LogMaterial: Missing cached shader map for material TutorialMaterial, compiling. 
[2015.09.12-15.30.28:338][572]LogMaterial: 0.000077 seconds spent updating 1 materials, 1 interfaces, 0 instances, 0 with static permutations.
[2015.09.12-15.30.30:946][680]MaterialEditorStats: Info Base pass shader with only dynamic lighting: 31 instructions
[2015.09.12-15.30.30:947][680]MaterialEditorStats: Info Vertex shader: 31 instructions
[2015.09.12-15.30.30:948][680]MaterialEditorStats: Info Texture samplers: 0/16
[2015.09.12-15.30.42:973][254]LogMaterial: Missing cached shader map for material TutorialMaterial, compiling. 
[2015.09.12-15.30.42:984][254]LogMaterial: 0.000065 seconds spent updating 1 materials, 1 interfaces, 0 instances, 0 with static permutations.
[2015.09.12-15.30.44:604][323]MaterialEditorStats: Info Base pass shader with only dynamic lighting: 31 instructions
[2015.09.12-15.30.44:605][323]MaterialEditorStats: Info Vertex shader: 31 instructions
[2015.09.12-15.30.44:606][323]MaterialEditorStats: Info Texture samplers: 0/16
[2015.09.12-15.30.47:027][482]LogMaterial: Missing cached shader map for material TutorialMaterial, compiling. 
[2015.09.12-15.30.47:038][482]LogMaterial: 0.000070 seconds spent updating 1 materials, 1 interfaces, 0 instances, 0 with static permutations.
[2015.09.12-15.30.48:617][549]MaterialEditorStats: Info Base pass shader with only dynamic lighting: 31 instructions
[2015.09.12-15.30.48:618][549]MaterialEditorStats: Info Vertex shader: 31 instructions
[2015.09.12-15.30.48:618][549]MaterialEditorStats: Info Texture samplers: 0/16
[2015.09.12-15.30.58:575][981]LogMaterial: Missing cached shader map for material TutorialMaterial, compiling. 
[2015.09.12-15.30.58:586][981]LogMaterial: 0.000152 seconds spent updating 1 materials, 1 interfaces, 0 instances, 0 with static permutations.
[2015.09.12-15.31.00:192][ 48]MaterialEditorStats: Info Base pass shader with only dynamic lighting: 31 instructions
[2015.09.12-15.31.00:193][ 48]MaterialEditorStats: Info Vertex shader: 31 instructions
[2015.09.12-15.31.00:193][ 48]MaterialEditorStats: Info Texture samplers: 0/16
[2015.09.12-15.31.00:245][ 49]LogMaterial: Missing cached shader map for material TutorialMaterial, compiling. 
[2015.09.12-15.31.00:257][ 49]LogMaterial: 0.000127 seconds spent updating 1 materials, 1 interfaces, 0 instances, 0 with static permutations.
[2015.09.12-15.31.01:737][107]MaterialEditorStats: Info Base pass shader with only dynamic lighting: 31 instructions
[2015.09.12-15.31.01:738][107]MaterialEditorStats: Info Vertex shader: 31 instructions
[2015.09.12-15.31.01:738][107]MaterialEditorStats: Info Texture samplers: 0/16
[2015.09.12-15.31.21:491][984]LogMaterial: Missing cached shader map for material TutorialMaterial, compiling. 
[2015.09.12-15.31.21:503][984]LogMaterial: 0.000069 seconds spent updating 1 materials, 1 interfaces, 0 instances, 0 with static permutations.
[2015.09.12-15.31.21:540][984]LogMaterial: Missing cached shader map for material FMatExpressionPreview MaterialExpressionConstant3Vector_0, compiling. 
[2015.09.12-15.31.24:112][ 83]MaterialEditorStats: Info Base pass shader with only dynamic lighting: 31 instructions
[2015.09.12-15.31.24:113][ 83]MaterialEditorStats: Info Vertex shader: 31 instructions
[2015.09.12-15.31.24:114][ 83]MaterialEditorStats: Info Texture samplers: 0/16
[2015.09.12-15.31.56:514][472]LogMaterial: Missing cached shader map for material TutorialMaterial, compiling. 
[2015.09.12-15.31.56:528][472]LogMaterial: 0.000175 seconds spent updating 1 materials, 1 interfaces, 0 instances, 0 with static permutations.
[2015.09.12-15.31.59:213][569]MaterialEditorStats: Info Base pass shader with only dynamic lighting: 31 instructions
[2015.09.12-15.31.59:214][569]MaterialEditorStats: Info Vertex shader: 31 instructions
[2015.09.12-15.31.59:215][569]MaterialEditorStats: Info Texture samplers: 0/16
[2015.09.12-15.32.00:056][613]LogMaterial: Missing cached shader map for material TutorialMaterial, compiling. 
[2015.09.12-15.32.00:069][613]LogMaterial: 0.000146 seconds spent updating 1 materials, 1 interfaces, 0 instances, 0 with static permutations.
[2015.09.12-15.32.01:893][677]MaterialEditorStats: Info Base pass shader with only dynamic lighting: 30 instructions
[2015.09.12-15.32.01:894][677]MaterialEditorStats: Info Vertex shader: 31 instructions
[2015.09.12-15.32.01:895][677]MaterialEditorStats: Info Texture samplers: 0/16
[2015.09.12-15.32.04:493][822]LogMaterial: Missing cached shader map for material TutorialMaterial, compiling. 
[2015.09.12-15.32.04:506][822]LogMaterial: 0.000082 seconds spent updating 1 materials, 1 interfaces, 0 instances, 0 with static permutations.
[2015.09.12-15.32.06:399][889]MaterialEditorStats: Info Base pass shader with only dynamic lighting: 30 instructions
[2015.09.12-15.32.06:400][889]MaterialEditorStats: Info Vertex shader: 31 instructions
[2015.09.12-15.32.06:400][889]MaterialEditorStats: Info Texture samplers: 0/16
[2015.09.12-15.32.36:460][257]LogMaterial: Missing cached shader map for material FMatExpressionPreview MaterialExpressionConstant_0, compiling. 
[2015.09.12-15.32.38:162][325]LogMaterial: Missing cached shader map for material FMatExpressionPreview MaterialExpressionConstant_1, compiling. 
[2015.09.12-15.33.34:626][989]LogMaterial: Missing cached shader map for material TutorialMaterial, compiling. 
[2015.09.12-15.33.34:638][989]LogMaterial: 0.000147 seconds spent updating 1 materials, 1 interfaces, 0 instances, 0 with static permutations.
[2015.09.12-15.33.37:834][118]MaterialEditorStats: Info Base pass shader with only dynamic lighting: 30 instructions
[2015.09.12-15.33.37:835][118]MaterialEditorStats: Info Vertex shader: 31 instructions
[2015.09.12-15.33.37:836][118]MaterialEditorStats: Info Texture samplers: 0/16
[2015.09.12-15.34.36:326][645]LogMaterial: Missing cached shader map for material TutorialMaterial, compiling. 
[2015.09.12-15.34.36:336][645]LogMaterial: 0.000131 seconds spent updating 1 materials, 1 interfaces, 0 instances, 0 with static permutations.
[2015.09.12-15.34.38:698][742]MaterialEditorStats: Info Base pass shader with only dynamic lighting: 30 instructions
[2015.09.12-15.34.38:699][742]MaterialEditorStats: Info Vertex shader: 31 instructions
[2015.09.12-15.34.38:700][742]MaterialEditorStats: Info Texture samplers: 0/16
[2015.09.12-15.34.40:837][831]LogMaterial: Missing cached shader map for material TutorialMaterial, compiling. 
[2015.09.12-15.34.40:848][831]LogMaterial: 0.000072 seconds spent updating 1 materials, 1 interfaces, 0 instances, 0 with static permutations.
[2015.09.12-15.34.42:539][898]MaterialEditorStats: Info Base pass shader with only dynamic lighting: 30 instructions
[2015.09.12-15.34.42:540][898]MaterialEditorStats: Info Vertex shader: 31 instructions
[2015.09.12-15.34.42:541][898]MaterialEditorStats: Info Texture samplers: 0/16
[2015.09.12-15.37.08:390][858]LogWindows: LaunchURL http://docs.unrealengine.com/latest/INT/Engine/Rendering/Materials/MaterialInstances/index.html?utm_source=editor&utm_medium=docs&utm_campaign=tutorials
[2015.09.12-15.37.32:977][995]LogMaterialEditor: Applying material TutorialMaterial
[2015.09.12-15.37.34:250][995]LogMaterial: Missing cached shader map for material TutorialMaterial, compiling. 
[2015.09.12-15.37.34:294][995]LogMaterial: 0.000127 seconds spent updating 1 materials, 1 interfaces, 0 instances, 0 with static permutations.
[2015.09.12-15.37.34:386][995]LogMaterial: Missing cached shader map for material TutorialMaterial, compiling. 
[2015.09.12-15.37.34:452][995]LogMaterial: Missing cached shader map for material TutorialMaterial, compiling. 
[2015.09.12-15.37.34:471][995]LogMaterial: 0.000716 seconds spent updating 1 materials, 1 interfaces, 0 instances, 0 with static permutations.
[2015.09.12-15.37.38:034][163]LogMaterialEditor: Saving and Compiling material TutorialMaterial
[2015.09.12-15.37.39:664][163]Cmd: OBJ SAVEPACKAGE PACKAGE="/Engine/Tutorial/SubEditors/TutorialAssets/TutorialMaterial" FILE="../../../Engine/Content/Tutorial/SubEditors/TutorialAssets/TutorialMaterial.uasset" SILENT=true
[2015.09.12-15.37.39:708][163]LogSavePackage: Save=29.063404ms
[2015.09.12-15.37.39:709][163]LogSavePackage: Moving '../../../../../../Users/Myriam/Documents/Unreal Projects/UnrealProject/Saved/TutorialMaterial2CB1AFED4C00DB442665DD9560CFA07A.tmp' to '../../../Engine/Content/Tutorial/SubEditors/TutorialAssets/TutorialMaterial.uasset'
[2015.09.12-15.37.39:719][163]LogSavePackage: Total save time: 50.967444ms
[2015.09.12-15.37.39:719][163]LogSavePackage:Warning: Finished SavePackage ../../../Engine/Content/Tutorial/SubEditors/TutorialAssets/TutorialMaterial.uasset
[2015.09.12-15.37.39:727][163]MaterialEditorStats: Info Base pass shader with only dynamic lighting: 59 instructions
[2015.09.12-15.37.39:728][163]MaterialEditorStats: Info Vertex shader: 31 instructions
[2015.09.12-15.37.39:728][163]MaterialEditorStats: Info Texture samplers: 3/16
[2015.09.12-15.39.19:859][  7]LogEditorViewport: Clicking on Actor (LMB): StaticMeshActor (Sphere)
[2015.09.12-15.40.31:796][ 29]LogMaterial:Warning: Material /Game/PhongMaterial.PhongMaterial needed to have new flag set bUsedWithStaticLighting !
[2015.09.12-15.40.31:806][ 29]LogMaterial: Missing cached shader map for material PhongMaterial, compiling. 
[2015.09.12-15.40.31:856][ 29]LogMaterial: 0.000106 seconds spent updating 1 materials, 1 interfaces, 0 instances, 0 with static permutations.
[2015.09.12-15.40.43:923][ 95]LogMaterial: Missing cached shader map for material PhongMaterial, compiling. 
[2015.09.12-15.40.44:018][ 95]LogMaterial: Missing cached shader map for material PhongMaterial, compiling. 
[2015.09.12-15.40.44:027][ 95]LogMaterial: 0.000068 seconds spent updating 1 materials, 1 interfaces, 0 instances, 0 with static permutations.
[2015.09.12-15.40.45:353][152]MaterialEditorStats: Info Base pass shader with static lighting: 63 instructions
[2015.09.12-15.40.45:353][152]MaterialEditorStats: Info Base pass shader with only dynamic lighting: 31 instructions
[2015.09.12-15.40.45:354][152]MaterialEditorStats: Info Vertex shader: 31 instructions
[2015.09.12-15.40.45:354][152]MaterialEditorStats: Info Texture samplers: 2/16
[2015.09.12-15.40.54:812][697]LogMaterial: Missing cached shader map for material PhongMaterial, compiling. 
[2015.09.12-15.40.54:822][697]LogMaterial: 0.000120 seconds spent updating 1 materials, 1 interfaces, 0 instances, 0 with static permutations.
[2015.09.12-15.40.54:824][697]LogMaterial: Missing cached shader map for material FMatExpressionPreview MaterialExpressionConstant3Vector_1, compiling. 
[2015.09.12-15.40.56:130][761]MaterialEditorStats: Info Base pass shader with static lighting: 63 instructions
[2015.09.12-15.40.56:130][761]MaterialEditorStats: Info Base pass shader with only dynamic lighting: 31 instructions
[2015.09.12-15.40.56:131][761]MaterialEditorStats: Info Vertex shader: 31 instructions
[2015.09.12-15.40.56:131][761]MaterialEditorStats: Info Texture samplers: 2/16
[2015.09.12-15.41.02:151][ 75]LogMaterial: Missing cached shader map for material PhongMaterial, compiling. 
[2015.09.12-15.41.02:161][ 75]LogMaterial: 0.000093 seconds spent updating 1 materials, 1 interfaces, 0 instances, 0 with static permutations.
[2015.09.12-15.41.02:197][ 75]LogMaterial: Missing cached shader map for material FMatExpressionPreview MaterialExpressionConstant3Vector_1, compiling. 
[2015.09.12-15.41.03:448][135]MaterialEditorStats: Info Base pass shader with static lighting: 63 instructions
[2015.09.12-15.41.03:448][135]MaterialEditorStats: Info Base pass shader with only dynamic lighting: 31 instructions
[2015.09.12-15.41.03:449][135]MaterialEditorStats: Info Vertex shader: 31 instructions
[2015.09.12-15.41.03:449][135]MaterialEditorStats: Info Texture samplers: 2/16
[2015.09.12-15.41.06:750][372]LogMaterial: Missing cached shader map for material PhongMaterial, compiling. 
[2015.09.12-15.41.06:760][372]LogMaterial: 0.000094 seconds spent updating 1 materials, 1 interfaces, 0 instances, 0 with static permutations.
[2015.09.12-15.41.06:788][372]LogMaterial: Missing cached shader map for material FMatExpressionPreview MaterialExpressionConstant3Vector_1, compiling. 
[2015.09.12-15.41.08:022][430]MaterialEditorStats: Info Base pass shader with static lighting: 63 instructions
[2015.09.12-15.41.08:023][430]MaterialEditorStats: Info Base pass shader with only dynamic lighting: 31 instructions
[2015.09.12-15.41.08:023][430]MaterialEditorStats: Info Vertex shader: 31 instructions
[2015.09.12-15.41.08:023][430]MaterialEditorStats: Info Texture samplers: 2/16
[2015.09.12-15.41.17:084][989]LogMaterialEditor: Saving and Compiling material PhongMaterial
[2015.09.12-15.41.17:714][989]LogMaterial: Missing cached shader map for material PhongMaterial, compiling. 
[2015.09.12-15.41.17:738][989]LogMaterial: 0.000095 seconds spent updating 1 materials, 1 interfaces, 0 instances, 0 with static permutations.
[2015.09.12-15.41.17:784][989]LogMaterial: Missing cached shader map for material PhongMaterial, compiling. 
[2015.09.12-15.41.17:835][989]LogMaterial: Missing cached shader map for material PhongMaterial, compiling. 
[2015.09.12-15.41.17:851][989]LogMaterial: 0.000508 seconds spent updating 1 materials, 1 interfaces, 0 instances, 0 with static permutations.
[2015.09.12-15.41.20:343][989]Cmd: OBJ SAVEPACKAGE PACKAGE="/Game/PhongMaterial" FILE="../../../../../../Users/Myriam/Documents/Unreal Projects/UnrealProject/Content/PhongMaterial.uasset" SILENT=true
[2015.09.12-15.41.20:369][989]LogSavePackage: Save=21.626453ms
[2015.09.12-15.41.20:369][989]LogSavePackage: Moving '../../../../../../Users/Myriam/Documents/Unreal Projects/UnrealProject/Saved/PhongMaterial1AD493364010D69A1ABFD38FB97960DC.tmp' to '../../../../../../Users/Myriam/Documents/Unreal Projects/UnrealProject/Content/PhongMaterial.uasset'
[2015.09.12-15.41.20:375][989]LogSavePackage: Total save time: 28.433587ms
[2015.09.12-15.41.20:375][989]LogSavePackage:Warning: Finished SavePackage ../../../../../../Users/Myriam/Documents/Unreal Projects/UnrealProject/Content/PhongMaterial.uasset
[2015.09.12-15.41.20:384][989]MaterialEditorStats: Info Base pass shader with static lighting: 92 instructions
[2015.09.12-15.41.20:385][989]MaterialEditorStats: Info Base pass shader with only dynamic lighting: 60 instructions
[2015.09.12-15.41.20:385][989]MaterialEditorStats: Info Vertex shader: 31 instructions
[2015.09.12-15.41.20:385][989]MaterialEditorStats: Info Texture samplers: 3/16
[2015.09.12-15.41.48:165][455]Running C:/Program Files/Epic Games/UnrealEngine/Engine/Binaries/DotNET/UnrealBuildTool.exe  -projectfiles -project="C:/Users/Myriam/Documents/Unreal Projects/UnrealProject/UnrealProject.uproject" -game -engine -progress
[2015.09.12-15.41.48:571][455]Discovering modules, targets and source code for game...
[2015.09.12-15.42.05:265][ 36]LogParticles: Destroying 0 GPU particle simulations for FXSystem 0x000000033F607100
[2015.09.12-15.42.05:266][ 36]LogParticles: Destroying 0 GPU particle simulations for FXSystem 0x0000000346873060
[2015.09.12-15.42.05:341][ 36]LogSavePackage: Save=59.260475ms
[2015.09.12-15.42.05:341][ 36]LogSavePackage: Moving '../../../../../../Users/Myriam/Documents/Unreal Projects/UnrealProject/Saved/Minimal_Default_Auto138445EB64B7CE9E68BFA3E94DD6E30D5.tmp' to '../../../../../../Users/Myriam/Documents/Unreal Projects/UnrealProject/Saved/Autosaves/Game/StarterContent/Maps/Minimal_Default_Auto1.umap'
[2015.09.12-15.42.05:343][ 36]LogSavePackage: Total save time: 67.475598ms
[2015.09.12-15.42.05:344][ 36]LogSavePackage:Warning: Finished SavePackage ../../../../../../Users/Myriam/Documents/Unreal Projects/UnrealProject/Saved/Autosaves/Game/StarterContent/Maps/Minimal_Default_Auto1.umap
[2015.09.12-15.42.05:348][ 36]LogFileHelpers: Editor autosave (incl. sublevels) for '/Game/StarterContent/Maps/Minimal_Default' took 0.093
[2015.09.12-15.42.05:349][ 36]LogFileHelpers: Editor autosave (incl. sublevels) for all levels took 0.093
[2015.09.12-15.42.38:176][987]MapCheck: New page: Map Check
[2015.09.12-15.42.38:212][987]Cmd: MAP REBUILD ALLVISIBLE
[2015.09.12-15.42.38:213][987]LogEditorServer: Rebuildmap Clear paths rebuilt
[2015.09.12-15.42.38:235][987]MapCheck:Warning: Warning WorldSettings_1 Hierarchical LOD System is disabled or no HLOD level settings available, unable to build LOD actors. 
[2015.09.12-15.42.38:237][987]LogStats:          STAT_HLOD_BuildClusters - 13.154 ms
[2015.09.12-15.42.38:237][987]LightingResults: New page: Lighting Build - Sep 12, 2015, 7:42:38 AM
[2015.09.12-15.42.41:196][987]LogStaticLightingSystem:Warning: No importance volume found, so the scene bounding box was used.  You can optimize your scene's quality and lighting build times by adding importance volumes.
[2015.09.12-15.42.41:197][987]LogStaticLightingSystem: Running Lightmass w/ ImmediateImport mode ENABLED
[2015.09.12-15.42.41:197][987]LogStaticLightingSystem: Running Lightmass w/ ImmediateProcess mode ENABLED
[2015.09.12-15.42.41:198][987]LogStaticLightingSystem: Running Lightmass w/ Sorting mode ENABLED
[2015.09.12-15.42.41:198][987]LogStaticLightingSystem: Running Lightmass w/ Mapping paddings ENABLED
[2015.09.12-15.42.41:199][987]LogStaticLightingSystem: Running Lightmass w/ Mapping debug paddings DISABLED
[2015.09.12-15.42.41:531][987]LogEditorBuildUtils: Build time 0:00:03
[2015.09.12-15.42.41:549][987]LogMaterial: Missing cached shader map for material FLightmassMaterialRenderer PhongMaterial, compiling. 
[2015.09.12-15.42.41:556][987]LogMaterial: Missing cached shader map for material FLightmassMaterialRenderer PhongMaterial, compiling. 
[2015.09.12-15.42.44:126][ 88]Job is a success!
