[2015.09.12-02.10.46:285][  0]Log file open, 09/11/15 22:10:46
[2015.09.12-02.10.46:285][  0]LogInit:Display: Running engine for game: UnrealProject
[2015.09.12-02.10.46:285][  0]LogInit:Display: RandInit(-1665404933) SRandInit(-1665404932).
[2015.09.12-02.10.46:286][  0]LogTaskGraph: Started task graph with 4 named threads and 7 total threads.
[2015.09.12-02.10.46:286][  0]LogStats: Stats thread started at 0.183141
[2015.09.12-02.10.46:287][  0]LogInit: Version: 4.9.0-0+++depot+UE4-Releases+4.9
[2015.09.12-02.10.46:287][  0]LogInit: API Version: 0
[2015.09.12-02.10.46:287][  0]LogInit: Compiled (64-bit): Sep 11 2015 20:07:13
[2015.09.12-02.10.46:287][  0]LogInit: Compiled with Visual C++: 18.00.21005.01
[2015.09.12-02.10.46:288][  0]LogInit: Build Configuration: Development
[2015.09.12-02.10.46:288][  0]LogInit: Branch Name: ++depot+UE4-Releases+4.9
[2015.09.12-02.10.46:288][  0]LogInit: Command line: 
[2015.09.12-02.10.46:288][  0]LogInit: Base directory: C:/Program Files/Epic Games/UnrealEngine/Engine/Binaries/Win64/
[2015.09.12-02.10.46:289][  0]LogInit: Rocket: 0
[2015.09.12-02.10.46:316][  0]LogInit: Using libcurl 7.41.0
[2015.09.12-02.10.46:317][  0]LogInit:  - built for x86_64-pc-win32
[2015.09.12-02.10.46:317][  0]LogInit:  - supports SSL with WinSSL
[2015.09.12-02.10.46:317][  0]LogInit:  - other features:
[2015.09.12-02.10.46:317][  0]LogInit:      CURL_VERSION_SSL
[2015.09.12-02.10.46:318][  0]LogInit:      CURL_VERSION_IPV6
[2015.09.12-02.10.46:318][  0]LogInit:      CURL_VERSION_ASYNCHDNS
[2015.09.12-02.10.46:318][  0]LogInit:      CURL_VERSION_LARGEFILE
[2015.09.12-02.10.46:318][  0]LogInit:      CURL_VERSION_IDN
[2015.09.12-02.10.46:319][  0]LogInit:  CurlRequestOptions (configurable via config and command line):
[2015.09.12-02.10.46:319][  0]LogInit:  - bVerifyPeer = true  - Libcurl will verify peer certificate
[2015.09.12-02.10.46:319][  0]LogInit:  - bUseHttpProxy = false  - Libcurl will NOT use HTTP proxy
[2015.09.12-02.10.46:319][  0]LogInit:  - bDontReuseConnections = false  - Libcurl will reuse connections
[2015.09.12-02.10.46:320][  0]LogInit:  - CertBundlePath = nullptr  - Libcurl will use whatever was configured at build time.
[2015.09.12-02.10.46:350][  0]LogInit: Presizing for 0 objects not considered by GC, pre-allocating 0 bytes.
[2015.09.12-02.10.46:357][  0]LogInit: Object subsystem initialized
[2015.09.12-02.10.46:359][  0]LogInit: Selected Device Profile: [Windows]
[2015.09.12-02.10.46:359][  0]LogInit: Applying CVar settings loaded from the selected device profile: [Windows]
[2015.09.12-02.10.46:370][  0]LogInit: Computer: EXAYDX
[2015.09.12-02.10.46:371][  0]LogInit: User: Myriam
[2015.09.12-02.10.46:372][  0]LogInit: CPU Page size=4096, Cores=4
[2015.09.12-02.10.46:372][  0]LogInit: High frequency timer resolution =2.143486 MHz
[2015.09.12-02.10.46:372][  0]LogMemory: Memory total: Physical=15.9GB (16GB approx)
[2015.09.12-02.10.46:373][  0]LogMemory: Platform Memory Stats for Windows
[2015.09.12-02.10.46:373][  0]LogMemory: Process Physical Memory: 52.34 MB used, 52.34 MB peak
[2015.09.12-02.10.46:374][  0]LogMemory: Process Virtual Memory: 58.17 MB used, 58.17 MB peak
[2015.09.12-02.10.46:374][  0]LogMemory: Physical Memory: 7145.19 MB used, 16287.06 MB total
[2015.09.12-02.10.46:374][  0]LogMemory: Virtual Memory: 358.51 MB used, 134217728.00 MB total
[2015.09.12-02.10.47:276][  0]LogTextLocalizationManager: No specific translations for ('en-CA') exist, so ('en') translations will be used.
[2015.09.12-02.10.48:064][  0]LogD3D11RHI: Found D3D11 adapter 0: NVIDIA GeForce GT 750M      (Feature Level 11_0)
[2015.09.12-02.10.48:064][  0]LogD3D11RHI: Adapter has 1988MB of dedicated video memory, 0MB of dedicated system memory, and 2048MB of shared system memory, 1 output[s]
[2015.09.12-02.10.48:080][  0]LogD3D11RHI: Found D3D11 adapter 1: Intel(R) HD Graphics 4600 (Feature Level 11_0)
[2015.09.12-02.10.48:080][  0]LogD3D11RHI: Adapter has 0MB of dedicated video memory, 0MB of dedicated system memory, and 1792MB of shared system memory, 0 output[s]
[2015.09.12-02.10.48:084][  0]LogD3D11RHI: Found D3D11 adapter 2: Microsoft Basic Render Driver (Feature Level 11_0)
[2015.09.12-02.10.48:084][  0]LogD3D11RHI: Adapter has 0MB of dedicated video memory, 0MB of dedicated system memory, and 256MB of shared system memory, 0 output[s]
[2015.09.12-02.10.48:085][  0]LogD3D11RHI: Chosen D3D11 Adapter Id = 0
[2015.09.12-02.10.48:091][  0]LogD3D11RHI: !Direct3DDevice
[2015.09.12-02.10.48:091][  0]LogRHI: Texture pool is 1361 MB (70% of 1945 MB)
[2015.09.12-02.10.48:125][  0]LogD3D11RHI: Async texture creation enabled
[2015.09.12-02.10.48:144][  0]LogShaderCompilers: Guid format shader working directory is 15 characters bigger than the processId version (../../../../../../Users/Myriam/Documents/Unreal Projects/UnrealProject/Intermediate/Shaders/WorkingDirectory/9488/).
[2015.09.12-02.10.48:145][  0]LogShaderCompilers: Cleaned the shader compiler working directory '../../../../../../Users/Myriam/Documents/Unreal Projects/UnrealProject/Intermediate/Shaders/tmp/A729BEF8401961EC317C9FAAAE93764F/'.
[2015.09.12-02.10.48:145][  0]LogShaderCompilers:Display: Using Local Shader Compiler.
[2015.09.12-02.10.49:380][  0]LogTemp:Display: Loaded TP AllDesktopTargetPlatform
[2015.09.12-02.10.49:396][  0]LogTemp:Display: Loaded TP WindowsClientTargetPlatform
[2015.09.12-02.10.49:411][  0]LogTemp:Display: Loaded TP WindowsNoEditorTargetPlatform
[2015.09.12-02.10.49:426][  0]LogTemp:Display: Loaded TP WindowsServerTargetPlatform
[2015.09.12-02.10.49:443][  0]LogTemp:Display: Loaded TP WindowsTargetPlatform
[2015.09.12-02.10.49:458][  0]LogTemp:Display: Loaded TP AndroidTargetPlatform
[2015.09.12-02.10.49:473][  0]LogTemp:Display: Loaded TP Android_ASTCTargetPlatform
[2015.09.12-02.10.49:487][  0]LogTemp:Display: Loaded TP Android_ATCTargetPlatform
[2015.09.12-02.10.49:501][  0]LogTemp:Display: Loaded TP Android_DXTTargetPlatform
[2015.09.12-02.10.49:515][  0]LogTemp:Display: Loaded TP Android_ETC1TargetPlatform
[2015.09.12-02.10.49:529][  0]LogTemp:Display: Loaded TP Android_ETC2TargetPlatform
[2015.09.12-02.10.49:544][  0]LogTemp:Display: Loaded TP Android_PVRTCTargetPlatform
[2015.09.12-02.10.49:555][  0]LogTemp:Display: Loaded TP HTML5TargetPlatform
[2015.09.12-02.10.49:595][  0]LogTemp:Display: Loaded TP IOSTargetPlatform
[2015.09.12-02.10.49:596][  0]LogTargetPlatformManager:Display: Building Assets For Windows
[2015.09.12-02.10.49:795][  0]LogDerivedDataCache:Display: Max Cache Size: 512 MB
[2015.09.12-02.10.49:843][  0]LogDerivedDataCache: Loaded boot cache 0.05s 44MB ../../../../../../Users/Myriam/Documents/Unreal Projects/UnrealProject/DerivedDataCache/Boot.ddc.
[2015.09.12-02.10.49:844][  0]LogDerivedDataCache:Display: Loaded Boot cache: ../../../../../../Users/Myriam/Documents/Unreal Projects/UnrealProject/DerivedDataCache/Boot.ddc
[2015.09.12-02.10.49:844][  0]LogDerivedDataCache: FDerivedDataBackendGraph:  Pak pak cache file ../../../../../../Users/Myriam/Documents/Unreal Projects/UnrealProject/DerivedDataCache/DDC.ddp not found, will not use a pak cache.
[2015.09.12-02.10.49:845][  0]LogDerivedDataCache: Unable to find inner node Pak for hierarchical cache Hierarchy.
[2015.09.12-02.10.49:845][  0]LogDerivedDataCache: FDerivedDataBackendGraph:  EnginePak pak cache file ../../../Engine/DerivedDataCache/DDC.ddp not found, will not use a pak cache.
[2015.09.12-02.10.49:846][  0]LogDerivedDataCache: Unable to find inner node EnginePak for hierarchical cache Hierarchy.
[2015.09.12-02.10.49:859][  0]LogDerivedDataCache: Using Local data cache path ../../../Engine/DerivedDataCache: Writable
[2015.09.12-02.10.49:859][  0]LogDerivedDataCache: Shared data cache path not found in *engine.ini, will not use an Shared cache.
[2015.09.12-02.10.49:860][  0]LogDerivedDataCache: Unable to find inner node Shared for hierarchical cache Hierarchy.
[2015.09.12-02.10.50:052][  0]LogInit: Selected Device Profile: [Windows]
[2015.09.12-02.10.50:056][  0]LogContentStreaming: Texture pool size is 0.000000MB
[2015.09.12-02.10.50:197][  0]LogMeshUtilities: No automatic mesh reduction module available
[2015.09.12-02.10.50:936][  0]LogMeshUtilities: No automatic mesh merging module available
[2015.09.12-02.10.51:263][  0]LogInit: WinSock: version 1.1 (2.2), MaxSocks=32767, MaxUdp=65467
[2015.09.12-02.10.52:401][  0]UdpMessaging: Initializing bridge on interface 0.0.0.0:0 to multicast group 230.0.0.1:6666.
[2015.09.12-02.10.52:639][  0]LogAssetRegistry: FAssetRegistry took 0.0119 seconds to start up
[2015.09.12-02.10.52:973][  0]SourceControl: Info Source control is disabled
[2015.09.12-02.10.52:988][  0]SourceControl: Info Source control is disabled
[2015.09.12-02.10.53:017][  0]SourceControl: Info Source control is disabled
[2015.09.12-02.10.53:043][  0]SourceControl: Info Source control is disabled
[2015.09.12-02.10.53:529][  0]LogObj: 28439 objects as part of root set at end of initial load.
[2015.09.12-02.10.53:529][  0]LogUObjectAllocator: 6059376 out of 0 bytes used by permanent object pool.
[2015.09.12-02.10.53:616][  0]LogEngine: Initializing Engine...
[2015.09.12-02.10.53:619][  0]LogHMD: Can't find Oculus library dev build: is proper Runtime installed? Version: 0.6.0.0
[2015.09.12-02.10.53:626][  0]LogHMD: SteamVR failed to initialize.  Err: 110
[2015.09.12-02.10.53:763][  0]LogAIModule: Creating AISystem for world NewWorld
[2015.09.12-02.10.53:772][  0]LogInit: XAudio2 using 'Speakers (Realtek High Definition Audio)' : 2 channels at 48 kHz using 16 bits per sample (channel mask 0x3)
[2015.09.12-02.10.54:190][  0]LogInit: FAudioDevice initialized.
[2015.09.12-02.10.54:212][  0]LogDerivedDataCache: Saved boot cache 0.02s 41MB ../../../../../../Users/Myriam/Documents/Unreal Projects/UnrealProject/DerivedDataCache/Boot.ddc.
[2015.09.12-02.10.54:217][  0]LogInit: Texture streaming: Enabled
[2015.09.12-02.10.54:233][  0]LogAnalytics: Creating configured Analytics provider AnalyticsET
[2015.09.12-02.10.54:234][  0]LogAnalytics: [UEEditor.UnrealEngine.Release] APIServer = http://etsource.epicgames.com/ET2/. AppVersion = 4.9.0-0+++depot+UE4-Releases+4.9
[2015.09.12-02.10.54:234][  0]LogAnalytics: [UEEditor.UnrealEngine.Release] SetUserId b937c8bb44ffd6bca5db4cb087d12289|ae6541680da5494ea73e1894fa969d0a|ef05c746-df3b-4785-b67c-17687807354f
[2015.09.12-02.10.54:234][  0]LogAnalytics: [UEEditor.UnrealEngine.Release] AnalyticsET::StartSession
[2015.09.12-02.10.54:253][  0]LogInit: Transaction tracking system initialized
[2015.09.12-02.10.54:339][  0]BlueprintLog: New page: Editor Load
[2015.09.12-02.10.54:742][  0]LocalizationService: Info Localization service is disabled
[2015.09.12-02.10.54:978][  0]LogConsoleResponse:Display: 
[2015.09.12-02.10.55:112][  0]LogCook:Display: Done creating registry. It took  0.00s.
[2015.09.12-02.10.55:288][  0]LogFileCache: Scanning file cache for directory 'C:/Users/Myriam/Documents/Unreal Projects/UnrealProject/Content/' took 0.02s
[2015.09.12-02.10.55:288][  0]SourceControl: Info Source control is disabled
[2015.09.12-02.10.55:288][  0]Cmd: MAP LOAD FILE="../../../../../../Users/Myriam/Documents/Unreal Projects/UnrealProject/Content/StarterContent/Maps/Minimal_Default.umap" TEMPLATE=0 SHOWPROGRESS=1 FEATURELEVEL=3
[2015.09.12-02.10.55:289][  0]LightingResults: New page: Lighting Build
[2015.09.12-02.10.55:292][  0]MapCheck: New page: Map Check
[2015.09.12-02.10.55:293][  0]LightingResults: New page: Lighting Build
[2015.09.12-02.10.55:303][  0]LogParticles: Destroying 0 GPU particle simulations for FXSystem 0x00000047B7475620
[2015.09.12-02.10.55:499][  0]LogTexture:Display: Building textures: HQ_Lightmap1_1 (AutoDXT)
[2015.09.12-02.10.55:514][  0]LogTexture:Display: Building textures: HQ_Lightmap1_2 (AutoDXT)
[2015.09.12-02.10.55:582][  0]LogAIModule: Creating AISystem for world Minimal_Default
[2015.09.12-02.10.55:588][  0]LogEditorServer: Finished looking for orphan Actors (0.000 secs)
[2015.09.12-02.10.55:590][  0]Cmd: MAP CHECKDEP NOCLEARLOG
[2015.09.12-02.10.55:699][  0]MapCheck: Info Map check complete: 0 Error(s), 0 Warning(s), took 108.862ms to complete.
[2015.09.12-02.10.55:700][  0]LogFileHelpers: Loading map 'Minimal_Default' took 0.412
[2015.09.12-02.10.55:894][  0]LogCollectionManager: Loaded 0 collections in 0.003573 seconds
[2015.09.12-02.10.55:957][  0]LogFileCache: Scanning file cache for directory 'C:/Users/Myriam/Documents/Unreal Projects/UnrealProject/Saved/Collections/' took 0.01s
[2015.09.12-02.10.55:958][  0]LogFileCache: Scanning file cache for directory 'C:/Users/Myriam/Documents/Unreal Projects/UnrealProject/Content/Developers/Myriam/Collections/' took 0.01s
[2015.09.12-02.10.55:959][  0]LogFileCache: Scanning file cache for directory 'C:/Users/Myriam/Documents/Unreal Projects/UnrealProject/Content/Collections/' took 0.01s
[2015.09.12-02.10.55:959][  0]LogContentBrowser: Native class hierarchy populated in 0.0156 seconds. Added 1871 classes and 336 folders.
[2015.09.12-02.10.55:968][  0]LogCollectionManager: Rebuilt the GUID cache for 0 collections in 0.000002 seconds
[2015.09.12-02.10.55:987][  0]LogContentBrowser: Native class hierarchy updated for 'WidgetCarousel' in 0.0098 seconds. Added 0 classes and 0 folders.
[2015.09.12-02.10.56:198][  0]LogContentBrowser: Native class hierarchy updated for 'AddContentDialog' in 0.0044 seconds. Added 0 classes and 0 folders.
[2015.09.12-02.10.56:221][  0]LogContentBrowser: Native class hierarchy updated for 'SceneOutliner' in 0.0045 seconds. Added 1 classes and 2 folders.
[2015.09.12-02.10.56:265][  0]LogCrashTracker: Crashtracker disabled due to settings.
[2015.09.12-02.10.56:273][  0]LogUObjectGlobals:Warning: Failed to find object 'Class None.'
[2015.09.12-02.10.56:299][  0]LogLoad: Full Startup: 11.74 seconds (BP compile: 0.04 seconds)
[2015.09.12-02.10.56:308][  0]LogWindowsTextInputMethodSystem:Display: IME system now deactivated.
[2015.09.12-02.10.56:309][  0]LogWindowsTextInputMethodSystem:Display: IME system now deactivated.
[2015.09.12-02.10.56:385][  0]LogContentStreaming: Texture pool size now 1000 MB
[2015.09.12-02.10.56:533][  0]LogRenderer: Reallocating scene render targets to support 1004x460 (Frame:2).
[2015.09.12-02.10.56:860][  2]LogAssetRegistry: Asset discovery search completed in 4.2326 seconds
[2015.09.12-02.10.56:860][  2]LogCollectionManager: Rebuilt the object cache for 0 collections in 0.000001 seconds (found 0 objects)
[2015.09.12-02.10.56:864][  2]LogCollectionManager: Fixed up redirectors for 0 collections in 0.004097 seconds (updated 0 objects)
[2015.09.12-02.11.18:471][742]LogWindowsTextInputMethodSystem:Display: IME system now deactivated.
[2015.09.12-02.11.18:473][742]LogWindowsTextInputMethodSystem:Display: IME system now deactivated.
[2015.09.12-02.11.18:951][743]Cmd: QUIT_EDITOR
[2015.09.12-02.11.19:377][743]LogExit: Preparing to exit.
[2015.09.12-02.11.19:691][743]LogExit: Editor shut down
[2015.09.12-02.11.19:692][743]LogExit: Transaction tracking system shut down
[2015.09.12-02.11.19:694][743]LogParticles: Destroying 0 GPU particle simulations for FXSystem 0x00000047A754F100
[2015.09.12-02.11.19:695][743]LogParticles: Destroying 0 GPU particle simulations for FXSystem 0x00000047A69EF880
[2015.09.12-02.11.19:695][743]LogParticles: Destroying 0 GPU particle simulations for FXSystem 0x00000047A6868220
[2015.09.12-02.11.19:812][743]LogExit: Object subsystem successfully closed.
[2015.09.12-02.11.19:830][743]LogD3D11RHI: Shutdown
[2015.09.12-02.11.19:831][743]LogD3D11RHI: CleanupD3DDevice
[2015.09.12-02.11.20:015][743]LogD3D11RHI: ~FD3D11DynamicRHI
[2015.09.12-02.11.20:041][743]LogModuleManager: Shutting down and abandoning module CrashTracker (194)
[2015.09.12-02.11.20:042][743]LogModuleManager: Shutting down and abandoning module SceneOutliner (193)
[2015.09.12-02.11.20:042][743]LogModuleManager: Shutting down and abandoning module SuperSearch (192)
[2015.09.12-02.11.20:043][743]LogModuleManager: Shutting down and abandoning module WidgetCarousel (191)
[2015.09.12-02.11.20:043][743]LogModuleManager: Shutting down and abandoning module AddContentDialog (190)
[2015.09.12-02.11.20:045][743]LogModuleManager: Shutting down and abandoning module EditorWidgets (189)
[2015.09.12-02.11.20:045][743]LogModuleManager: Shutting down and abandoning module CollectionManager (188)
[2015.09.12-02.11.20:046][743]LogModuleManager: Shutting down and abandoning module StatsViewer (187)
[2015.09.12-02.11.20:046][743]LogModuleManager: Shutting down and abandoning module FoliageEdit (186)
[2015.09.12-02.11.20:047][743]LogModuleManager: Shutting down and abandoning module LandscapeEditor (185)
[2015.09.12-02.11.20:047][743]LogModuleManager: Shutting down and abandoning module ActorPickerMode (184)
[2015.09.12-02.11.20:047][743]LogModuleManager: Shutting down and abandoning module GeometryMode (183)
[2015.09.12-02.11.20:048][743]LogModuleManager: Shutting down and abandoning module TextureAlignMode (182)
[2015.09.12-02.11.20:048][743]LogModuleManager: Shutting down and abandoning module BspMode (181)
[2015.09.12-02.11.20:048][743]LogModuleManager: Shutting down and abandoning module PlacementMode (180)
[2015.09.12-02.11.20:048][743]LogModuleManager: Shutting down and abandoning module AutomationWorker (179)
[2015.09.12-02.11.20:048][743]LogModuleManager: Shutting down and abandoning module CharacterAI (178)
[2015.09.12-02.11.20:049][743]LogModuleManager: Shutting down and abandoning module SmartSnapping (177)
[2015.09.12-02.11.20:049][743]LogModuleManager: Shutting down and abandoning module ViewportSnapping (176)
[2015.09.12-02.11.20:049][743]LogModuleManager: Shutting down and abandoning module LogVisualizer (175)
[2015.09.12-02.11.20:050][743]LogModuleManager: Shutting down and abandoning module GameProjectGeneration (174)
[2015.09.12-02.11.20:050][743]LogModuleManager: Shutting down and abandoning module IntroTutorials (173)
[2015.09.12-02.11.20:050][743]LogModuleManager: Shutting down and abandoning module EditorLiveStreaming (172)
[2015.09.12-02.11.20:050][743]LogModuleManager: Shutting down and abandoning module IOSPlatformEditor (171)
[2015.09.12-02.11.20:051][743]LogModuleManager: Shutting down and abandoning module HTML5PlatformEditor (170)
[2015.09.12-02.11.20:051][743]LogModuleManager: Shutting down and abandoning module AndroidDeviceDetection (169)
[2015.09.12-02.11.20:181][743]LogModuleManager: Shutting down and abandoning module AndroidPlatformEditor (168)
[2015.09.12-02.11.20:181][743]LogModuleManager: Shutting down and abandoning module IOSRuntimeSettings (167)
[2015.09.12-02.11.20:182][743]LogModuleManager: Shutting down and abandoning module AndroidRuntimeSettings (166)
[2015.09.12-02.11.20:182][743]LogModuleManager: Shutting down and abandoning module MergeActors (165)
[2015.09.12-02.11.20:182][743]LogModuleManager: Shutting down and abandoning module SizeMap (164)
[2015.09.12-02.11.20:183][743]LogModuleManager: Shutting down and abandoning module TreeMap (163)
[2015.09.12-02.11.20:183][743]LogModuleManager: Shutting down and abandoning module ReferenceViewer (162)
[2015.09.12-02.11.20:183][743]LogModuleManager: Shutting down and abandoning module LocalizationService (161)
[2015.09.12-02.11.20:184][743]LogModuleManager: Shutting down and abandoning module LocalizationDashboard (160)
[2015.09.12-02.11.20:184][743]LogModuleManager: Shutting down and abandoning module HardwareTargeting (159)
[2015.09.12-02.11.20:184][743]LogModuleManager: Shutting down and abandoning module DeviceProfileEditor (158)
[2015.09.12-02.11.20:184][743]LogModuleManager: Shutting down and abandoning module UndoHistory (157)
[2015.09.12-02.11.20:185][743]LogModuleManager: Shutting down and abandoning module GameplayTagsEditor (156)
[2015.09.12-02.11.20:185][743]LogModuleManager: Shutting down and abandoning module UserFeedback (155)
[2015.09.12-02.11.20:185][743]LogModuleManager: Shutting down and abandoning module XmlParser (154)
[2015.09.12-02.11.20:185][743]LogModuleManager: Shutting down and abandoning module Blutility (153)
[2015.09.12-02.11.20:186][743]LogModuleManager: Shutting down and abandoning module ProjectTargetPlatformEditor (152)
[2015.09.12-02.11.20:186][743]LogModuleManager: Shutting down and abandoning module ProjectSettingsViewer (151)
[2015.09.12-02.11.20:186][743]LogModuleManager: Shutting down and abandoning module InputBindingEditor (150)
[2015.09.12-02.11.20:186][743]LogModuleManager: Shutting down and abandoning module EditorSettingsViewer (149)
[2015.09.12-02.11.20:187][743]LogModuleManager: Shutting down and abandoning module SettingsEditor (148)
[2015.09.12-02.11.20:187][743]LogModuleManager: Shutting down and abandoning module ProjectLauncher (147)
[2015.09.12-02.11.20:187][743]LogModuleManager: Shutting down and abandoning module SessionFrontend (146)
[2015.09.12-02.11.20:187][743]LogModuleManager: Shutting down and abandoning module ProfilerClient (145)
[2015.09.12-02.11.20:188][743]LogModuleManager: Shutting down and abandoning module TargetDeviceServices (144)
[2015.09.12-02.11.20:188][743]LogModuleManager: Shutting down and abandoning module DeviceManager (143)
[2015.09.12-02.11.20:188][743]LogModuleManager: Shutting down and abandoning module AutomationController (142)
[2015.09.12-02.11.20:188][743]LogModuleManager: Shutting down and abandoning module AutomationWindow (141)
[2015.09.12-02.11.20:189][743]LogModuleManager: Shutting down and abandoning module Layers (140)
[2015.09.12-02.11.20:189][743]LogModuleManager: Shutting down and abandoning module ComponentVisualizers (139)
[2015.09.12-02.11.20:189][743]LogModuleManager: Shutting down and abandoning module DetailCustomizations (138)
[2015.09.12-02.11.20:189][743]LogModuleManager: Shutting down and abandoning module PackagesDialog (137)
[2015.09.12-02.11.20:189][743]LogModuleManager: Shutting down and abandoning module Persona (136)
[2015.09.12-02.11.20:190][743]LogModuleManager: Shutting down and abandoning module Kismet (135)
[2015.09.12-02.11.20:190][743]LogModuleManager: Shutting down and abandoning module GraphEditor (134)
[2015.09.12-02.11.20:190][743]LogModuleManager: Shutting down and abandoning module ClassViewer (133)
[2015.09.12-02.11.20:190][743]LogModuleManager: Shutting down and abandoning module Toolbox (132)
[2015.09.12-02.11.20:190][743]LogModuleManager: Shutting down and abandoning module ModuleUI (131)
[2015.09.12-02.11.20:191][743]LogModuleManager: Shutting down and abandoning module MovieSceneTools (130)
[2015.09.12-02.11.20:191][743]LogModuleManager: Shutting down and abandoning module OutputLog (129)
[2015.09.12-02.11.20:191][743]LogModuleManager: Shutting down and abandoning module GammaUI (128)
[2015.09.12-02.11.20:191][743]LogModuleManager: Shutting down and abandoning module Documentation (127)
[2015.09.12-02.11.20:191][743]LogModuleManager: Shutting down and abandoning module GameLiveStreaming (126)
[2015.09.12-02.11.20:192][743]LogModuleManager: Shutting down and abandoning module StreamingPauseRendering (125)
[2015.09.12-02.11.20:192][743]LogModuleManager: Shutting down and abandoning module AnalyticsET (124)
[2015.09.12-02.11.20:192][743]LogModuleManager: Shutting down and abandoning module Analytics (123)
[2015.09.12-02.11.20:192][743]LogModuleManager: Shutting down and abandoning module AITestSuite (122)
[2015.09.12-02.11.20:192][743]LogModuleManager: Shutting down and abandoning module GameplayDebugger (121)
[2015.09.12-02.11.20:193][743]LogModuleManager: Shutting down and abandoning module AIModule (120)
[2015.09.12-02.11.20:193][743]LogModuleManager: Shutting down and abandoning module ProfilerService (119)
[2015.09.12-02.11.20:301][743]LogModuleManager: Shutting down and abandoning module TaskGraph (118)
[2015.09.12-02.11.20:301][743]LogModuleManager: Shutting down and abandoning module SlateRemote (117)
[2015.09.12-02.11.20:302][743]LogModuleManager: Shutting down and abandoning module SteamVRController (116)
[2015.09.12-02.11.20:303][743]LogModuleManager: Shutting down and abandoning module SteamVR (115)
[2015.09.12-02.11.20:303][743]LogModuleManager: Shutting down and abandoning module ProceduralMeshComponent (114)
[2015.09.12-02.11.20:303][743]LogModuleManager: Shutting down and abandoning module OculusRift (113)
[2015.09.12-02.11.20:304][743]LogModuleManager: Shutting down and abandoning module OculusLibrary (112)
[2015.09.12-02.11.20:304][743]LogModuleManager: Shutting down and abandoning module LeapMotionController (111)
[2015.09.12-02.11.20:331][743]LogModuleManager: Shutting down and abandoning module CustomMeshComponent (110)
[2015.09.12-02.11.20:332][743]LogModuleManager: Shutting down and abandoning module CableComponent (109)
[2015.09.12-02.11.20:333][743]LogModuleManager: Shutting down and abandoning module ArchVisCharacter (108)
[2015.09.12-02.11.20:333][743]LogModuleManager: Shutting down and abandoning module MessagingDebugger (107)
[2015.09.12-02.11.20:334][743]LogModuleManager: Shutting down and abandoning module MediaPlayerEditor (106)
[2015.09.12-02.11.20:334][743]LogModuleManager: Shutting down and abandoning module HTML5Networking (105)
[2015.09.12-02.11.20:334][743]LogModuleManager: Shutting down and abandoning module SpeedTreeImporter (104)
[2015.09.12-02.11.20:335][743]LogModuleManager: Shutting down and abandoning module PluginBrowser (103)
[2015.09.12-02.11.20:335][743]LogModuleManager: Shutting down and abandoning module EpicSurvey (102)
[2015.09.12-02.11.20:335][743]LogModuleManager: Shutting down and abandoning module DesktopPlatform (101)
[2015.09.12-02.11.20:336][743]LogModuleManager: Shutting down and abandoning module VisualStudioSourceCodeAccess (100)
[2015.09.12-02.11.20:336][743]LogModuleManager: Shutting down and abandoning module UObjectPlugin (99)
[2015.09.12-02.11.20:336][743]LogModuleManager: Shutting down and abandoning module SubversionSourceControl (98)
[2015.09.12-02.11.20:336][743]LogModuleManager: Shutting down and abandoning module PerforceSourceControl (97)
[2015.09.12-02.11.20:336][743]LogModuleManager: Shutting down and abandoning module SourceControl (96)
[2015.09.12-02.11.20:337][743]LogModuleManager: Shutting down and abandoning module GitSourceControl (95)
[2015.09.12-02.11.20:337][743]LogModuleManager: Shutting down and abandoning module LightPropagationVolumeEditor (94)
[2015.09.12-02.11.20:337][743]LogModuleManager: Shutting down and abandoning module PaperTiledImporter (93)
[2015.09.12-02.11.20:337][743]LogModuleManager: Shutting down and abandoning module PaperSpriteSheetImporter (92)
[2015.09.12-02.11.20:338][743]LogModuleManager: Shutting down and abandoning module MeshPaint (91)
[2015.09.12-02.11.20:338][743]LogModuleManager: Shutting down and abandoning module SlateReflector (90)
[2015.09.12-02.11.20:338][743]LogModuleManager: Shutting down and abandoning module HotReload (89)
[2015.09.12-02.11.20:338][743]LogModuleManager: Shutting down and abandoning module MainFrame (88)
[2015.09.12-02.11.20:339][743]LogModuleManager: Shutting down and abandoning module LevelEditor (87)
[2015.09.12-02.11.20:340][743]LogModuleManager: Shutting down and abandoning module DirectoryWatcher (86)
[2015.09.12-02.11.20:341][743]LogModuleManager: Shutting down and abandoning module AssetRegistry (85)
[2015.09.12-02.11.20:423][743]LogModuleManager: Shutting down and abandoning module ContentBrowser (84)
[2015.09.12-02.11.20:425][743]LogModuleManager: Shutting down and abandoning module Paper2DEditor (83)
[2015.09.12-02.11.20:425][743]LogModuleManager: Shutting down and abandoning module UnrealProject (82)
[2015.09.12-02.11.20:426][743]LogModuleManager: Shutting down and abandoning module UdpMessaging (81)
[2015.09.12-02.11.20:527][743]LogModuleManager: Shutting down and abandoning module LightPropagationVolumeRuntime (80)
[2015.09.12-02.11.20:527][743]LogModuleManager: Shutting down and abandoning module Paper2D (79)
[2015.09.12-02.11.20:528][743]LogModuleManager: Shutting down and abandoning module WindowsMoviePlayer (78)
[2015.09.12-02.11.20:530][743]LogModuleManager: Shutting down and abandoning module Media (77)
[2015.09.12-02.11.20:531][743]LogModuleManager: Shutting down and abandoning module WmfMedia (76)
[2015.09.12-02.11.20:531][743]LogModuleManager: Shutting down and abandoning module OnlineBlueprintSupport (75)
[2015.09.12-02.11.20:532][743]LogModuleManager: Shutting down and abandoning module GameplayTasksEditor (74)
[2015.09.12-02.11.20:532][743]LogModuleManager: Shutting down and abandoning module PropertyEditor (73)
[2015.09.12-02.11.20:533][743]LogModuleManager: Shutting down and abandoning module BehaviorTreeEditor (72)
[2015.09.12-02.11.20:533][743]LogModuleManager: Shutting down and abandoning module FunctionalTesting (71)
[2015.09.12-02.11.20:534][743]LogModuleManager: Shutting down and abandoning module CollisionAnalyzer (70)
[2015.09.12-02.11.20:534][743]LogModuleManager: Shutting down and abandoning module WorkspaceMenuStructure (69)
[2015.09.12-02.11.20:534][743]LogModuleManager: Shutting down and abandoning module MessageLog (68)
[2015.09.12-02.11.20:534][743]LogModuleManager: Shutting down and abandoning module Sequencer (67)
[2015.09.12-02.11.20:535][743]LogModuleManager: Shutting down and abandoning module AssetTools (66)
[2015.09.12-02.11.20:535][743]LogModuleManager: Shutting down and abandoning module UMGEditor (65)
[2015.09.12-02.11.20:535][743]LogModuleManager: Shutting down and abandoning module UMG (64)
[2015.09.12-02.11.20:536][743]LogModuleManager: Shutting down and abandoning module Slate (63)
[2015.09.12-02.11.20:536][743]LogModuleManager: Shutting down and abandoning module EditorStyle (62)
[2015.09.12-02.11.20:539][743]LogModuleManager: Shutting down and abandoning module SessionServices (61)
[2015.09.12-02.11.20:539][743]LogModuleManager: Shutting down and abandoning module SourceCodeAccess (60)
[2015.09.12-02.11.20:539][743]LogModuleManager: Shutting down and abandoning module HeadMountedDisplay (59)
[2015.09.12-02.11.20:539][743]LogModuleManager: Shutting down and abandoning module XAudio2 (58)
[2015.09.12-02.11.20:540][743]LogModuleManager: Shutting down and abandoning module Networking (56)
[2015.09.12-02.11.20:540][743]LogModuleManager: Shutting down and abandoning module Core (55)
[2015.09.12-02.11.20:540][743]LogModuleManager: Shutting down and abandoning module KismetCompiler (54)
[2015.09.12-02.11.20:540][743]LogModuleManager: Shutting down and abandoning module PhysXFormats (53)
[2015.09.12-02.11.20:541][743]LogModuleManager: Shutting down and abandoning module MeshUtilities (52)
[2015.09.12-02.11.20:541][743]LogModuleManager: Shutting down and abandoning module CookingStats (51)
[2015.09.12-02.11.20:542][743]LogModuleManager: Shutting down and abandoning module DerivedDataCache (50)
[2015.09.12-02.11.20:895][743]LogDerivedDataCache: Shutdown
[2015.09.12-02.11.20:896][743]LogModuleManager: Shutting down and abandoning module ShaderFormatOpenGL (49)
[2015.09.12-02.11.20:897][743]LogModuleManager: Shutting down and abandoning module ShaderFormatD3D (48)
[2015.09.12-02.11.20:899][743]LogModuleManager: Shutting down and abandoning module MetalShaderFormat (47)
[2015.09.12-02.11.20:900][743]LogModuleManager: Shutting down and abandoning module TextureFormatUncompressed (46)
[2015.09.12-02.11.20:901][743]LogModuleManager: Shutting down and abandoning module TextureFormatPVR (45)
[2015.09.12-02.11.20:902][743]LogModuleManager: Shutting down and abandoning module TextureFormatIntelISPCTexComp (44)
[2015.09.12-02.11.20:904][743]LogModuleManager: Shutting down and abandoning module TextureFormatDXT (43)
[2015.09.12-02.11.20:906][743]LogModuleManager: Shutting down and abandoning module ImageWrapper (42)
[2015.09.12-02.11.20:908][743]LogModuleManager: Shutting down and abandoning module TextureFormatASTC (41)
[2015.09.12-02.11.20:910][743]LogModuleManager: Shutting down and abandoning module AudioFormatOpus (40)
[2015.09.12-02.11.20:912][743]LogModuleManager: Shutting down and abandoning module AudioFormatOgg (39)
[2015.09.12-02.11.20:912][743]LogModuleManager: Shutting down and abandoning module AudioFormatADPCM (38)
[2015.09.12-02.11.20:913][743]LogModuleManager: Shutting down and abandoning module Messaging (37)
[2015.09.12-02.11.20:914][743]LogModuleManager: Shutting down and abandoning module IOSTargetPlatform (36)
[2015.09.12-02.11.20:916][743]LogModuleManager: Shutting down and abandoning module HTML5TargetPlatform (35)
[2015.09.12-02.11.20:917][743]LogModuleManager: Shutting down and abandoning module Android_PVRTCTargetPlatform (34)
[2015.09.12-02.11.20:919][743]LogModuleManager: Shutting down and abandoning module Android_ETC2TargetPlatform (33)
[2015.09.12-02.11.20:921][743]LogModuleManager: Shutting down and abandoning module Android_ETC1TargetPlatform (32)
[2015.09.12-02.11.20:922][743]LogModuleManager: Shutting down and abandoning module Android_DXTTargetPlatform (31)
[2015.09.12-02.11.20:924][743]LogModuleManager: Shutting down and abandoning module Android_ATCTargetPlatform (30)
[2015.09.12-02.11.20:926][743]LogModuleManager: Shutting down and abandoning module Android_ASTCTargetPlatform (29)
[2015.09.12-02.11.20:928][743]LogModuleManager: Shutting down and abandoning module AndroidTargetPlatform (28)
[2015.09.12-02.11.20:929][743]LogModuleManager: Shutting down and abandoning module WindowsTargetPlatform (27)
[2015.09.12-02.11.20:931][743]LogModuleManager: Shutting down and abandoning module WindowsServerTargetPlatform (26)
[2015.09.12-02.11.20:933][743]LogModuleManager: Shutting down and abandoning module WindowsNoEditorTargetPlatform (25)
[2015.09.12-02.11.20:934][743]LogModuleManager: Shutting down and abandoning module WindowsClientTargetPlatform (24)
[2015.09.12-02.11.20:935][743]LogModuleManager: Shutting down and abandoning module AllDesktopTargetPlatform (23)
[2015.09.12-02.11.20:936][743]LogModuleManager: Shutting down and abandoning module TargetPlatform (22)
[2015.09.12-02.11.20:937][743]LogModuleManager: Shutting down and abandoning module InputCore (21)
[2015.09.12-02.11.20:938][743]LogModuleManager: Shutting down and abandoning module Settings (20)
[2015.09.12-02.11.20:940][743]LogModuleManager: Shutting down and abandoning module OnlineSubsystem (18)
[2015.09.12-02.11.20:942][743]LogModuleManager: Shutting down and abandoning module HTTP (17)
[2015.09.12-02.11.22:952][743]LogModuleManager: Shutting down and abandoning module VaOceanPlugin (16)
[2015.09.12-02.11.22:953][743]LogModuleManager: Shutting down and abandoning module ExampleDeviceProfileSelector (15)
[2015.09.12-02.11.22:954][743]LogModuleManager: Shutting down and abandoning module TextureCompressor (14)
[2015.09.12-02.11.22:955][743]LogModuleManager: Shutting down and abandoning module ShaderCore (13)
[2015.09.12-02.11.22:955][743]LogModuleManager: Shutting down and abandoning module Landscape (12)
[2015.09.12-02.11.22:956][743]LogModuleManager: Shutting down and abandoning module SlateRHIRenderer (11)
[2015.09.12-02.11.22:957][743]LogModuleManager: Shutting down and abandoning module OpenGLDrv (10)
[2015.09.12-02.11.22:958][743]LogModuleManager: Shutting down and abandoning module D3D11RHI (9)
[2015.09.12-02.11.22:959][743]LogModuleManager: Shutting down and abandoning module AnimGraphRuntime (8)
[2015.09.12-02.11.22:960][743]LogModuleManager: Shutting down and abandoning module Renderer (7)
[2015.09.12-02.11.22:960][743]LogModuleManager: Shutting down and abandoning module Engine (6)
[2015.09.12-02.11.22:961][743]LogModuleManager: Shutting down and abandoning module CoreUObject (5)
[2015.09.12-02.11.22:961][743]LogModuleManager: Shutting down and abandoning module NetworkFile (4)
[2015.09.12-02.11.22:962][743]LogModuleManager: Shutting down and abandoning module StreamingFile (3)
[2015.09.12-02.11.22:962][743]LogModuleManager: Shutting down and abandoning module SandboxFile (2)
[2015.09.12-02.11.22:963][743]LogModuleManager: Shutting down and abandoning module PakFile (1)
[2015.09.12-02.11.22:969][743]LogExit: Exiting.
[2015.09.12-02.11.22:972][743]Log file closed, 09/11/15 22:11:22
