[2015.09.12-01.52.26:533][  0]Log file open, 09/11/15 21:52:26
[2015.09.12-01.52.26:533][  0]LogInit:Display: Running engine for game: UnrealProject
[2015.09.12-01.52.26:533][  0]LogInit:Display: RandInit(272616584) SRandInit(272616584).
[2015.09.12-01.52.26:533][  0]LogTaskGraph: Started task graph with 4 named threads and 7 total threads.
[2015.09.12-01.52.26:534][  0]LogStats: Stats thread started at 0.147889
[2015.09.12-01.52.26:534][  0]LogInit: Version: 4.9.0-0+++depot+UE4-Releases+4.9
[2015.09.12-01.52.26:534][  0]LogInit: API Version: 0
[2015.09.12-01.52.26:534][  0]LogInit: Compiled (64-bit): Sep 11 2015 20:07:13
[2015.09.12-01.52.26:535][  0]LogInit: Compiled with Visual C++: 18.00.21005.01
[2015.09.12-01.52.26:535][  0]LogInit: Build Configuration: Development
[2015.09.12-01.52.26:535][  0]LogInit: Branch Name: ++depot+UE4-Releases+4.9
[2015.09.12-01.52.26:535][  0]LogInit: Command line: 
[2015.09.12-01.52.26:535][  0]LogInit: Base directory: C:/Program Files/Epic Games/UnrealEngine/Engine/Binaries/Win64/
[2015.09.12-01.52.26:536][  0]LogInit: Rocket: 0
[2015.09.12-01.52.26:566][  0]LogInit: Using libcurl 7.41.0
[2015.09.12-01.52.26:567][  0]LogInit:  - built for x86_64-pc-win32
[2015.09.12-01.52.26:567][  0]LogInit:  - supports SSL with WinSSL
[2015.09.12-01.52.26:567][  0]LogInit:  - other features:
[2015.09.12-01.52.26:568][  0]LogInit:      CURL_VERSION_SSL
[2015.09.12-01.52.26:568][  0]LogInit:      CURL_VERSION_IPV6
[2015.09.12-01.52.26:568][  0]LogInit:      CURL_VERSION_ASYNCHDNS
[2015.09.12-01.52.26:569][  0]LogInit:      CURL_VERSION_LARGEFILE
[2015.09.12-01.52.26:569][  0]LogInit:      CURL_VERSION_IDN
[2015.09.12-01.52.26:569][  0]LogInit:  CurlRequestOptions (configurable via config and command line):
[2015.09.12-01.52.26:569][  0]LogInit:  - bVerifyPeer = true  - Libcurl will verify peer certificate
[2015.09.12-01.52.26:570][  0]LogInit:  - bUseHttpProxy = false  - Libcurl will NOT use HTTP proxy
[2015.09.12-01.52.26:570][  0]LogInit:  - bDontReuseConnections = false  - Libcurl will reuse connections
[2015.09.12-01.52.26:570][  0]LogInit:  - CertBundlePath = nullptr  - Libcurl will use whatever was configured at build time.
[2015.09.12-01.52.26:597][  0]LogInit: Presizing for 0 objects not considered by GC, pre-allocating 0 bytes.
[2015.09.12-01.52.26:609][  0]LogInit: Object subsystem initialized
[2015.09.12-01.52.26:611][  0]LogInit: Selected Device Profile: [Windows]
[2015.09.12-01.52.26:612][  0]LogInit: Applying CVar settings loaded from the selected device profile: [Windows]
[2015.09.12-01.52.26:627][  0]LogInit: Computer: EXAYDX
[2015.09.12-01.52.26:628][  0]LogInit: User: Myriam
[2015.09.12-01.52.26:628][  0]LogInit: CPU Page size=4096, Cores=4
[2015.09.12-01.52.26:628][  0]LogInit: High frequency timer resolution =2.143486 MHz
[2015.09.12-01.52.26:629][  0]LogMemory: Memory total: Physical=15.9GB (16GB approx)
[2015.09.12-01.52.26:629][  0]LogMemory: Platform Memory Stats for Windows
[2015.09.12-01.52.26:629][  0]LogMemory: Process Physical Memory: 52.07 MB used, 52.07 MB peak
[2015.09.12-01.52.26:629][  0]LogMemory: Process Virtual Memory: 54.16 MB used, 54.16 MB peak
[2015.09.12-01.52.26:630][  0]LogMemory: Physical Memory: 6930.42 MB used, 16287.06 MB total
[2015.09.12-01.52.26:630][  0]LogMemory: Virtual Memory: 354.51 MB used, 134217728.00 MB total
[2015.09.12-01.52.27:462][  0]LogTextLocalizationManager: No specific translations for ('en-CA') exist, so ('en') translations will be used.
[2015.09.12-01.52.28:181][  0]LogD3D11RHI: Found D3D11 adapter 0: NVIDIA GeForce GT 750M      (Feature Level 11_0)
[2015.09.12-01.52.28:181][  0]LogD3D11RHI: Adapter has 1988MB of dedicated video memory, 0MB of dedicated system memory, and 2048MB of shared system memory, 1 output[s]
[2015.09.12-01.52.28:201][  0]LogD3D11RHI: Found D3D11 adapter 1: Intel(R) HD Graphics 4600 (Feature Level 11_0)
[2015.09.12-01.52.28:201][  0]LogD3D11RHI: Adapter has 0MB of dedicated video memory, 0MB of dedicated system memory, and 1792MB of shared system memory, 0 output[s]
[2015.09.12-01.52.28:206][  0]LogD3D11RHI: Found D3D11 adapter 2: Microsoft Basic Render Driver (Feature Level 11_0)
[2015.09.12-01.52.28:206][  0]LogD3D11RHI: Adapter has 0MB of dedicated video memory, 0MB of dedicated system memory, and 256MB of shared system memory, 0 output[s]
[2015.09.12-01.52.28:206][  0]LogD3D11RHI: Chosen D3D11 Adapter Id = 0
[2015.09.12-01.52.28:213][  0]LogD3D11RHI: !Direct3DDevice
[2015.09.12-01.52.28:214][  0]LogRHI: Texture pool is 1361 MB (70% of 1945 MB)
[2015.09.12-01.52.28:272][  0]LogD3D11RHI: Async texture creation enabled
[2015.09.12-01.52.28:290][  0]LogShaderCompilers: Guid format shader working directory is 14 characters bigger than the processId version (../../../../../../Users/Myriam/Documents/Unreal Projects/UnrealProject/Intermediate/Shaders/WorkingDirectory/10364/).
[2015.09.12-01.52.28:291][  0]LogShaderCompilers: Cleaned the shader compiler working directory '../../../../../../Users/Myriam/Documents/Unreal Projects/UnrealProject/Intermediate/Shaders/tmp/0580E51344DEA3B3F94A71A04D1FC2CC/'.
[2015.09.12-01.52.28:291][  0]LogShaderCompilers:Display: Using Local Shader Compiler.
