[2015.09.12-02.03.24:031][  0]Log file open, 09/11/15 22:03:24
[2015.09.12-02.03.24:031][  0]LogInit:Display: Running engine for game: UnrealProject
[2015.09.12-02.03.24:032][  0]LogInit:Display: RandInit(1681661931) SRandInit(1681661931).
[2015.09.12-02.03.24:032][  0]LogTaskGraph: Started task graph with 4 named threads and 7 total threads.
[2015.09.12-02.03.24:032][  0]LogStats: Stats thread started at 0.150738
[2015.09.12-02.03.24:032][  0]LogInit: Version: 4.9.0-0+++depot+UE4-Releases+4.9
[2015.09.12-02.03.24:033][  0]LogInit: API Version: 0
[2015.09.12-02.03.24:033][  0]LogInit: Compiled (64-bit): Sep 11 2015 20:07:13
[2015.09.12-02.03.24:033][  0]LogInit: Compiled with Visual C++: 18.00.21005.01
[2015.09.12-02.03.24:033][  0]LogInit: Build Configuration: Development
[2015.09.12-02.03.24:033][  0]LogInit: Branch Name: ++depot+UE4-Releases+4.9
[2015.09.12-02.03.24:034][  0]LogInit: Command line: 
[2015.09.12-02.03.24:034][  0]LogInit: Base directory: C:/Program Files/Epic Games/UnrealEngine/Engine/Binaries/Win64/
[2015.09.12-02.03.24:034][  0]LogInit: Rocket: 0
[2015.09.12-02.03.24:061][  0]LogInit: Using libcurl 7.41.0
[2015.09.12-02.03.24:062][  0]LogInit:  - built for x86_64-pc-win32
[2015.09.12-02.03.24:062][  0]LogInit:  - supports SSL with WinSSL
[2015.09.12-02.03.24:063][  0]LogInit:  - other features:
[2015.09.12-02.03.24:063][  0]LogInit:      CURL_VERSION_SSL
[2015.09.12-02.03.24:063][  0]LogInit:      CURL_VERSION_IPV6
[2015.09.12-02.03.24:064][  0]LogInit:      CURL_VERSION_ASYNCHDNS
[2015.09.12-02.03.24:064][  0]LogInit:      CURL_VERSION_LARGEFILE
[2015.09.12-02.03.24:065][  0]LogInit:      CURL_VERSION_IDN
[2015.09.12-02.03.24:065][  0]LogInit:  CurlRequestOptions (configurable via config and command line):
[2015.09.12-02.03.24:065][  0]LogInit:  - bVerifyPeer = true  - Libcurl will verify peer certificate
[2015.09.12-02.03.24:066][  0]LogInit:  - bUseHttpProxy = false  - Libcurl will NOT use HTTP proxy
[2015.09.12-02.03.24:066][  0]LogInit:  - bDontReuseConnections = false  - Libcurl will reuse connections
[2015.09.12-02.03.24:066][  0]LogInit:  - CertBundlePath = nullptr  - Libcurl will use whatever was configured at build time.
[2015.09.12-02.03.24:094][  0]LogInit: Presizing for 0 objects not considered by GC, pre-allocating 0 bytes.
[2015.09.12-02.03.24:106][  0]LogInit: Object subsystem initialized
[2015.09.12-02.03.24:108][  0]LogInit: Selected Device Profile: [Windows]
[2015.09.12-02.03.24:108][  0]LogInit: Applying CVar settings loaded from the selected device profile: [Windows]
[2015.09.12-02.03.24:122][  0]LogInit: Computer: EXAYDX
[2015.09.12-02.03.24:122][  0]LogInit: User: Myriam
[2015.09.12-02.03.24:123][  0]LogInit: CPU Page size=4096, Cores=4
[2015.09.12-02.03.24:123][  0]LogInit: High frequency timer resolution =2.143486 MHz
[2015.09.12-02.03.24:123][  0]LogMemory: Memory total: Physical=15.9GB (16GB approx)
[2015.09.12-02.03.24:124][  0]LogMemory: Platform Memory Stats for Windows
[2015.09.12-02.03.24:124][  0]LogMemory: Process Physical Memory: 52.08 MB used, 52.08 MB peak
[2015.09.12-02.03.24:124][  0]LogMemory: Process Virtual Memory: 54.17 MB used, 54.17 MB peak
[2015.09.12-02.03.24:124][  0]LogMemory: Physical Memory: 7195.35 MB used, 16287.06 MB total
[2015.09.12-02.03.24:125][  0]LogMemory: Virtual Memory: 354.51 MB used, 134217728.00 MB total
[2015.09.12-02.03.24:951][  0]LogTextLocalizationManager: No specific translations for ('en-CA') exist, so ('en') translations will be used.
[2015.09.12-02.03.25:641][  0]LogD3D11RHI: Found D3D11 adapter 0: NVIDIA GeForce GT 750M      (Feature Level 11_0)
[2015.09.12-02.03.25:642][  0]LogD3D11RHI: Adapter has 1988MB of dedicated video memory, 0MB of dedicated system memory, and 2048MB of shared system memory, 1 output[s]
[2015.09.12-02.03.25:663][  0]LogD3D11RHI: Found D3D11 adapter 1: Intel(R) HD Graphics 4600 (Feature Level 11_0)
[2015.09.12-02.03.25:663][  0]LogD3D11RHI: Adapter has 0MB of dedicated video memory, 0MB of dedicated system memory, and 1792MB of shared system memory, 0 output[s]
[2015.09.12-02.03.25:669][  0]LogD3D11RHI: Found D3D11 adapter 2: Microsoft Basic Render Driver (Feature Level 11_0)
[2015.09.12-02.03.25:669][  0]LogD3D11RHI: Adapter has 0MB of dedicated video memory, 0MB of dedicated system memory, and 256MB of shared system memory, 0 output[s]
[2015.09.12-02.03.25:670][  0]LogD3D11RHI: Chosen D3D11 Adapter Id = 0
[2015.09.12-02.03.25:677][  0]LogD3D11RHI: !Direct3DDevice
[2015.09.12-02.03.25:679][  0]LogRHI: Texture pool is 1361 MB (70% of 1945 MB)
[2015.09.12-02.03.25:800][  0]LogD3D11RHI: Async texture creation enabled
[2015.09.12-02.03.25:818][  0]LogShaderCompilers: Guid format shader working directory is 15 characters bigger than the processId version (../../../../../../Users/Myriam/Documents/Unreal Projects/UnrealProject/Intermediate/Shaders/WorkingDirectory/4764/).
[2015.09.12-02.03.25:818][  0]LogShaderCompilers: Cleaned the shader compiler working directory '../../../../../../Users/Myriam/Documents/Unreal Projects/UnrealProject/Intermediate/Shaders/tmp/29EB14C94220F38C3369269F1390A224/'.
[2015.09.12-02.03.25:819][  0]LogShaderCompilers:Display: Using Local Shader Compiler.
[2015.09.12-02.03.27:188][  0]LogTemp:Display: Loaded TP AllDesktopTargetPlatform
[2015.09.12-02.03.27:203][  0]LogTemp:Display: Loaded TP WindowsClientTargetPlatform
[2015.09.12-02.03.27:219][  0]LogTemp:Display: Loaded TP WindowsNoEditorTargetPlatform
[2015.09.12-02.03.27:236][  0]LogTemp:Display: Loaded TP WindowsServerTargetPlatform
[2015.09.12-02.03.27:253][  0]LogTemp:Display: Loaded TP WindowsTargetPlatform
[2015.09.12-02.03.27:269][  0]LogTemp:Display: Loaded TP AndroidTargetPlatform
[2015.09.12-02.03.27:284][  0]LogTemp:Display: Loaded TP Android_ASTCTargetPlatform
[2015.09.12-02.03.27:300][  0]LogTemp:Display: Loaded TP Android_ATCTargetPlatform
[2015.09.12-02.03.27:316][  0]LogTemp:Display: Loaded TP Android_DXTTargetPlatform
[2015.09.12-02.03.27:330][  0]LogTemp:Display: Loaded TP Android_ETC1TargetPlatform
[2015.09.12-02.03.27:347][  0]LogTemp:Display: Loaded TP Android_ETC2TargetPlatform
[2015.09.12-02.03.27:362][  0]LogTemp:Display: Loaded TP Android_PVRTCTargetPlatform
[2015.09.12-02.03.27:373][  0]LogTemp:Display: Loaded TP HTML5TargetPlatform
[2015.09.12-02.03.27:413][  0]LogTemp:Display: Loaded TP IOSTargetPlatform
[2015.09.12-02.03.27:413][  0]LogTargetPlatformManager:Display: Building Assets For Windows
[2015.09.12-02.03.27:620][  0]LogDerivedDataCache:Display: Max Cache Size: 512 MB
[2015.09.12-02.03.27:666][  0]LogDerivedDataCache: Loaded boot cache 0.05s 41MB ../../../../../../Users/Myriam/Documents/Unreal Projects/UnrealProject/DerivedDataCache/Boot.ddc.
[2015.09.12-02.03.27:667][  0]LogDerivedDataCache:Display: Loaded Boot cache: ../../../../../../Users/Myriam/Documents/Unreal Projects/UnrealProject/DerivedDataCache/Boot.ddc
[2015.09.12-02.03.27:667][  0]LogDerivedDataCache: FDerivedDataBackendGraph:  Pak pak cache file ../../../../../../Users/Myriam/Documents/Unreal Projects/UnrealProject/DerivedDataCache/DDC.ddp not found, will not use a pak cache.
[2015.09.12-02.03.27:668][  0]LogDerivedDataCache: Unable to find inner node Pak for hierarchical cache Hierarchy.
[2015.09.12-02.03.27:668][  0]LogDerivedDataCache: FDerivedDataBackendGraph:  EnginePak pak cache file ../../../Engine/DerivedDataCache/DDC.ddp not found, will not use a pak cache.
[2015.09.12-02.03.27:668][  0]LogDerivedDataCache: Unable to find inner node EnginePak for hierarchical cache Hierarchy.
[2015.09.12-02.03.27:681][  0]LogDerivedDataCache: Using Local data cache path ../../../Engine/DerivedDataCache: Writable
[2015.09.12-02.03.27:681][  0]LogDerivedDataCache: Shared data cache path not found in *engine.ini, will not use an Shared cache.
[2015.09.12-02.03.27:682][  0]LogDerivedDataCache: Unable to find inner node Shared for hierarchical cache Hierarchy.
[2015.09.12-02.03.27:904][  0]LogInit: Selected Device Profile: [Windows]
[2015.09.12-02.03.27:908][  0]LogContentStreaming: Texture pool size is 0.000000MB
[2015.09.12-02.03.28:062][  0]LogMeshUtilities: No automatic mesh reduction module available
[2015.09.12-02.03.28:063][  0]LogMeshUtilities: No automatic mesh merging module available
[2015.09.12-02.03.28:383][  0]LogInit: WinSock: version 1.1 (2.2), MaxSocks=32767, MaxUdp=65467
[2015.09.12-02.03.30:360][  0]UdpMessaging: Initializing bridge on interface 0.0.0.0:0 to multicast group 230.0.0.1:6666.
[2015.09.12-02.03.30:552][  0]LogAssetRegistry: FAssetRegistry took 0.0111 seconds to start up
[2015.09.12-02.03.30:962][  0]SourceControl: Info Source control is disabled
[2015.09.12-02.03.30:976][  0]SourceControl: Info Source control is disabled
[2015.09.12-02.03.31:003][  0]SourceControl: Info Source control is disabled
[2015.09.12-02.03.31:035][  0]SourceControl: Info Source control is disabled
[2015.09.12-02.03.31:572][  0]LogObj: 28439 objects as part of root set at end of initial load.
[2015.09.12-02.03.31:572][  0]LogUObjectAllocator: 6059376 out of 0 bytes used by permanent object pool.
[2015.09.12-02.03.31:685][  0]LogEngine: Initializing Engine...
[2015.09.12-02.03.31:689][  0]LogHMD: Can't find Oculus library dev build: is proper Runtime installed? Version: 0.6.0.0
[2015.09.12-02.03.31:696][  0]LogHMD: SteamVR failed to initialize.  Err: 110
[2015.09.12-02.03.31:859][  0]LogAIModule: Creating AISystem for world NewWorld
[2015.09.12-02.03.31:867][  0]LogInit: XAudio2 using 'Speakers (Realtek High Definition Audio)' : 2 channels at 48 kHz using 16 bits per sample (channel mask 0x3)
[2015.09.12-02.03.32:244][  0]LogInit: FAudioDevice initialized.
[2015.09.12-02.03.32:270][  0]LogDerivedDataCache: Saved boot cache 0.03s 44MB ../../../../../../Users/Myriam/Documents/Unreal Projects/UnrealProject/DerivedDataCache/Boot.ddc.
[2015.09.12-02.03.32:276][  0]LogInit: Texture streaming: Enabled
[2015.09.12-02.03.32:331][  0]LogAnalytics: Creating configured Analytics provider AnalyticsET
[2015.09.12-02.03.32:331][  0]LogAnalytics: [UEEditor.UnrealEngine.Release] APIServer = http://etsource.epicgames.com/ET2/. AppVersion = 4.9.0-0+++depot+UE4-Releases+4.9
[2015.09.12-02.03.32:332][  0]LogAnalytics: [UEEditor.UnrealEngine.Release] SetUserId b937c8bb44ffd6bca5db4cb087d12289|ae6541680da5494ea73e1894fa969d0a|ef05c746-df3b-4785-b67c-17687807354f
[2015.09.12-02.03.32:332][  0]LogAnalytics: [UEEditor.UnrealEngine.Release] AnalyticsET::StartSession
[2015.09.12-02.03.32:364][  0]LogInit: Transaction tracking system initialized
[2015.09.12-02.03.32:450][  0]BlueprintLog: New page: Editor Load
[2015.09.12-02.03.32:818][  0]LocalizationService: Info Localization service is disabled
[2015.09.12-02.03.33:040][  0]LogConsoleResponse:Display: 
[2015.09.12-02.03.33:416][  0]LogCook:Display: Done creating registry. It took  0.00s.
[2015.09.12-02.03.33:622][  0]LogFileCache: Scanning file cache for directory 'C:/Users/Myriam/Documents/Unreal Projects/UnrealProject/Content/' took 0.01s
[2015.09.12-02.03.33:643][  0]SourceControl: Info Source control is disabled
[2015.09.12-02.03.33:644][  0]Cmd: MAP LOAD FILE="../../../../../../Users/Myriam/Documents/Unreal Projects/UnrealProject/Content/StarterContent/Maps/Minimal_Default.umap" TEMPLATE=0 SHOWPROGRESS=1 FEATURELEVEL=3
[2015.09.12-02.03.33:645][  0]LightingResults: New page: Lighting Build
[2015.09.12-02.03.33:648][  0]MapCheck: New page: Map Check
[2015.09.12-02.03.33:648][  0]LightingResults: New page: Lighting Build
[2015.09.12-02.03.33:660][  0]LogParticles: Destroying 0 GPU particle simulations for FXSystem 0x0000003A24A01620
[2015.09.12-02.03.34:020][  0]LogAIModule: Creating AISystem for world Minimal_Default
[2015.09.12-02.03.34:030][  0]LogEditorServer: Finished looking for orphan Actors (0.000 secs)
[2015.09.12-02.03.34:031][  0]Cmd: MAP CHECKDEP NOCLEARLOG
[2015.09.12-02.03.34:135][  0]MapCheck: Info Map check complete: 0 Error(s), 0 Warning(s), took 103.874ms to complete.
[2015.09.12-02.03.34:136][  0]LogFileHelpers: Loading map 'Minimal_Default' took 0.493
[2015.09.12-02.03.34:255][  0]LogCollectionManager: Loaded 0 collections in 0.002075 seconds
[2015.09.12-02.03.34:304][  0]LogFileCache: Scanning file cache for directory 'C:/Users/Myriam/Documents/Unreal Projects/UnrealProject/Saved/Collections/' took 0.01s
[2015.09.12-02.03.34:305][  0]LogFileCache: Scanning file cache for directory 'C:/Users/Myriam/Documents/Unreal Projects/UnrealProject/Content/Developers/Myriam/Collections/' took 0.01s
[2015.09.12-02.03.34:305][  0]LogFileCache: Scanning file cache for directory 'C:/Users/Myriam/Documents/Unreal Projects/UnrealProject/Content/Collections/' took 0.01s
[2015.09.12-02.03.34:305][  0]LogContentBrowser: Native class hierarchy populated in 0.0089 seconds. Added 1871 classes and 336 folders.
[2015.09.12-02.03.34:311][  0]LogCollectionManager: Rebuilt the GUID cache for 0 collections in 0.000003 seconds
[2015.09.12-02.03.34:323][  0]LogContentBrowser: Native class hierarchy updated for 'WidgetCarousel' in 0.0031 seconds. Added 0 classes and 0 folders.
[2015.09.12-02.03.34:432][  0]LogContentBrowser: Native class hierarchy updated for 'AddContentDialog' in 0.0018 seconds. Added 0 classes and 0 folders.
[2015.09.12-02.03.34:451][  0]LogContentBrowser: Native class hierarchy updated for 'SceneOutliner' in 0.0019 seconds. Added 1 classes and 2 folders.
[2015.09.12-02.03.34:494][  0]LogCrashTracker: Crashtracker disabled due to settings.
[2015.09.12-02.03.34:500][  0]LogUObjectGlobals:Warning: Failed to find object 'Class None.'
[2015.09.12-02.03.34:527][  0]LogLoad: Full Startup: 12.16 seconds (BP compile: 0.04 seconds)
[2015.09.12-02.03.34:536][  0]LogWindowsTextInputMethodSystem:Display: IME system now deactivated.
[2015.09.12-02.03.34:537][  0]LogWindowsTextInputMethodSystem:Display: IME system now deactivated.
[2015.09.12-02.03.34:595][  0]LogContentStreaming: Texture pool size now 1000 MB
[2015.09.12-02.03.34:742][  0]LogRenderer: Reallocating scene render targets to support 1004x460 (Frame:2).
[2015.09.12-02.03.35:336][  4]LogAssetRegistry: Asset discovery search completed in 4.7957 seconds
[2015.09.12-02.03.35:337][  4]LogCollectionManager: Rebuilt the object cache for 0 collections in 0.000001 seconds (found 0 objects)
[2015.09.12-02.03.35:338][  4]LogCollectionManager: Fixed up redirectors for 0 collections in 0.001170 seconds (updated 0 objects)
[2015.09.12-02.03.39:078][229]LogEditorViewport: Clicking on Actor (LMB): StaticMeshActor (Chair)
[2015.09.12-02.03.40:160][303]Cmd: DELETE
[2015.09.12-02.03.40:161][303]Cmd: ACTOR DELETE
[2015.09.12-02.03.40:167][303]LogEditorActor: Deleted Actor: StaticMeshActor
[2015.09.12-02.03.40:194][303]LogEditorActor: Deleted 1 Actors (0.033 secs)
[2015.09.12-02.03.41:361][390]LogEditorViewport: Clicking on Actor (LMB): StaticMeshActor (Table)
[2015.09.12-02.03.41:977][431]Cmd: DELETE
[2015.09.12-02.03.41:978][431]Cmd: ACTOR DELETE
[2015.09.12-02.03.41:979][431]LogEditorActor: Deleted Actor: StaticMeshActor
[2015.09.12-02.03.42:005][431]LogEditorActor: Deleted 1 Actors (0.027 secs)
[2015.09.12-02.03.43:196][521]LogEditorViewport: Clicking on Actor (LMB): StaticMeshActor (Statue)
[2015.09.12-02.03.43:716][553]Cmd: DELETE
[2015.09.12-02.03.43:717][553]Cmd: ACTOR DELETE
[2015.09.12-02.03.43:718][553]LogEditorActor: Deleted Actor: StaticMeshActor
[2015.09.12-02.03.43:731][553]LogEditorActor: Deleted 1 Actors (0.013 secs)
[2015.09.12-02.03.44:753][631]LogEditorViewport: Clicking on Actor (LMB): StaticMeshActor (Chair)
[2015.09.12-02.03.45:171][659]Cmd: DELETE
[2015.09.12-02.03.45:172][659]Cmd: ACTOR DELETE
[2015.09.12-02.03.45:173][659]LogEditorActor: Deleted Actor: StaticMeshActor
[2015.09.12-02.03.45:197][659]LogEditorActor: Deleted 1 Actors (0.024 secs)
[2015.09.12-02.03.48:639][911]LogEditorViewport: Clicking on Actor (LMB): SphereReflectionCapture (SphereReflectionCapture10)
[2015.09.12-02.03.49:561][978]Cmd: DELETE
[2015.09.12-02.03.49:561][978]Cmd: ACTOR DELETE
[2015.09.12-02.03.49:562][978]LogEditorActor: Deleted Actor: SphereReflectionCapture
[2015.09.12-02.03.49:579][978]LogEditorActor: Deleted 1 Actors (0.018 secs)
[2015.09.12-02.03.51:822][150]LogEditorViewport: Clicking on Actor (LMB): SphereReflectionCapture (SphereReflectionCapture)
[2015.09.12-02.03.54:897][379]LogEditorViewport: Clicking on Actor (LMB): PlayerStart (Player Start)
[2015.09.12-02.03.55:515][421]Cmd: DELETE
[2015.09.12-02.03.55:516][421]Cmd: ACTOR DELETE
[2015.09.12-02.03.55:517][421]LogEditorActor: Deleted Actor: PlayerStart
[2015.09.12-02.03.55:534][421]LogEditorActor: Deleted 1 Actors (0.018 secs)
[2015.09.12-02.03.57:148][540]LogEditorViewport: Clicking on Actor (LMB): AmbientSound (Starter_Background_Cue)
[2015.09.12-02.03.57:993][598]Cmd: DELETE
[2015.09.12-02.03.57:993][598]Cmd: ACTOR DELETE
[2015.09.12-02.03.57:995][598]LogEditorActor: Deleted Actor: AmbientSound
[2015.09.12-02.03.58:014][598]LogEditorActor: Deleted 1 Actors (0.020 secs)
[2015.09.12-02.03.59:641][713]LogEditorViewport: Clicking on Actor (LMB): AtmosphericFog (Atmospheric Fog)
[2015.09.12-02.04.00:097][742]Cmd: DELETE
[2015.09.12-02.04.00:098][742]Cmd: ACTOR DELETE
[2015.09.12-02.04.00:099][742]LogEditorActor: Deleted Actor: AtmosphericFog
[2015.09.12-02.04.00:116][742]LogEditorActor: Deleted 1 Actors (0.017 secs)
[2015.09.12-02.04.02:770][941]LogEditorViewport: Clicking on Actor (LMB): SphereReflectionCapture (SphereReflectionCapture)
[2015.09.12-02.04.05:948][174]LogEditorViewport: Clicking on Actor (LMB): SkyLight (SkyLight)
[2015.09.12-02.04.08:260][342]LogEditorViewport: Clicking on Actor (LMB): SphereReflectionCapture (SphereReflectionCapture)
[2015.09.12-02.04.08:713][373]Cmd: DELETE
[2015.09.12-02.04.08:714][373]Cmd: ACTOR DELETE
[2015.09.12-02.04.08:715][373]LogEditorActor: Deleted Actor: SphereReflectionCapture
[2015.09.12-02.04.08:734][373]LogEditorActor: Deleted 1 Actors (0.020 secs)
[2015.09.12-02.04.10:287][495]LogEditorViewport: Clicking on Actor (LMB): StaticMeshActor (Floor)
[2015.09.12-02.04.10:931][533]Cmd: DELETE
[2015.09.12-02.04.10:932][533]Cmd: ACTOR DELETE
[2015.09.12-02.04.10:933][533]LogEditorActor: Deleted Actor: StaticMeshActor
[2015.09.12-02.04.10:962][533]LogEditorActor: Deleted 1 Actors (0.030 secs)
[2015.09.12-02.04.15:571][892]LogActorFactory: Actor Factory created Sphere
[2015.09.12-02.04.16:684][977]LogActorFactory: Actor Factory created Sphere
[2015.09.12-02.04.44:267][949]MapCheck: New page: Map Check
[2015.09.12-02.04.44:302][949]Cmd: MAP REBUILD ALLVISIBLE
[2015.09.12-02.04.44:303][949]LogEditorServer: Rebuildmap Clear paths rebuilt
[2015.09.12-02.04.44:332][949]MapCheck:Warning: Warning WorldSettings_1 Hierarchical LOD System is disabled or no HLOD level settings available, unable to build LOD actors. 
[2015.09.12-02.04.44:332][949]LogStats:          STAT_HLOD_BuildClusters - 17.595 ms
[2015.09.12-02.04.44:333][949]LightingResults: New page: Lighting Build - Sep 11, 2015, 6:04:44 PM
[2015.09.12-02.04.47:815][949]LogStaticLightingSystem:Warning: No importance volume found, so the scene bounding box was used.  You can optimize your scene's quality and lighting build times by adding importance volumes.
[2015.09.12-02.04.47:815][949]LogStaticLightingSystem: Running Lightmass w/ ImmediateImport mode ENABLED
[2015.09.12-02.04.47:816][949]LogStaticLightingSystem: Running Lightmass w/ ImmediateProcess mode ENABLED
[2015.09.12-02.04.47:816][949]LogStaticLightingSystem: Running Lightmass w/ Sorting mode ENABLED
[2015.09.12-02.04.47:817][949]LogStaticLightingSystem: Running Lightmass w/ Mapping paddings ENABLED
[2015.09.12-02.04.47:817][949]LogStaticLightingSystem: Running Lightmass w/ Mapping debug paddings DISABLED
[2015.09.12-02.04.48:389][949]LogEditorBuildUtils: Build time 0:00:04
[2015.09.12-02.05.20:413][345]Job is a success!
[2015.09.12-02.05.20:538][346]LogTexture:Display: Building textures: SkyOcclusion0_1 (AutoDXT)
[2015.09.12-02.05.20:544][346]LogTexture:Display: Building textures: LQ_Lightmap_0_2 (DXT1)
[2015.09.12-02.05.20:549][346]LogTexture:Display: Building textures: HQ_Lightmap0_2 (AutoDXT)
[2015.09.12-02.05.20:555][346]LogTexture:Display: Building textures: SkyOcclusion0_2 (AutoDXT)
[2015.09.12-02.05.20:559][346]LogTexture:Display: Building textures: LQ_Lightmap_0_1 (DXT1)
[2015.09.12-02.05.20:567][346]LogTexture:Display: Building textures: HQ_Lightmap0_1 (AutoDXT)
[2015.09.12-02.05.20:589][346]LogTexture:Display: Building textures: ShadowMapTexture2D_0 (G8)
[2015.09.12-02.05.20:592][346]LogTexture:Display: Building textures: ShadowMapTexture2D_1 (G8)
[2015.09.12-02.05.20:623][346]Lightmass on EXAYDX: 4.20 sec total, 3.17 sec importing, 1 ms setup, 282 ms photons, 728 ms processing, 0 ms extra exporting [3/3 mappings]. Threads: 4.94 sec total, 348 ms processing.
[2015.09.12-02.05.20:703][346]LogStaticLightingSystem: Illumination: 36.2 sec (64 ms encoding lightmaps)
[2015.09.12-02.05.20:705][346]LogStaticLightingSystem: Lightmap texture memory:  0.1 MB (0.1 MB streaming, 0.0 MB non-streaming), 4 textures
[2015.09.12-02.05.20:707][346]LogStaticLightingSystem: Shadowmap texture memory: 0.0 MB (0.0 MB streaming, 0.0 MB non-streaming), 2 textures
[2015.09.12-02.05.20:884][347]Cmd: MAP CHECK NOTIFYRESULTS
[2015.09.12-02.05.20:886][347]MapCheck: New page: Minimal_Default - Sep 11, 2015, 6:05:20 PM
[2015.09.12-02.05.20:978][347]MapCheck: Info Map check complete: 0 Error(s), 0 Warning(s), took 91.96ms to complete.
[2015.09.12-02.05.31:984][247]Running C:/Program Files/Epic Games/UnrealEngine/Engine/Binaries/DotNET/UnrealBuildTool.exe  -projectfiles -project="C:/Users/Myriam/Documents/Unreal Projects/UnrealProject/UnrealProject.uproject" -game -engine -progress
[2015.09.12-02.05.32:390][247]Discovering modules, targets and source code for game...
[2015.09.12-02.05.54:178][776]LogEditorViewport: Clicking Background
[2015.09.12-02.05.54:998][832]LogEditorViewport: Clicking on Actor (LMB): StaticMeshActor (Sphere)
[2015.09.12-02.05.56:032][900]LogEditorViewport: Clicking on Actor (LMB): SkyLight (SkyLight)
[2015.09.12-02.05.57:733][ 17]LogEditorViewport: Clicking on Actor (LMB): DirectionalLight (Light Source)
[2015.09.12-02.07.10:128][114]Cmd: DELETE
[2015.09.12-02.07.10:129][114]Cmd: ACTOR DELETE
[2015.09.12-02.07.10:131][114]LogEditorActor: Deleted Actor: PointLight
[2015.09.12-02.07.10:173][114]LogEditorActor: Deleted 1 Actors (0.043 secs)
[2015.09.12-02.07.20:360][710]LogEditorViewport: Clicking on Actor (LMB): SkyLight (SkyLight)
[2015.09.12-02.08.13:101][595]MapCheck: New page: Map Check
[2015.09.12-02.08.13:148][595]Cmd: MAP REBUILD ALLVISIBLE
[2015.09.12-02.08.13:149][595]LogEditorServer: Rebuildmap Clear paths rebuilt
[2015.09.12-02.08.13:169][595]MapCheck:Warning: Warning WorldSettings_1 Hierarchical LOD System is disabled or no HLOD level settings available, unable to build LOD actors. 
[2015.09.12-02.08.13:169][595]LogStats:          STAT_HLOD_BuildClusters - 14.819 ms
[2015.09.12-02.08.13:170][595]LightingResults: New page: Lighting Build - Sep 11, 2015, 6:08:13 PM
[2015.09.12-02.08.17:701][595]LogStaticLightingSystem:Warning: No importance volume found, so the scene bounding box was used.  You can optimize your scene's quality and lighting build times by adding importance volumes.
[2015.09.12-02.08.17:701][595]LogStaticLightingSystem: Running Lightmass w/ ImmediateImport mode ENABLED
[2015.09.12-02.08.17:702][595]LogStaticLightingSystem: Running Lightmass w/ ImmediateProcess mode ENABLED
[2015.09.12-02.08.17:702][595]LogStaticLightingSystem: Running Lightmass w/ Sorting mode ENABLED
[2015.09.12-02.08.17:702][595]LogStaticLightingSystem: Running Lightmass w/ Mapping paddings ENABLED
[2015.09.12-02.08.17:702][595]LogStaticLightingSystem: Running Lightmass w/ Mapping debug paddings DISABLED
[2015.09.12-02.08.17:861][595]LogEditorBuildUtils: Build time 0:00:04
[2015.09.12-02.08.20:230][673]Job is a success!
[2015.09.12-02.08.20:342][674]LogTexture:Display: Building textures: SkyOcclusion1_1 (AutoDXT)
[2015.09.12-02.08.20:348][674]LogTexture:Display: Building textures: LQ_Lightmap_1_2 (DXT1)
[2015.09.12-02.08.20:353][674]LogTexture:Display: Building textures: HQ_Lightmap1_2 (AutoDXT)
[2015.09.12-02.08.20:359][674]LogTexture:Display: Building textures: SkyOcclusion1_2 (AutoDXT)
[2015.09.12-02.08.20:363][674]LogTexture:Display: Building textures: LQ_Lightmap_1_1 (DXT1)
[2015.09.12-02.08.20:371][674]LogTexture:Display: Building textures: HQ_Lightmap1_1 (AutoDXT)
[2015.09.12-02.08.20:417][674]LogTexture:Display: Building textures: ShadowMapTexture2D_2 (BGRA8)
[2015.09.12-02.08.20:420][674]LogTexture:Display: Building textures: ShadowMapTexture2D_3 (G8)
[2015.09.12-02.08.20:461][674]Lightmass on EXAYDX: 1.11 sec total, 352 ms importing, 1 ms setup, 283 ms photons, 444 ms processing, 0 ms extra exporting [3/3 mappings]. Threads: 2.94 sec total, 430 ms processing.
[2015.09.12-02.08.20:469][674]LogStaticLightingSystem: Illumination: 7.22 sec (90 ms encoding lightmaps)
[2015.09.12-02.08.20:470][674]LogStaticLightingSystem: Lightmap texture memory:  0.1 MB (0.1 MB streaming, 0.0 MB non-streaming), 4 textures
[2015.09.12-02.08.20:470][674]LogStaticLightingSystem: Shadowmap texture memory: 0.2 MB (0.2 MB streaming, 0.0 MB non-streaming), 4 textures
[2015.09.12-02.08.20:726][675]Cmd: MAP CHECK NOTIFYRESULTS
[2015.09.12-02.08.20:726][675]MapCheck: New page: Minimal_Default - Sep 11, 2015, 6:08:20 PM
[2015.09.12-02.08.20:808][675]MapCheck: Info Map check complete: 0 Error(s), 0 Warning(s), took 81.701ms to complete.
[2015.09.12-02.08.30:296][120]MapCheck: New page: Map Check
[2015.09.12-02.08.30:336][120]Cmd: MAP REBUILD ALLVISIBLE
[2015.09.12-02.08.30:337][120]LogEditorServer: Rebuildmap Clear paths rebuilt
[2015.09.12-02.08.30:358][120]MapCheck:Warning: Warning WorldSettings_1 Hierarchical LOD System is disabled or no HLOD level settings available, unable to build LOD actors. 
[2015.09.12-02.08.30:359][120]LogStats:          STAT_HLOD_BuildClusters - 15.617 ms
[2015.09.12-02.08.30:359][120]LightingResults: New page: Lighting Build - Sep 11, 2015, 6:08:30 PM
[2015.09.12-02.08.39:237][120]LogStaticLightingSystem:Warning: No importance volume found, so the scene bounding box was used.  You can optimize your scene's quality and lighting build times by adding importance volumes.
[2015.09.12-02.08.39:238][120]LogStaticLightingSystem: Running Lightmass w/ ImmediateImport mode ENABLED
[2015.09.12-02.08.39:238][120]LogStaticLightingSystem: Running Lightmass w/ ImmediateProcess mode ENABLED
[2015.09.12-02.08.39:238][120]LogStaticLightingSystem: Running Lightmass w/ Sorting mode ENABLED
[2015.09.12-02.08.39:239][120]LogStaticLightingSystem: Running Lightmass w/ Mapping paddings ENABLED
[2015.09.12-02.08.39:239][120]LogStaticLightingSystem: Running Lightmass w/ Mapping debug paddings DISABLED
[2015.09.12-02.08.39:390][120]LogEditorBuildUtils: Build time 0:00:09
[2015.09.12-02.08.41:528][231]Job is a success!
[2015.09.12-02.08.41:624][232]LogTexture:Display: Building textures: SkyOcclusion0_1 (AutoDXT)
[2015.09.12-02.08.41:630][232]LogTexture:Display: Building textures: LQ_Lightmap_0_2 (DXT1)
[2015.09.12-02.08.41:635][232]LogTexture:Display: Building textures: HQ_Lightmap0_2 (AutoDXT)
[2015.09.12-02.08.41:641][232]LogTexture:Display: Building textures: SkyOcclusion0_2 (AutoDXT)
[2015.09.12-02.08.41:644][232]LogTexture:Display: Building textures: LQ_Lightmap_0_1 (DXT1)
[2015.09.12-02.08.41:656][232]LogTexture:Display: Building textures: HQ_Lightmap0_1 (AutoDXT)
[2015.09.12-02.08.41:685][232]LogTexture:Display: Building textures: ShadowMapTexture2D_4 (BGRA8)
[2015.09.12-02.08.41:687][232]LogTexture:Display: Building textures: ShadowMapTexture2D_5 (G8)
[2015.09.12-02.08.41:706][232]Lightmass on EXAYDX: 944 ms total, 179 ms importing, 1 ms setup, 285 ms photons, 464 ms processing, 0 ms extra exporting [3/3 mappings]. Threads: 3.08 sec total, 455 ms processing.
[2015.09.12-02.08.41:718][232]LogStaticLightingSystem: Illumination: 11.3 sec (71 ms encoding lightmaps)
[2015.09.12-02.08.41:719][232]LogStaticLightingSystem: Lightmap texture memory:  0.1 MB (0.1 MB streaming, 0.0 MB non-streaming), 4 textures
[2015.09.12-02.08.41:719][232]LogStaticLightingSystem: Shadowmap texture memory: 0.4 MB (0.4 MB streaming, 0.0 MB non-streaming), 6 textures
[2015.09.12-02.08.42:262][233]Cmd: MAP CHECK NOTIFYRESULTS
[2015.09.12-02.08.42:263][233]MapCheck: New page: Minimal_Default - Sep 11, 2015, 6:08:42 PM
[2015.09.12-02.08.42:339][233]MapCheck: Info Map check complete: 0 Error(s), 0 Warning(s), took 76.379ms to complete.
[2015.09.12-02.09.21:196][800]LogPlayLevel: PlayLevel: No blueprints needed recompiling
[2015.09.12-02.09.21:240][800]PIE: New page: PIE session: Minimal_Default (Sep 11, 2015, 6:09:21 PM)
[2015.09.12-02.09.21:240][800]LogPlayLevel: Creating play world package: /Game/StarterContent/Maps/UEDPIE_0_Minimal_Default
[2015.09.12-02.09.21:384][800]LogPlayLevel: PIE: StaticDuplicateObject took: (0.142818s)
[2015.09.12-02.09.21:385][800]LogAIModule: Creating AISystem for world Minimal_Default
[2015.09.12-02.09.21:385][800]LogPlayLevel: PIE: World Init took: (0.001355s)
[2015.09.12-02.09.21:435][800]LogPlayLevel: PIE: Created PIE world by copying editor world from /Game/StarterContent/Maps/Minimal_Default.Minimal_Default to /Game/StarterContent/Maps/UEDPIE_0_Minimal_Default.Minimal_Default (0.194890s)
[2015.09.12-02.09.21:513][800]LogInit: XAudio2 using 'Speakers (Realtek High Definition Audio)' : 2 channels at 48 kHz using 16 bits per sample (channel mask 0x3)
[2015.09.12-02.09.21:525][800]LogInit: FAudioDevice initialized.
[2015.09.12-02.09.21:747][800]LogAudioDerivedData:Display: Building compressed audio format OGG wave StartPlayInEditor...
[2015.09.12-02.09.22:841][800]LogWorld: Game class is 'UnrealProjectGameMode'
[2015.09.12-02.09.23:463][800]LogWorld: Bringing World /Game/StarterContent/Maps/UEDPIE_0_Minimal_Default.Minimal_Default up for play (max tick rate 0) at 2015.09.11-22.09.23
[2015.09.12-02.09.23:463][800]LogActor:Warning: GameSession /Game/StarterContent/Maps/UEDPIE_0_Minimal_Default.Minimal_Default:PersistentLevel.GameSession_0 has natively added scene component(s), but none of them were set as the actor's RootComponent - picking one arbitrarily
[2015.09.12-02.09.23:566][800]LogActor:Warning: GameNetworkManager /Game/StarterContent/Maps/UEDPIE_0_Minimal_Default.Minimal_Default:PersistentLevel.GameNetworkManager_0 has natively added scene component(s), but none of them were set as the actor's RootComponent - picking one arbitrarily
[2015.09.12-02.09.23:567][800]LogWorld: Bringing up level for play took: 0.106484
[2015.09.12-02.09.25:004][800]PIE: Info Play in editor start time for /Game/StarterContent/Maps/UEDPIE_0_Minimal_Default 3.685
[2015.09.12-02.09.38:159][690]LogAudioDerivedData:Display: Building compressed audio format OGG wave EndPlayInEditor...
[2015.09.12-02.09.38:364][691]LogParticles: Destroying 0 GPU particle simulations for FXSystem 0x0000003A1CDC39C0
[2015.09.12-02.09.43:810][100]LogSavePackage: Save=675.790283ms
[2015.09.12-02.09.43:811][100]LogSavePackage: Moving '../../../../../../Users/Myriam/Documents/Unreal Projects/UnrealProject/Saved/Minimal_DefaultEB6A3F8B48095C9438AA118904D270C1.tmp' to '../../../../../../Users/Myriam/Documents/Unreal Projects/UnrealProject/Content/StarterContent/Maps/Minimal_Default.umap'
[2015.09.12-02.09.43:817][100]LogSavePackage: Total save time: 688.877370ms
[2015.09.12-02.09.43:818][100]LogSavePackage:Warning: Finished SavePackage ../../../../../../Users/Myriam/Documents/Unreal Projects/UnrealProject/Content/StarterContent/Maps/Minimal_Default.umap
[2015.09.12-02.09.47:648][318]Recompiling UnrealProject...
[2015.09.12-02.09.47:648][318]Building UnrealBuildTool...
[2015.09.12-02.09.47:649][318]Building UnrealBuildTool in C:/Program Files/Epic Games/UnrealEngine/...
[2015.09.12-02.09.47:653][318]Running: C:\Windows\system32\cmd.exe /c "C:\Program Files\Epic Games\UnrealEngine\Engine\Intermediate\Build\UnrealBuildTool\BuildUBT.bat"
[2015.09.12-02.09.49:035][318]Launching UnrealBuildTool... [C:/Program Files/Epic Games/UnrealEngine/Engine/Binaries/DotNET/UnrealBuildTool.exe UnrealProject -ModuleWithSuffix UnrealProject 6171 Win64 Development -editorrecompile -canskiplink "C:/Users/Myriam/Documents/Unreal Projects/UnrealProject/UnrealProject.uproject" ]
[2015.09.12-02.09.49:038][318]Warning: Starting HotReload took  1.7s.
[2015.09.12-02.09.58:848][912]CompilerResultsLog: New page: Compilation - Sep 11, 2015, 6:09:58 PM
[2015.09.12-02.09.58:915][912]CompilerResultsLog: Info Performing full C++ include scan (hot reloading a new target)
[2015.09.12-02.09.58:917][912]CompilerResultsLog: Info Creating makefile for hot reloading UnrealProject (no existing makefile)
[2015.09.12-02.09.58:918][912]CompilerResultsLog: Info Compiling game modules for hot reload
[2015.09.12-02.09.58:919][912]CompilerResultsLog: Info Target is up to date.
[2015.09.12-02.09.58:920][912]LogMainFrame: MainFrame: Module compiling took 11.276 seconds
[2015.09.12-02.10.13:033][706]LogWindowsTextInputMethodSystem:Display: IME system now deactivated.
[2015.09.12-02.10.13:034][706]LogWindowsTextInputMethodSystem:Display: IME system now deactivated.
[2015.09.12-02.10.13:723][707]Cmd: QUIT_EDITOR
[2015.09.12-02.10.14:120][707]LogExit: Preparing to exit.
[2015.09.12-02.10.15:193][707]LogExit: Editor shut down
[2015.09.12-02.10.15:194][707]LogExit: Transaction tracking system shut down
[2015.09.12-02.10.15:197][707]LogParticles: Destroying 0 GPU particle simulations for FXSystem 0x0000003A12240400
[2015.09.12-02.10.15:198][707]LogParticles: Destroying 0 GPU particle simulations for FXSystem 0x0000003A32474860
[2015.09.12-02.10.15:199][707]LogParticles: Destroying 0 GPU particle simulations for FXSystem 0x0000003A34B7FA60
[2015.09.12-02.10.15:199][707]LogParticles: Destroying 0 GPU particle simulations for FXSystem 0x0000003A33246E80
[2015.09.12-02.10.15:324][707]LogExit: Object subsystem successfully closed.
[2015.09.12-02.10.15:344][707]LogD3D11RHI: Shutdown
[2015.09.12-02.10.15:344][707]LogD3D11RHI: CleanupD3DDevice
[2015.09.12-02.10.15:819][707]LogD3D11RHI: ~FD3D11DynamicRHI
[2015.09.12-02.10.15:852][707]LogModuleManager: Shutting down and abandoning module CrashTracker (194)
[2015.09.12-02.10.15:852][707]LogModuleManager: Shutting down and abandoning module SceneOutliner (193)
[2015.09.12-02.10.15:853][707]LogModuleManager: Shutting down and abandoning module SuperSearch (192)
[2015.09.12-02.10.15:853][707]LogModuleManager: Shutting down and abandoning module WidgetCarousel (191)
[2015.09.12-02.10.15:853][707]LogModuleManager: Shutting down and abandoning module AddContentDialog (190)
[2015.09.12-02.10.15:861][707]LogModuleManager: Shutting down and abandoning module EditorWidgets (189)
[2015.09.12-02.10.15:861][707]LogModuleManager: Shutting down and abandoning module CollectionManager (188)
[2015.09.12-02.10.15:862][707]LogModuleManager: Shutting down and abandoning module StatsViewer (187)
[2015.09.12-02.10.15:863][707]LogModuleManager: Shutting down and abandoning module FoliageEdit (186)
[2015.09.12-02.10.15:881][707]LogModuleManager: Shutting down and abandoning module LandscapeEditor (185)
[2015.09.12-02.10.15:882][707]LogModuleManager: Shutting down and abandoning module ActorPickerMode (184)
[2015.09.12-02.10.15:882][707]LogModuleManager: Shutting down and abandoning module GeometryMode (183)
[2015.09.12-02.10.15:883][707]LogModuleManager: Shutting down and abandoning module TextureAlignMode (182)
[2015.09.12-02.10.15:883][707]LogModuleManager: Shutting down and abandoning module BspMode (181)
[2015.09.12-02.10.15:883][707]LogModuleManager: Shutting down and abandoning module PlacementMode (180)
[2015.09.12-02.10.15:883][707]LogModuleManager: Shutting down and abandoning module AutomationWorker (179)
[2015.09.12-02.10.15:884][707]LogModuleManager: Shutting down and abandoning module CharacterAI (178)
[2015.09.12-02.10.15:884][707]LogModuleManager: Shutting down and abandoning module SmartSnapping (177)
[2015.09.12-02.10.15:884][707]LogModuleManager: Shutting down and abandoning module ViewportSnapping (176)
[2015.09.12-02.10.15:884][707]LogModuleManager: Shutting down and abandoning module LogVisualizer (175)
[2015.09.12-02.10.15:885][707]LogModuleManager: Shutting down and abandoning module GameProjectGeneration (174)
[2015.09.12-02.10.15:885][707]LogModuleManager: Shutting down and abandoning module IntroTutorials (173)
[2015.09.12-02.10.15:885][707]LogModuleManager: Shutting down and abandoning module EditorLiveStreaming (172)
[2015.09.12-02.10.15:885][707]LogModuleManager: Shutting down and abandoning module IOSPlatformEditor (171)
[2015.09.12-02.10.15:886][707]LogModuleManager: Shutting down and abandoning module HTML5PlatformEditor (170)
[2015.09.12-02.10.15:886][707]LogModuleManager: Shutting down and abandoning module AndroidDeviceDetection (169)
[2015.09.12-02.10.16:779][707]LogModuleManager: Shutting down and abandoning module AndroidPlatformEditor (168)
[2015.09.12-02.10.16:780][707]LogModuleManager: Shutting down and abandoning module IOSRuntimeSettings (167)
[2015.09.12-02.10.16:781][707]LogModuleManager: Shutting down and abandoning module AndroidRuntimeSettings (166)
[2015.09.12-02.10.16:782][707]LogModuleManager: Shutting down and abandoning module MergeActors (165)
[2015.09.12-02.10.16:783][707]LogModuleManager: Shutting down and abandoning module SizeMap (164)
[2015.09.12-02.10.16:784][707]LogModuleManager: Shutting down and abandoning module TreeMap (163)
[2015.09.12-02.10.16:785][707]LogModuleManager: Shutting down and abandoning module ReferenceViewer (162)
[2015.09.12-02.10.16:787][707]LogModuleManager: Shutting down and abandoning module LocalizationService (161)
[2015.09.12-02.10.16:789][707]LogModuleManager: Shutting down and abandoning module LocalizationDashboard (160)
[2015.09.12-02.10.16:790][707]LogModuleManager: Shutting down and abandoning module HardwareTargeting (159)
[2015.09.12-02.10.16:791][707]LogModuleManager: Shutting down and abandoning module DeviceProfileEditor (158)
[2015.09.12-02.10.16:792][707]LogModuleManager: Shutting down and abandoning module UndoHistory (157)
[2015.09.12-02.10.16:793][707]LogModuleManager: Shutting down and abandoning module GameplayTagsEditor (156)
[2015.09.12-02.10.16:794][707]LogModuleManager: Shutting down and abandoning module UserFeedback (155)
[2015.09.12-02.10.16:796][707]LogModuleManager: Shutting down and abandoning module XmlParser (154)
[2015.09.12-02.10.16:797][707]LogModuleManager: Shutting down and abandoning module Blutility (153)
[2015.09.12-02.10.16:798][707]LogModuleManager: Shutting down and abandoning module ProjectTargetPlatformEditor (152)
[2015.09.12-02.10.16:799][707]LogModuleManager: Shutting down and abandoning module ProjectSettingsViewer (151)
[2015.09.12-02.10.16:801][707]LogModuleManager: Shutting down and abandoning module InputBindingEditor (150)
[2015.09.12-02.10.16:802][707]LogModuleManager: Shutting down and abandoning module EditorSettingsViewer (149)
[2015.09.12-02.10.16:803][707]LogModuleManager: Shutting down and abandoning module SettingsEditor (148)
[2015.09.12-02.10.16:804][707]LogModuleManager: Shutting down and abandoning module ProjectLauncher (147)
[2015.09.12-02.10.16:806][707]LogModuleManager: Shutting down and abandoning module SessionFrontend (146)
[2015.09.12-02.10.16:807][707]LogModuleManager: Shutting down and abandoning module ProfilerClient (145)
[2015.09.12-02.10.16:808][707]LogModuleManager: Shutting down and abandoning module TargetDeviceServices (144)
[2015.09.12-02.10.16:809][707]LogModuleManager: Shutting down and abandoning module DeviceManager (143)
[2015.09.12-02.10.16:811][707]LogModuleManager: Shutting down and abandoning module AutomationController (142)
[2015.09.12-02.10.16:812][707]LogModuleManager: Shutting down and abandoning module AutomationWindow (141)
[2015.09.12-02.10.16:813][707]LogModuleManager: Shutting down and abandoning module Layers (140)
[2015.09.12-02.10.16:814][707]LogModuleManager: Shutting down and abandoning module ComponentVisualizers (139)
[2015.09.12-02.10.16:815][707]LogModuleManager: Shutting down and abandoning module DetailCustomizations (138)
[2015.09.12-02.10.16:818][707]LogModuleManager: Shutting down and abandoning module PackagesDialog (137)
[2015.09.12-02.10.16:819][707]LogModuleManager: Shutting down and abandoning module Persona (136)
[2015.09.12-02.10.16:820][707]LogModuleManager: Shutting down and abandoning module Kismet (135)
[2015.09.12-02.10.16:821][707]LogModuleManager: Shutting down and abandoning module GraphEditor (134)
[2015.09.12-02.10.16:823][707]LogModuleManager: Shutting down and abandoning module ClassViewer (133)
[2015.09.12-02.10.16:824][707]LogModuleManager: Shutting down and abandoning module Toolbox (132)
[2015.09.12-02.10.16:825][707]LogModuleManager: Shutting down and abandoning module ModuleUI (131)
[2015.09.12-02.10.16:826][707]LogModuleManager: Shutting down and abandoning module MovieSceneTools (130)
[2015.09.12-02.10.16:828][707]LogModuleManager: Shutting down and abandoning module OutputLog (129)
[2015.09.12-02.10.16:829][707]LogModuleManager: Shutting down and abandoning module GammaUI (128)
[2015.09.12-02.10.16:830][707]LogModuleManager: Shutting down and abandoning module Documentation (127)
[2015.09.12-02.10.16:831][707]LogModuleManager: Shutting down and abandoning module GameLiveStreaming (126)
[2015.09.12-02.10.16:832][707]LogModuleManager: Shutting down and abandoning module StreamingPauseRendering (125)
[2015.09.12-02.10.16:833][707]LogModuleManager: Shutting down and abandoning module AnalyticsET (124)
[2015.09.12-02.10.16:835][707]LogModuleManager: Shutting down and abandoning module Analytics (123)
[2015.09.12-02.10.16:836][707]LogModuleManager: Shutting down and abandoning module AITestSuite (122)
[2015.09.12-02.10.16:838][707]LogModuleManager: Shutting down and abandoning module GameplayDebugger (121)
[2015.09.12-02.10.16:839][707]LogModuleManager: Shutting down and abandoning module AIModule (120)
[2015.09.12-02.10.16:840][707]LogModuleManager: Shutting down and abandoning module ProfilerService (119)
[2015.09.12-02.10.16:974][707]LogModuleManager: Shutting down and abandoning module TaskGraph (118)
[2015.09.12-02.10.16:974][707]LogModuleManager: Shutting down and abandoning module SlateRemote (117)
[2015.09.12-02.10.16:975][707]LogModuleManager: Shutting down and abandoning module SteamVRController (116)
[2015.09.12-02.10.16:975][707]LogModuleManager: Shutting down and abandoning module SteamVR (115)
[2015.09.12-02.10.16:975][707]LogModuleManager: Shutting down and abandoning module ProceduralMeshComponent (114)
[2015.09.12-02.10.16:975][707]LogModuleManager: Shutting down and abandoning module OculusRift (113)
[2015.09.12-02.10.16:976][707]LogModuleManager: Shutting down and abandoning module OculusLibrary (112)
[2015.09.12-02.10.16:976][707]LogModuleManager: Shutting down and abandoning module LeapMotionController (111)
[2015.09.12-02.10.17:007][707]LogModuleManager: Shutting down and abandoning module CustomMeshComponent (110)
[2015.09.12-02.10.17:008][707]LogModuleManager: Shutting down and abandoning module CableComponent (109)
[2015.09.12-02.10.17:008][707]LogModuleManager: Shutting down and abandoning module ArchVisCharacter (108)
[2015.09.12-02.10.17:008][707]LogModuleManager: Shutting down and abandoning module MessagingDebugger (107)
[2015.09.12-02.10.17:008][707]LogModuleManager: Shutting down and abandoning module MediaPlayerEditor (106)
[2015.09.12-02.10.17:009][707]LogModuleManager: Shutting down and abandoning module HTML5Networking (105)
[2015.09.12-02.10.17:009][707]LogModuleManager: Shutting down and abandoning module SpeedTreeImporter (104)
[2015.09.12-02.10.17:009][707]LogModuleManager: Shutting down and abandoning module PluginBrowser (103)
[2015.09.12-02.10.17:009][707]LogModuleManager: Shutting down and abandoning module EpicSurvey (102)
[2015.09.12-02.10.17:010][707]LogModuleManager: Shutting down and abandoning module DesktopPlatform (101)
[2015.09.12-02.10.17:010][707]LogModuleManager: Shutting down and abandoning module VisualStudioSourceCodeAccess (100)
[2015.09.12-02.10.17:010][707]LogModuleManager: Shutting down and abandoning module UObjectPlugin (99)
[2015.09.12-02.10.17:010][707]LogModuleManager: Shutting down and abandoning module SubversionSourceControl (98)
[2015.09.12-02.10.17:010][707]LogModuleManager: Shutting down and abandoning module PerforceSourceControl (97)
[2015.09.12-02.10.17:011][707]LogModuleManager: Shutting down and abandoning module SourceControl (96)
[2015.09.12-02.10.17:011][707]LogModuleManager: Shutting down and abandoning module GitSourceControl (95)
[2015.09.12-02.10.17:011][707]LogModuleManager: Shutting down and abandoning module LightPropagationVolumeEditor (94)
[2015.09.12-02.10.17:011][707]LogModuleManager: Shutting down and abandoning module PaperTiledImporter (93)
[2015.09.12-02.10.17:012][707]LogModuleManager: Shutting down and abandoning module PaperSpriteSheetImporter (92)
[2015.09.12-02.10.17:012][707]LogModuleManager: Shutting down and abandoning module MeshPaint (91)
[2015.09.12-02.10.17:012][707]LogModuleManager: Shutting down and abandoning module SlateReflector (90)
[2015.09.12-02.10.17:012][707]LogModuleManager: Shutting down and abandoning module HotReload (89)
[2015.09.12-02.10.17:013][707]LogModuleManager: Shutting down and abandoning module MainFrame (88)
[2015.09.12-02.10.17:013][707]LogModuleManager: Shutting down and abandoning module LevelEditor (87)
[2015.09.12-02.10.17:014][707]LogModuleManager: Shutting down and abandoning module DirectoryWatcher (86)
[2015.09.12-02.10.17:015][707]LogModuleManager: Shutting down and abandoning module AssetRegistry (85)
[2015.09.12-02.10.17:113][707]LogModuleManager: Shutting down and abandoning module ContentBrowser (84)
[2015.09.12-02.10.17:114][707]LogModuleManager: Shutting down and abandoning module Paper2DEditor (83)
[2015.09.12-02.10.17:115][707]LogModuleManager: Shutting down and abandoning module UnrealProject (82)
[2015.09.12-02.10.17:115][707]LogModuleManager: Shutting down and abandoning module UdpMessaging (81)
[2015.09.12-02.10.17:216][707]LogModuleManager: Shutting down and abandoning module LightPropagationVolumeRuntime (80)
[2015.09.12-02.10.17:216][707]LogModuleManager: Shutting down and abandoning module Paper2D (79)
[2015.09.12-02.10.17:217][707]LogModuleManager: Shutting down and abandoning module WindowsMoviePlayer (78)
[2015.09.12-02.10.17:220][707]LogModuleManager: Shutting down and abandoning module Media (77)
[2015.09.12-02.10.17:220][707]LogModuleManager: Shutting down and abandoning module WmfMedia (76)
[2015.09.12-02.10.17:221][707]LogModuleManager: Shutting down and abandoning module OnlineBlueprintSupport (75)
[2015.09.12-02.10.17:221][707]LogModuleManager: Shutting down and abandoning module GameplayTasksEditor (74)
[2015.09.12-02.10.17:221][707]LogModuleManager: Shutting down and abandoning module PropertyEditor (73)
[2015.09.12-02.10.17:222][707]LogModuleManager: Shutting down and abandoning module BehaviorTreeEditor (72)
[2015.09.12-02.10.17:223][707]LogModuleManager: Shutting down and abandoning module FunctionalTesting (71)
[2015.09.12-02.10.17:223][707]LogModuleManager: Shutting down and abandoning module CollisionAnalyzer (70)
[2015.09.12-02.10.17:223][707]LogModuleManager: Shutting down and abandoning module WorkspaceMenuStructure (69)
[2015.09.12-02.10.17:224][707]LogModuleManager: Shutting down and abandoning module MessageLog (68)
[2015.09.12-02.10.17:224][707]LogModuleManager: Shutting down and abandoning module Sequencer (67)
[2015.09.12-02.10.17:224][707]LogModuleManager: Shutting down and abandoning module AssetTools (66)
[2015.09.12-02.10.17:224][707]LogModuleManager: Shutting down and abandoning module UMGEditor (65)
[2015.09.12-02.10.17:225][707]LogModuleManager: Shutting down and abandoning module UMG (64)
[2015.09.12-02.10.17:225][707]LogModuleManager: Shutting down and abandoning module Slate (63)
[2015.09.12-02.10.17:225][707]LogModuleManager: Shutting down and abandoning module EditorStyle (62)
[2015.09.12-02.10.17:228][707]LogModuleManager: Shutting down and abandoning module SessionServices (61)
[2015.09.12-02.10.17:228][707]LogModuleManager: Shutting down and abandoning module SourceCodeAccess (60)
[2015.09.12-02.10.17:229][707]LogModuleManager: Shutting down and abandoning module HeadMountedDisplay (59)
[2015.09.12-02.10.17:229][707]LogModuleManager: Shutting down and abandoning module XAudio2 (58)
[2015.09.12-02.10.17:229][707]LogModuleManager: Shutting down and abandoning module Networking (56)
[2015.09.12-02.10.17:229][707]LogModuleManager: Shutting down and abandoning module Core (55)
[2015.09.12-02.10.17:230][707]LogModuleManager: Shutting down and abandoning module KismetCompiler (54)
[2015.09.12-02.10.17:230][707]LogModuleManager: Shutting down and abandoning module PhysXFormats (53)
[2015.09.12-02.10.17:230][707]LogModuleManager: Shutting down and abandoning module MeshUtilities (52)
[2015.09.12-02.10.17:230][707]LogModuleManager: Shutting down and abandoning module CookingStats (51)
[2015.09.12-02.10.17:232][707]LogModuleManager: Shutting down and abandoning module DerivedDataCache (50)
[2015.09.12-02.10.17:303][707]LogDerivedDataCache: Shutdown
[2015.09.12-02.10.17:303][707]LogModuleManager: Shutting down and abandoning module ShaderFormatOpenGL (49)
[2015.09.12-02.10.17:304][707]LogModuleManager: Shutting down and abandoning module ShaderFormatD3D (48)
[2015.09.12-02.10.17:304][707]LogModuleManager: Shutting down and abandoning module MetalShaderFormat (47)
[2015.09.12-02.10.17:304][707]LogModuleManager: Shutting down and abandoning module TextureFormatUncompressed (46)
[2015.09.12-02.10.17:305][707]LogModuleManager: Shutting down and abandoning module TextureFormatPVR (45)
[2015.09.12-02.10.17:305][707]LogModuleManager: Shutting down and abandoning module TextureFormatIntelISPCTexComp (44)
[2015.09.12-02.10.17:306][707]LogModuleManager: Shutting down and abandoning module TextureFormatDXT (43)
[2015.09.12-02.10.17:306][707]LogModuleManager: Shutting down and abandoning module ImageWrapper (42)
[2015.09.12-02.10.17:306][707]LogModuleManager: Shutting down and abandoning module TextureFormatASTC (41)
[2015.09.12-02.10.17:307][707]LogModuleManager: Shutting down and abandoning module AudioFormatOpus (40)
[2015.09.12-02.10.17:307][707]LogModuleManager: Shutting down and abandoning module AudioFormatOgg (39)
[2015.09.12-02.10.17:307][707]LogModuleManager: Shutting down and abandoning module AudioFormatADPCM (38)
[2015.09.12-02.10.17:308][707]LogModuleManager: Shutting down and abandoning module Messaging (37)
[2015.09.12-02.10.17:308][707]LogModuleManager: Shutting down and abandoning module IOSTargetPlatform (36)
[2015.09.12-02.10.17:308][707]LogModuleManager: Shutting down and abandoning module HTML5TargetPlatform (35)
[2015.09.12-02.10.17:308][707]LogModuleManager: Shutting down and abandoning module Android_PVRTCTargetPlatform (34)
[2015.09.12-02.10.17:309][707]LogModuleManager: Shutting down and abandoning module Android_ETC2TargetPlatform (33)
[2015.09.12-02.10.17:309][707]LogModuleManager: Shutting down and abandoning module Android_ETC1TargetPlatform (32)
[2015.09.12-02.10.17:309][707]LogModuleManager: Shutting down and abandoning module Android_DXTTargetPlatform (31)
[2015.09.12-02.10.17:310][707]LogModuleManager: Shutting down and abandoning module Android_ATCTargetPlatform (30)
[2015.09.12-02.10.17:310][707]LogModuleManager: Shutting down and abandoning module Android_ASTCTargetPlatform (29)
[2015.09.12-02.10.17:310][707]LogModuleManager: Shutting down and abandoning module AndroidTargetPlatform (28)
[2015.09.12-02.10.17:310][707]LogModuleManager: Shutting down and abandoning module WindowsTargetPlatform (27)
[2015.09.12-02.10.17:311][707]LogModuleManager: Shutting down and abandoning module WindowsServerTargetPlatform (26)
[2015.09.12-02.10.17:311][707]LogModuleManager: Shutting down and abandoning module WindowsNoEditorTargetPlatform (25)
[2015.09.12-02.10.17:311][707]LogModuleManager: Shutting down and abandoning module WindowsClientTargetPlatform (24)
[2015.09.12-02.10.17:311][707]LogModuleManager: Shutting down and abandoning module AllDesktopTargetPlatform (23)
[2015.09.12-02.10.17:312][707]LogModuleManager: Shutting down and abandoning module TargetPlatform (22)
[2015.09.12-02.10.17:312][707]LogModuleManager: Shutting down and abandoning module InputCore (21)
[2015.09.12-02.10.17:312][707]LogModuleManager: Shutting down and abandoning module Settings (20)
[2015.09.12-02.10.17:312][707]LogModuleManager: Shutting down and abandoning module OnlineSubsystem (18)
[2015.09.12-02.10.17:313][707]LogModuleManager: Shutting down and abandoning module HTTP (17)
[2015.09.12-02.10.18:314][707]LogModuleManager: Shutting down and abandoning module VaOceanPlugin (16)
[2015.09.12-02.10.18:315][707]LogModuleManager: Shutting down and abandoning module ExampleDeviceProfileSelector (15)
[2015.09.12-02.10.18:316][707]LogModuleManager: Shutting down and abandoning module TextureCompressor (14)
[2015.09.12-02.10.18:317][707]LogModuleManager: Shutting down and abandoning module ShaderCore (13)
[2015.09.12-02.10.18:318][707]LogModuleManager: Shutting down and abandoning module Landscape (12)
[2015.09.12-02.10.18:318][707]LogModuleManager: Shutting down and abandoning module SlateRHIRenderer (11)
[2015.09.12-02.10.18:321][707]LogModuleManager: Shutting down and abandoning module OpenGLDrv (10)
[2015.09.12-02.10.18:322][707]LogModuleManager: Shutting down and abandoning module D3D11RHI (9)
[2015.09.12-02.10.18:323][707]LogModuleManager: Shutting down and abandoning module AnimGraphRuntime (8)
[2015.09.12-02.10.18:323][707]LogModuleManager: Shutting down and abandoning module Renderer (7)
[2015.09.12-02.10.18:324][707]LogModuleManager: Shutting down and abandoning module Engine (6)
[2015.09.12-02.10.18:325][707]LogModuleManager: Shutting down and abandoning module CoreUObject (5)
[2015.09.12-02.10.18:325][707]LogModuleManager: Shutting down and abandoning module NetworkFile (4)
[2015.09.12-02.10.18:326][707]LogModuleManager: Shutting down and abandoning module StreamingFile (3)
[2015.09.12-02.10.18:327][707]LogModuleManager: Shutting down and abandoning module SandboxFile (2)
[2015.09.12-02.10.18:327][707]LogModuleManager: Shutting down and abandoning module PakFile (1)
[2015.09.12-02.10.18:336][707]LogExit: Exiting.
[2015.09.12-02.10.18:371][707]Log file closed, 09/11/15 22:10:18
