[2015.09.12-13.45.09:707][  0]Log file open, 09/12/15 09:45:09
[2015.09.12-13.45.09:707][  0]LogInit:Display: Running engine for game: UnrealProject
[2015.09.12-13.45.09:731][  0]LogInit:Display: RandInit(1711505152) SRandInit(1711505153).
[2015.09.12-13.45.09:731][  0]LogTaskGraph: Started task graph with 4 named threads and 7 total threads.
[2015.09.12-13.45.09:731][  0]LogStats: Stats thread started at 2.118238
[2015.09.12-13.45.09:735][  0]LogInit: Version: 4.9.0-0+++depot+UE4-Releases+4.9
[2015.09.12-13.45.09:735][  0]LogInit: API Version: 0
[2015.09.12-13.45.09:735][  0]LogInit: Compiled (64-bit): Sep 11 2015 20:07:13
[2015.09.12-13.45.09:735][  0]LogInit: Compiled with Visual C++: 18.00.21005.01
[2015.09.12-13.45.09:739][  0]LogInit: Build Configuration: Development
[2015.09.12-13.45.09:739][  0]LogInit: Branch Name: ++depot+UE4-Releases+4.9
[2015.09.12-13.45.09:739][  0]LogInit: Command line: 
[2015.09.12-13.45.09:739][  0]LogInit: Base directory: C:/Program Files/Epic Games/UnrealEngine/Engine/Binaries/Win64/
[2015.09.12-13.45.09:743][  0]LogInit: Rocket: 0
[2015.09.12-13.45.09:815][  0]LogInit: Using libcurl 7.41.0
[2015.09.12-13.45.09:815][  0]LogInit:  - built for x86_64-pc-win32
[2015.09.12-13.45.09:815][  0]LogInit:  - supports SSL with WinSSL
[2015.09.12-13.45.09:815][  0]LogInit:  - other features:
[2015.09.12-13.45.09:815][  0]LogInit:      CURL_VERSION_SSL
[2015.09.12-13.45.09:819][  0]LogInit:      CURL_VERSION_IPV6
[2015.09.12-13.45.09:819][  0]LogInit:      CURL_VERSION_ASYNCHDNS
[2015.09.12-13.45.09:819][  0]LogInit:      CURL_VERSION_LARGEFILE
[2015.09.12-13.45.09:819][  0]LogInit:      CURL_VERSION_IDN
[2015.09.12-13.45.09:819][  0]LogInit:  CurlRequestOptions (configurable via config and command line):
[2015.09.12-13.45.09:819][  0]LogInit:  - bVerifyPeer = true  - Libcurl will verify peer certificate
[2015.09.12-13.45.09:819][  0]LogInit:  - bUseHttpProxy = false  - Libcurl will NOT use HTTP proxy
[2015.09.12-13.45.09:819][  0]LogInit:  - bDontReuseConnections = false  - Libcurl will reuse connections
[2015.09.12-13.45.09:819][  0]LogInit:  - CertBundlePath = nullptr  - Libcurl will use whatever was configured at build time.
[2015.09.12-13.45.11:703][  0]LogInit: Presizing for 0 objects not considered by GC, pre-allocating 0 bytes.
[2015.09.12-13.45.11:731][  0]LogInit: Object subsystem initialized
[2015.09.12-13.45.11:735][  0]LogInit: Selected Device Profile: [Windows]
[2015.09.12-13.45.11:735][  0]LogInit: Applying CVar settings loaded from the selected device profile: [Windows]
[2015.09.12-13.45.11:767][  0]LogInit: Computer: EXAYDX
[2015.09.12-13.45.11:767][  0]LogInit: User: Myriam
[2015.09.12-13.45.11:768][  0]LogInit: CPU Page size=4096, Cores=4
[2015.09.12-13.45.11:769][  0]LogInit: High frequency timer resolution =2.143486 MHz
[2015.09.12-13.45.11:769][  0]LogMemory: Memory total: Physical=15.9GB (16GB approx)
[2015.09.12-13.45.11:770][  0]LogMemory: Platform Memory Stats for Windows
[2015.09.12-13.45.11:771][  0]LogMemory: Process Physical Memory: 52.34 MB used, 52.34 MB peak
[2015.09.12-13.45.11:771][  0]LogMemory: Process Virtual Memory: 58.18 MB used, 58.18 MB peak
[2015.09.12-13.45.11:772][  0]LogMemory: Physical Memory: 8982.10 MB used, 16287.06 MB total
[2015.09.12-13.45.11:773][  0]LogMemory: Virtual Memory: 358.51 MB used, 134217728.00 MB total
[2015.09.12-13.45.15:535][  0]LogTextLocalizationManager: No specific translations for ('en-CA') exist, so ('en') translations will be used.
[2015.09.12-13.45.20:378][  0]LogD3D11RHI: Found D3D11 adapter 0: NVIDIA GeForce GT 750M      (Feature Level 11_0)
[2015.09.12-13.45.20:378][  0]LogD3D11RHI: Adapter has 1988MB of dedicated video memory, 0MB of dedicated system memory, and 2048MB of shared system memory, 1 output[s]
[2015.09.12-13.45.20:407][  0]LogD3D11RHI: Found D3D11 adapter 1: Intel(R) HD Graphics 4600 (Feature Level 11_0)
[2015.09.12-13.45.20:407][  0]LogD3D11RHI: Adapter has 0MB of dedicated video memory, 0MB of dedicated system memory, and 1792MB of shared system memory, 0 output[s]
[2015.09.12-13.45.20:449][  0]LogD3D11RHI: Found D3D11 adapter 2: Microsoft Basic Render Driver (Feature Level 11_0)
[2015.09.12-13.45.20:450][  0]LogD3D11RHI: Adapter has 0MB of dedicated video memory, 0MB of dedicated system memory, and 256MB of shared system memory, 0 output[s]
[2015.09.12-13.45.20:451][  0]LogD3D11RHI: Chosen D3D11 Adapter Id = 0
[2015.09.12-13.45.20:469][  0]LogD3D11RHI: !Direct3DDevice
[2015.09.12-13.45.20:471][  0]LogRHI: Texture pool is 1361 MB (70% of 1945 MB)
[2015.09.12-13.45.20:558][  0]LogD3D11RHI: Async texture creation enabled
[2015.09.12-13.45.20:576][  0]LogShaderCompilers: Guid format shader working directory is 14 characters bigger than the processId version (../../../../../../Users/Myriam/Documents/Unreal Projects/UnrealProject/Intermediate/Shaders/WorkingDirectory/13160/).
[2015.09.12-13.45.20:576][  0]LogShaderCompilers: Cleaned the shader compiler working directory '../../../../../../Users/Myriam/Documents/Unreal Projects/UnrealProject/Intermediate/Shaders/tmp/32C57FB14F69F07A5BA31AB74CE5F204/'.
[2015.09.12-13.45.20:577][  0]LogShaderCompilers:Display: Using Local Shader Compiler.
[2015.09.12-13.45.24:423][  0]LogTemp:Display: Loaded TP AllDesktopTargetPlatform
[2015.09.12-13.45.24:865][  0]LogTemp:Display: Loaded TP WindowsClientTargetPlatform
[2015.09.12-13.45.25:409][  0]LogTemp:Display: Loaded TP WindowsNoEditorTargetPlatform
[2015.09.12-13.45.25:952][  0]LogTemp:Display: Loaded TP WindowsServerTargetPlatform
[2015.09.12-13.45.26:437][  0]LogTemp:Display: Loaded TP WindowsTargetPlatform
[2015.09.12-13.45.27:293][  0]LogTemp:Display: Loaded TP AndroidTargetPlatform
[2015.09.12-13.45.28:265][  0]LogTemp:Display: Loaded TP Android_ASTCTargetPlatform
[2015.09.12-13.45.28:997][  0]LogTemp:Display: Loaded TP Android_ATCTargetPlatform
[2015.09.12-13.45.29:617][  0]LogTemp:Display: Loaded TP Android_DXTTargetPlatform
[2015.09.12-13.45.30:213][  0]LogTemp:Display: Loaded TP Android_ETC1TargetPlatform
[2015.09.12-13.45.31:018][  0]LogTemp:Display: Loaded TP Android_ETC2TargetPlatform
[2015.09.12-13.45.31:718][  0]LogTemp:Display: Loaded TP Android_PVRTCTargetPlatform
[2015.09.12-13.45.32:208][  0]LogTemp:Display: Loaded TP HTML5TargetPlatform
[2015.09.12-13.45.34:325][  0]LogTemp:Display: Loaded TP IOSTargetPlatform
[2015.09.12-13.45.34:326][  0]LogTargetPlatformManager:Display: Building Assets For Windows
[2015.09.12-13.45.44:361][  0]LogDerivedDataCache:Display: Max Cache Size: 512 MB
[2015.09.12-13.45.51:809][  0]LogDerivedDataCache: Loaded boot cache 7.44s 41MB ../../../../../../Users/Myriam/Documents/Unreal Projects/UnrealProject/DerivedDataCache/Boot.ddc.
[2015.09.12-13.45.51:809][  0]LogDerivedDataCache:Display: Loaded Boot cache: ../../../../../../Users/Myriam/Documents/Unreal Projects/UnrealProject/DerivedDataCache/Boot.ddc
[2015.09.12-13.45.51:810][  0]LogDerivedDataCache: FDerivedDataBackendGraph:  Pak pak cache file ../../../../../../Users/Myriam/Documents/Unreal Projects/UnrealProject/DerivedDataCache/DDC.ddp not found, will not use a pak cache.
[2015.09.12-13.45.51:810][  0]LogDerivedDataCache: Unable to find inner node Pak for hierarchical cache Hierarchy.
[2015.09.12-13.45.51:811][  0]LogDerivedDataCache: FDerivedDataBackendGraph:  EnginePak pak cache file ../../../Engine/DerivedDataCache/DDC.ddp not found, will not use a pak cache.
[2015.09.12-13.45.51:811][  0]LogDerivedDataCache: Unable to find inner node EnginePak for hierarchical cache Hierarchy.
[2015.09.12-13.45.51:824][  0]LogDerivedDataCache: Using Local data cache path ../../../Engine/DerivedDataCache: Writable
[2015.09.12-13.45.51:824][  0]LogDerivedDataCache: Shared data cache path not found in *engine.ini, will not use an Shared cache.
[2015.09.12-13.45.51:825][  0]LogDerivedDataCache: Unable to find inner node Shared for hierarchical cache Hierarchy.
[2015.09.12-13.47.09:588][  0]LogInit: Selected Device Profile: [Windows]
[2015.09.12-13.47.10:579][  0]LogContentStreaming: Texture pool size is 0.000000MB
[2015.09.12-13.47.23:575][  0]LogMeshUtilities: No automatic mesh reduction module available
[2015.09.12-13.47.23:576][  0]LogMeshUtilities: No automatic mesh merging module available
[2015.09.12-13.47.49:423][  0]LogInit: WinSock: version 1.1 (2.2), MaxSocks=32767, MaxUdp=65467
[2015.09.12-13.50.11:857][  0]UdpMessaging: Initializing bridge on interface 0.0.0.0:0 to multicast group 230.0.0.1:6666.
[2015.09.12-13.50.21:725][  0]LogAssetRegistry: FAssetRegistry took 0.0168 seconds to start up
[2015.09.12-13.50.43:057][  0]SourceControl: Info Source control is disabled
[2015.09.12-13.50.43:080][  0]SourceControl: Info Source control is disabled
[2015.09.12-13.50.44:335][  0]SourceControl: Info Source control is disabled
[2015.09.12-13.50.45:653][  0]SourceControl: Info Source control is disabled
[2015.09.12-13.51.08:460][  0]LogObj: 28439 objects as part of root set at end of initial load.
[2015.09.12-13.51.08:461][  0]LogUObjectAllocator: 6059376 out of 0 bytes used by permanent object pool.
[2015.09.12-13.51.16:161][  0]LogAutomationTest:Warning: Smoke tests took > 1s to run: 3.64s
[2015.09.12-13.51.16:520][  0]LogEngine: Initializing Engine...
[2015.09.12-13.51.16:870][  0]LogHMD: Can't find Oculus library dev build: is proper Runtime installed? Version: 0.6.0.0
[2015.09.12-13.51.17:050][  0]LogHMD: SteamVR failed to initialize.  Err: 110
[2015.09.12-13.51.24:891][  0]LogAIModule: Creating AISystem for world NewWorld
[2015.09.12-13.51.26:458][  0]LogInit: XAudio2 using 'Speakers (Realtek High Definition Audio)' : 2 channels at 48 kHz using 16 bits per sample (channel mask 0x3)
[2015.09.12-13.51.27:165][  0]LogInit: FAudioDevice initialized.
[2015.09.12-13.51.27:302][  0]LogDerivedDataCache: Saved boot cache 0.06s 41MB ../../../../../../Users/Myriam/Documents/Unreal Projects/UnrealProject/DerivedDataCache/Boot.ddc.
[2015.09.12-13.51.27:360][  0]LogInit: Texture streaming: Enabled
[2015.09.12-13.51.29:570][  0]LogAnalytics: Creating configured Analytics provider AnalyticsET
[2015.09.12-13.51.29:731][  0]LogAnalytics: [UEEditor.UnrealEngine.Release] APIServer = http://etsource.epicgames.com/ET2/. AppVersion = 4.9.0-0+++depot+UE4-Releases+4.9
[2015.09.12-13.51.29:733][  0]LogAnalytics: [UEEditor.UnrealEngine.Release] SetUserId b937c8bb44ffd6bca5db4cb087d12289|ae6541680da5494ea73e1894fa969d0a|ef05c746-df3b-4785-b67c-17687807354f
[2015.09.12-13.51.29:810][  0]LogAnalytics: [UEEditor.UnrealEngine.Release] AnalyticsET::StartSession
[2015.09.12-13.51.31:950][  0]LogInit: Transaction tracking system initialized
[2015.09.12-13.51.38:875][  0]BlueprintLog: New page: Editor Load
[2015.09.12-13.52.05:655][  0]LocalizationService: Info Localization service is disabled
[2015.09.12-13.52.20:277][  0]LogConsoleResponse:Display: 
[2015.09.12-13.52.27:894][  0]LogFileCache: Scanning file cache for directory 'C:/Users/Myriam/Documents/Unreal Projects/UnrealProject/Content/' took 0.02s
[2015.09.12-13.52.27:894][  0]LogCook:Display: Done creating registry. It took  0.00s.
[2015.09.12-13.52.40:104][  0]SourceControl: Info Source control is disabled
[2015.09.12-13.52.40:301][  0]Cmd: MAP LOAD FILE="../../../../../../Users/Myriam/Documents/Unreal Projects/UnrealProject/Content/StarterContent/Maps/Minimal_Default.umap" TEMPLATE=0 SHOWPROGRESS=1 FEATURELEVEL=3
[2015.09.12-13.52.40:589][  0]LightingResults: New page: Lighting Build
[2015.09.12-13.52.41:289][  0]MapCheck: New page: Map Check
[2015.09.12-13.52.41:290][  0]LightingResults: New page: Lighting Build
[2015.09.12-13.52.42:676][  0]LogParticles: Destroying 0 GPU particle simulations for FXSystem 0x000000C5307D5620
[2015.09.12-13.52.50:954][  0]LogAIModule: Creating AISystem for world Minimal_Default
[2015.09.12-13.52.53:242][  0]LogEditorServer: Finished looking for orphan Actors (0.000 secs)
[2015.09.12-13.52.53:375][  0]Cmd: MAP CHECKDEP NOCLEARLOG
[2015.09.12-13.52.53:534][  0]MapCheck: Info Map check complete: 0 Error(s), 0 Warning(s), took 157.307ms to complete.
[2015.09.12-13.52.53:584][  0]LogFileHelpers: Loading map 'Minimal_Default' took 13.340
[2015.09.12-13.53.01:376][  0]LogCollectionManager: Load