[2015.09.13-20.41.52:892][  0]Log file open, 09/13/15 16:41:52
[2015.09.13-20.41.52:892][  0]LogModuleManager:Warning: ModuleManager: Module 'HTTPChunkInstaller' not found - its StaticallyLinkedModuleInitializers function is null.
[2015.09.13-20.41.52:893][  0]LogInit:Display: RandInit(1959890992) SRandInit(1959890999).
[2015.09.13-20.41.52:893][  0]LogTaskGraph: Started task graph with 4 named threads and 7 total threads.
[2015.09.13-20.41.52:893][  0]LogStats: Stats thread started at 0.196708
[2015.09.13-20.41.52:893][  0]LogInit: Version: 4.9.0-0+++depot+UE4-Releases+4.9
[2015.09.13-20.41.52:893][  0]LogInit: API Version: 0
[2015.09.13-20.41.52:893][  0]LogInit: Compiled (32-bit): Sep 13 2015 14:52:27
[2015.09.13-20.41.52:894][  0]LogInit: Compiled with Visual C++: 18.00.21005.01
[2015.09.13-20.41.52:894][  0]LogInit: Build Configuration: Debug
[2015.09.13-20.41.52:894][  0]LogInit: Branch Name: ++depot+UE4-Releases+4.9
[2015.09.13-20.41.52:894][  0]LogInit: Command line: 
[2015.09.13-20.41.52:894][  0]LogInit: Base directory: C:/Users/Myriam/Documents/Universite/S-A15/FinalProject-master/UnrealProject/Binaries/Win32/
[2015.09.13-20.41.52:894][  0]LogInit: Rocket: 0
[2015.09.13-20.41.52:901][  0]LogInit: Using libcurl 7.41.0
[2015.09.13-20.41.52:902][  0]LogInit:  - built for i386-pc-win32
[2015.09.13-20.41.52:902][  0]LogInit:  - supports SSL with WinSSL
[2015.09.13-20.41.52:902][  0]LogInit:  - other features:
[2015.09.13-20.41.52:902][  0]LogInit:      CURL_VERSION_SSL
[2015.09.13-20.41.52:902][  0]LogInit:      CURL_VERSION_IPV6
[2015.09.13-20.41.52:902][  0]LogInit:      CURL_VERSION_ASYNCHDNS
[2015.09.13-20.41.52:903][  0]LogInit:      CURL_VERSION_LARGEFILE
[2015.09.13-20.41.52:903][  0]LogInit:      CURL_VERSION_IDN
[2015.09.13-20.41.52:903][  0]LogInit:  CurlRequestOptions (configurable via config and command line):
[2015.09.13-20.41.52:903][  0]LogInit:  - bVerifyPeer = true  - Libcurl will verify peer certificate
[2015.09.13-20.41.52:904][  0]LogInit:  - bUseHttpProxy = false  - Libcurl will NOT use HTTP proxy
[2015.09.13-20.41.52:904][  0]LogInit:  - bDontReuseConnections = false  - Libcurl will reuse connections
[2015.09.13-20.41.52:904][  0]LogInit:  - CertBundlePath = nullptr  - Libcurl will use whatever was configured at build time.
[2015.09.13-20.41.52:909][  0]LogInit: Presizing for 0 objects not considered by GC, pre-allocating 0 bytes.
[2015.09.13-20.41.52:928][  0]LogInit: Object subsystem initialized
[2015.09.13-20.41.52:938][  0]LogInit: Selected Device Profile: [WindowsNoEditor]
[2015.09.13-20.41.52:938][  0]LogInit: Applying CVar settings loaded from the selected device profile: [WindowsNoEditor]
[2015.09.13-20.41.52:965][  0]LogInit: Computer: EXAYDX
[2015.09.13-20.41.52:965][  0]LogInit: User: Myriam
[2015.09.13-20.41.52:965][  0]LogInit: CPU Page size=4096, Cores=4
[2015.09.13-20.41.52:966][  0]LogInit: High frequency timer resolution =2.143479 MHz
[2015.09.13-20.41.52:966][  0]LogMemory: Memory total: Physical=3.9GB (0GB approx) Virtual=4.0GB
[2015.09.13-20.41.52:966][  0]LogMemory: Platform Memory Stats for WindowsNoEditor
[2015.09.13-20.41.52:966][  0]LogMemory: Process Physical Memory: 33.42 MB used, 33.42 MB peak
[2015.09.13-20.41.52:966][  0]LogMemory: Process Virtual Memory: 50.23 MB used, 50.23 MB peak
[2015.09.13-20.41.52:967][  0]LogMemory: Physical Memory: 3365.44 MB used, 3999.06 MB total
[2015.09.13-20.41.52:967][  0]LogMemory: Virtual Memory: 263.21 MB used, 4095.88 MB total
[2015.09.13-20.41.54:498][  0]LogPhysics:Warning: PHYSX: ..\..\module\clothing\src\ModuleClothing.cpp (386) 2 : physx::apex::clothing::ModuleClothing::ModuleClothing: Failed to load the GPU dll 'APEX_ClothingGPUPROFILE_x86.dll'
[2015.09.13-20.41.54:499][  0]LogTextLocalizationManager: No translations for ('en-CA') exist, falling back to 'en' for localization and internationalization data.
[2015.09.13-20.41.55:310][  0]LogD3D11RHI: Found D3D11 adapter 0: NVIDIA GeForce GT 750M      (Feature Level 11_0)
[2015.09.13-20.41.55:310][  0]LogD3D11RHI: Adapter has 1988MB of dedicated video memory, 0MB of dedicated system memory, and 2048MB of shared system memory, 1 output[s]
[2015.09.13-20.41.55:327][  0]LogD3D11RHI: Found D3D11 adapter 1: Intel(R) HD Graphics 4600 (Feature Level 11_0)
[2015.09.13-20.41.55:328][  0]LogD3D11RHI: Adapter has 0MB of dedicated video memory, 0MB of dedicated system memory, and 1792MB of shared system memory, 0 output[s]
[2015.09.13-20.41.55:339][  0]LogD3D11RHI: Found D3D11 adapter 2: Microsoft Basic Render Driver (Feature Level 11_0)
[2015.09.13-20.41.55:339][  0]LogD3D11RHI: Adapter has 0MB of dedicated video memory, 0MB of dedicated system memory, and 256MB of shared system memory, 0 output[s]
[2015.09.13-20.41.55:339][  0]LogD3D11RHI: Chosen D3D11 Adapter Id = 0
[2015.09.13-20.41.55:349][  0]LogD3D11RHI: !Direct3DDevice
[2015.09.13-20.41.55:349][  0]LogRHI: Texture pool is 716 MB (70% of 1024 MB)
[2015.09.13-20.41.55:395][  0]LogD3D11RHI: Async texture creation enabled
[2015.09.13-20.41.55:413][  0]LogMaterial:Error: The global shader cache file 'C:/Program Files/Epic Games/UnrealEngine/Engine/GlobalShaderCache-PCD3D_SM5.bin' is missing.

Your application is built to load COOKED content. No COOKED content was found; This usually means you did not cook content for this build.
It also may indicate missing cooked data for a shader platform(e.g., OpenGL under Windows): Make sure your platform's packaging settings include this Targeted RHI.

Alternatively build and run the UNCOOKED version instead.
[2015.09.13-20.42.37:754][  0]LogWindowsTextInputMethodSystem:Display: IME system now deactivated.
[2015.09.13-20.42.37:754][  0]LogWindowsTextInputMethodSystem:Display: IME system now deactivated.
[2015.09.13-20.42.37:755][  0]LogWindowsTextInputMethodSystem:Display: IME system now deactivated.
[2015.09.13-20.42.37:756][  0]LogWindowsTextInputMethodSystem:Display: IME system now deactivated.
[2015.09.13-20.42.37:757][  0]LogWindows: FPlatformMisc::RequestExit(0)
